[2016.04.14-09.45.45:901][  0]Log file open, 04/14/16 10:45:45
[2016.04.14-09.45.45:901][  0]LogInit:Display: Running engine for game: Motores_de_Jogos_II
[2016.04.14-09.45.45:901][  0]LogPlatformFile: Not using cached read wrapper
[2016.04.14-09.45.45:901][  0]LogInit:Display: RandInit(293879152) SRandInit(293879153).
[2016.04.14-09.45.45:901][  0]LogTaskGraph: Started task graph with 4 named threads and 7 total threads.
[2016.04.14-09.45.45:901][  0]LogStats: Stats thread started at 0.070429
[2016.04.14-09.45.45:901][  0]LogInit: Version: 4.10.4-2872498+++depot+UE4-Releases+4.10
[2016.04.14-09.45.45:901][  0]LogInit: API Version: 2758231
[2016.04.14-09.45.45:901][  0]LogInit: Compiled (64-bit): Feb 18 2016 15:47:04
[2016.04.14-09.45.45:901][  0]LogInit: Compiled with Visual C++: 19.00.23026.00
[2016.04.14-09.45.45:901][  0]LogInit: Build Configuration: Development
[2016.04.14-09.45.45:901][  0]LogInit: Branch Name: ++depot+UE4-Releases+4.10
[2016.04.14-09.45.45:901][  0]LogInit: Command line: -EpicPortal 
[2016.04.14-09.45.45:901][  0]LogInit: Base directory: C:/Program Files (x86)/Epic Games/4.10/Engine/Binaries/Win64/
[2016.04.14-09.45.45:901][  0]LogInit: Rocket: 1
[2016.04.14-09.45.45:906][  0]LogInit: Using libcurl 7.41.0
[2016.04.14-09.45.45:906][  0]LogInit:  - built for x86_64-pc-win32
[2016.04.14-09.45.45:906][  0]LogInit:  - supports SSL with WinSSL
[2016.04.14-09.45.45:906][  0]LogInit:  - other features:
[2016.04.14-09.45.45:906][  0]LogInit:      CURL_VERSION_SSL
[2016.04.14-09.45.45:906][  0]LogInit:      CURL_VERSION_IPV6
[2016.04.14-09.45.45:906][  0]LogInit:      CURL_VERSION_ASYNCHDNS
[2016.04.14-09.45.45:906][  0]LogInit:      CURL_VERSION_LARGEFILE
[2016.04.14-09.45.45:906][  0]LogInit:      CURL_VERSION_IDN
[2016.04.14-09.45.45:906][  0]LogInit:  CurlRequestOptions (configurable via config and command line):
[2016.04.14-09.45.45:906][  0]LogInit:  - bVerifyPeer = true  - Libcurl will verify peer certificate
[2016.04.14-09.45.45:906][  0]LogInit:  - bUseHttpProxy = false  - Libcurl will NOT use HTTP proxy
[2016.04.14-09.45.45:906][  0]LogInit:  - bDontReuseConnections = false  - Libcurl will reuse connections
[2016.04.14-09.45.45:906][  0]LogInit:  - CertBundlePath = nullptr  - Libcurl will use whatever was configured at build time.
[2016.04.14-09.45.45:910][  0]LogInit: Presizing for 0 objects not considered by GC, pre-allocating 0 bytes.
[2016.04.14-09.45.45:916][  0]LogInit: Object subsystem initialized
[2016.04.14-09.45.45:916][  0]LogInit: Selected Device Profile: [Windows]
[2016.04.14-09.45.45:916][  0]LogInit: Applying CVar settings loaded from the selected device profile: [Windows]
[2016.04.14-09.45.45:924][  0]LogInit: Computer: MARCELO
[2016.04.14-09.45.45:924][  0]LogInit: User: Marcelo
[2016.04.14-09.45.45:924][  0]LogInit: CPU Page size=4096, Cores=4
[2016.04.14-09.45.45:924][  0]LogInit: High frequency timer resolution =2.338344 MHz
[2016.04.14-09.45.45:924][  0]LogMemory: Memory total: Physical=15.9GB (16GB approx)
[2016.04.14-09.45.45:924][  0]LogMemory: Platform Memory Stats for Windows
[2016.04.14-09.45.45:924][  0]LogMemory: Process Physical Memory: 56.15 MB used, 56.15 MB peak
[2016.04.14-09.45.45:924][  0]LogMemory: Process Virtual Memory: 58.84 MB used, 58.84 MB peak
[2016.04.14-09.45.45:924][  0]LogMemory: Physical Memory: 3590.73 MB used, 16294.87 MB total
[2016.04.14-09.45.45:924][  0]LogMemory: Virtual Memory: 385.61 MB used, 134217728.00 MB total
[2016.04.14-09.45.45:957][  0]LogTextLocalizationManager: No translations for ('pt-PT') exist, falling back to 'en' for localization and internationalization data.
[2016.04.14-09.45.46:361][  0]LogD3D11RHI: Found D3D11 adapter 0: Intel(R) HD Graphics 4600 (Feature Level 11_0)
[2016.04.14-09.45.46:361][  0]LogD3D11RHI: Adapter has 112MB of dedicated video memory, 0MB of dedicated system memory, and 8147MB of shared system memory, 1 output[s]
[2016.04.14-09.45.46:370][  0]LogD3D11RHI: Found D3D11 adapter 1: AMD Radeon R9 M200X Series (Feature Level 11_0)
[2016.04.14-09.45.46:370][  0]LogD3D11RHI: Adapter has 2030MB of dedicated video memory, 0MB of dedicated system memory, and 8147MB of shared system memory, 0 output[s]
[2016.04.14-09.45.46:371][  0]LogD3D11RHI: Found D3D11 adapter 2: Microsoft Basic Render Driver (Feature Level 11_0)
[2016.04.14-09.45.46:371][  0]LogD3D11RHI: Adapter has 0MB of dedicated video memory, 0MB of dedicated system memory, and 8147MB of shared system memory, 0 output[s]
[2016.04.14-09.45.46:371][  0]LogD3D11RHI: Chosen D3D11 Adapter Id = 0
[2016.04.14-09.45.46:375][  0]LogD3D11RHI: !Direct3DDevice
[2016.04.14-09.45.46:375][  0]LogRHI: Texture pool is 1361 MB (70% of 1945 MB)
[2016.04.14-09.45.46:379][  0]LogD3D11RHI: Async texture creation enabled
[2016.04.14-09.45.46:383][  0]LogShaderCompilers: Guid format shader working directory is -29 characters bigger than the processId version (../../../../../../Users/Marcelo/Documents/Unreal Projects/Motores_de_Jogos_II/Intermediate/Shaders/WorkingDirectory/2580/).
[2016.04.14-09.45.46:383][  0]LogShaderCompilers: Cleaned the shader compiler working directory 'C:/Users/Marcelo/AppData/Local/Temp/UnrealShaderWorkingDir/4DF505D44058AB58C0C0D6BD41C23F0C/'.
[2016.04.14-09.45.46:383][  0]LogShaderCompilers:Display: Using Local Shader Compiler.
[2016.04.14-09.45.47:715][  0]LogTemp:Display: Loaded TP AllDesktopTargetPlatform
[2016.04.14-09.45.47:718][  0]LogTemp:Display: Loaded TP WindowsClientTargetPlatform
[2016.04.14-09.45.47:722][  0]LogTemp:Display: Loaded TP WindowsNoEditorTargetPlatform
[2016.04.14-09.45.47:725][  0]LogTemp:Display: Loaded TP WindowsServerTargetPlatform
[2016.04.14-09.45.47:728][  0]LogTemp:Display: Loaded TP WindowsTargetPlatform
[2016.04.14-09.45.47:731][  0]LogTemp:Display: Loaded TP AndroidTargetPlatform
[2016.04.14-09.45.47:733][  0]LogTemp:Display: Loaded TP Android_ASTCTargetPlatform
[2016.04.14-09.45.47:736][  0]LogTemp:Display: Loaded TP Android_ATCTargetPlatform
[2016.04.14-09.45.47:738][  0]LogTemp:Display: Loaded TP Android_DXTTargetPlatform
[2016.04.14-09.45.47:741][  0]LogTemp:Display: Loaded TP Android_ETC1TargetPlatform
[2016.04.14-09.45.47:743][  0]LogTemp:Display: Loaded TP Android_ETC2TargetPlatform
[2016.04.14-09.45.47:749][  0]LogTemp:Display: Loaded TP Android_MultiTargetPlatform
[2016.04.14-09.45.47:749][  0]LogTemp:Display: Loaded TP Android_PVRTCTargetPlatform
[2016.04.14-09.45.47:750][  0]LogTemp:Display: Loaded TP HTML5TargetPlatform
[2016.04.14-09.45.47:765][  0]LogTemp:Display: Loaded TP IOSTargetPlatform
[2016.04.14-09.45.47:768][  0]LogTemp:Display: Loaded TP LinuxNoEditorTargetPlatform
[2016.04.14-09.45.47:770][  0]LogTemp:Display: Loaded TP LinuxServerTargetPlatform
[2016.04.14-09.45.47:773][  0]LogTemp:Display: Loaded TP LinuxTargetPlatform
[2016.04.14-09.45.47:773][  0]LogTargetPlatformManager:Display: Building Assets For Windows
[2016.04.14-09.45.47:847][  0]LogDerivedDataCache:Display: Max Cache Size: 512 MB
[2016.04.14-09.45.47:888][  0]LogDerivedDataCache: Loaded boot cache 0.04s 41MB C:/Users/Marcelo/AppData/Local/UnrealEngine/4.10/DerivedDataCache/Boot.ddc.
[2016.04.14-09.45.47:888][  0]LogDerivedDataCache:Display: Loaded Boot cache: C:/Users/Marcelo/AppData/Local/UnrealEngine/4.10/DerivedDataCache/Boot.ddc
[2016.04.14-09.45.47:888][  0]LogDerivedDataCache: FDerivedDataBackendGraph:  Pak pak cache file ../../../../../../Users/Marcelo/Documents/Unreal Projects/Motores_de_Jogos_II/DerivedDataCache/DDC.ddp not found, will not use a pak cache.
[2016.04.14-09.45.47:888][  0]LogDerivedDataCache: Unable to find inner node Pak for hierarchical cache Hierarchy.
[2016.04.14-09.45.47:888][  0]LogDerivedDataCache: FDerivedDataBackendGraph:  CompressedPak pak cache file ../../../../../../Users/Marcelo/Documents/Unreal Projects/Motores_de_Jogos_II/DerivedDataCache/Compressed.ddp not found, will not use a pak cache.
[2016.04.14-09.45.47:888][  0]LogDerivedDataCache: Unable to find inner node CompressedPak for hierarchical cache Hierarchy.
[2016.04.14-09.45.47:942][  0]LogDerivedDataCache:Display: Pak cache opened for reading ../../../Engine/DerivedDataCache/Compressed.ddp.
[2016.04.14-09.45.47:954][  0]LogDerivedDataCache: Using Local data cache path C:/Users/Marcelo/AppData/Local/UnrealEngine/Common/DerivedDataCache: Writable
[2016.04.14-09.45.48:123][  0]LogInit: Selected Device Profile: [Windows]
[2016.04.14-09.45.48:125][  0]LogContentStreaming: Texture pool size is 0.000000MB
[2016.04.14-09.45.48:230][  0]LogMeshUtilities: No automatic mesh reduction module available
[2016.04.14-09.45.48:230][  0]LogMeshUtilities: No automatic mesh merging module available
[2016.04.14-09.45.48:419][  0]LogInit: WinSock: version 1.1 (2.2), MaxSocks=32767, MaxUdp=65467
[2016.04.14-09.45.49:171][  0]UdpMessaging: Initializing bridge on interface 0.0.0.0:0 to multicast group 230.0.0.1:6666.
[2016.04.14-09.45.49:267][  0]LogAssetRegistry: FAssetRegistry took 0.0106 seconds to start up
[2016.04.14-09.45.49:427][  0]SourceControl: Info Source control is disabled
[2016.04.14-09.45.49:428][  0]SourceControl: Info Source control is disabled
[2016.04.14-09.45.49:443][  0]SourceControl: Info Source control is disabled
[2016.04.14-09.45.49:457][  0]SourceControl: Info Source control is disabled
[2016.04.14-09.45.49:736][  0]LogObj: 28633 objects as part of root set at end of initial load.
[2016.04.14-09.45.49:736][  0]LogUObjectAllocator: 6099752 out of 0 bytes used by permanent object pool.
[2016.04.14-09.45.49:785][  0]LogEngine: Initializing Engine...
[2016.04.14-09.45.49:787][  0]LogHMD: Can't find Oculus library dev build: is proper Runtime installed? Version: 0.8.0.0
[2016.04.14-09.45.49:788][  0]LogHMD: SteamVR failed to initialize.  Err: 110
[2016.04.14-09.45.49:892][  0]LogAIModule: Creating AISystem for world NewWorld
[2016.04.14-09.45.49:895][  0]LogInit: XAudio2 using 'Altifalantes (Realtek High Definition Audio)' : 2 channels at 48 kHz using 32 bits per sample (channel mask 0x3)
[2016.04.14-09.45.49:925][  0]LogInit: FAudioDevice initialized.
[2016.04.14-09.45.49:946][  0]LogDerivedDataCache: Saved boot cache 0.02s 41MB C:/Users/Marcelo/AppData/Local/UnrealEngine/4.10/DerivedDataCache/Boot.ddc.
[2016.04.14-09.45.49:948][  0]LogInit: Texture streaming: Enabled
[2016.04.14-09.45.49:952][  0]LogAnalytics: Creating configured Analytics provider AnalyticsET
[2016.04.14-09.45.49:952][  0]LogAnalytics: [UEEditor.Rocket.Release] APIServer = http://et2.epicgames.com/ET2/. AppVersion = 4.10.4-2872498+++depot+UE4-Releases+4.10
[2016.04.14-09.45.49:952][  0]LogAnalytics: [UEEditor.Rocket.Release] SetUserId b25cc0d14c3ac3be6f8b6eb4c9ba9e23|e5057c738a494ed7a0e7d3385aa340d8|df345036-25e4-4eae-acd1-187ff5b838df
[2016.04.14-09.45.49:952][  0]LogAnalytics: [UEEditor.Rocket.Release] AnalyticsET::StartSession
[2016.04.14-09.45.49:959][  0]LogInit: Transaction tracking system initialized
[2016.04.14-09.45.49:974][  0]BlueprintLog: New page: Editor Load
[2016.04.14-09.45.50:024][  0]LocalizationService: Info Localization service is disabled
[2016.04.14-09.45.50:082][  0]LogLinker:Warning: Can't find file '/Game/ThirdPersonBP/ThirdPersonOverview'
[2016.04.14-09.45.50:082][  0]LogLinker:Warning: Can't find file '/Game/ThirdPersonBP/ThirdPersonOverview'
[2016.04.14-09.45.50:082][  0]LogUObjectGlobals:Warning: Failed to find object 'Class /Game/ThirdPersonBP/ThirdPersonOverview.ThirdPersonOverview_C'
[2016.04.14-09.45.50:102][  0]LogConsoleResponse:Display: 
[2016.04.14-09.45.50:197][  0]LogCook:Display: Done creating registry. It took  0.00s.
[2016.04.14-09.45.50:251][  0]LogFileCache: Scanning file cache for directory 'C:/Users/Marcelo/Documents/Unreal Projects/Motores_de_Jogos_II/Content/' took 0.01s
[2016.04.14-09.45.50:251][  0]SourceControl: Info Source control is disabled
[2016.04.14-09.45.50:251][  0]Cmd: MAP LOAD FILE="../../../../../../Users/Marcelo/Documents/Unreal Projects/Motores_de_Jogos_II/Content/StarterContent/Maps/Minimal_Default.umap" TEMPLATE=0 SHOWPROGRESS=1 FEATURELEVEL=3
[2016.04.14-09.45.50:252][  0]LightingResults: New page: Lighting Build
[2016.04.14-09.45.50:253][  0]MapCheck: New page: Map Check
[2016.04.14-09.45.50:253][  0]LightingResults: New page: Lighting Build
[2016.04.14-09.45.50:264][  0]LogParticles: Destroying 0 GPU particle simulations for FXSystem 0x000002143E20BB00
[2016.04.14-09.45.50:682][  0]LogBlueprint:Warning: [compiler Minimal_Default] Warning 'Item' is already a 'Character', you don't need  Cast To Character .
[2016.04.14-09.45.50:683][  0]LogBlueprint:Warning: [compiler Minimal_Default] Warning [0005.15] Compile of Minimal_Default successful, but with 1 Warning(s) [in 3 ms]
[2016.04.14-09.45.50:683][  0]LogBlueprint:Warning: [compiler Minimal_Default] Warning [0005.15] Compile of Minimal_Default successful, but with 2 Warning(s) [in 0 ms]
[2016.04.14-09.45.50:683][  0]LogBlueprint:Warning: [compiler Minimal_Default] Warning [0005.15] Compile of Minimal_Default successful, but with 3 Warning(s) [in 0 ms]
[2016.04.14-09.45.50:687][  0]LogBlueprint:Warning: [compiler Minimal_Default] Warning 'Item' is already a 'Character', you don't need  Cast To Character .
[2016.04.14-09.45.50:688][  0]LogBlueprint:Warning: [compiler Minimal_Default] Warning [0005.15] Compile of Minimal_Default successful, but with 1 Warning(s) [in 3 ms]
[2016.04.14-09.45.50:688][  0]LogBlueprint:Warning: [compiler Minimal_Default] Warning [0005.15] Compile of Minimal_Default successful, but with 2 Warning(s) [in 0 ms]
[2016.04.14-09.45.50:688][  0]LogBlueprint:Warning: [compiler Minimal_Default] Warning [0005.15] Compile of Minimal_Default successful, but with 3 Warning(s) [in 0 ms]
[2016.04.14-09.45.50:900][  0]LogAIModule: Creating AISystem for world Minimal_Default
[2016.04.14-09.45.50:906][  0]LogEditorServer: Finished looking for orphan Actors (0.000 secs)
[2016.04.14-09.45.50:906][  0]Cmd: MAP CHECKDEP NOCLEARLOG
[2016.04.14-09.45.50:975][  0]MapCheck: Info Map check complete: 0 Error(s), 0 Warning(s), took 68.109ms to complete.
[2016.04.14-09.45.50:975][  0]LogFileHelpers: Loading map 'Minimal_Default' took 0.724
[2016.04.14-09.45.51:059][  0]LogCollectionManager: Loaded 0 collections in 0.001146 seconds
[2016.04.14-09.45.51:097][  0]LogFileCache: Scanning file cache for directory 'C:/Users/Marcelo/Documents/Unreal Projects/Motores_de_Jogos_II/Saved/Collections/' took 0.01s
[2016.04.14-09.45.51:097][  0]LogFileCache: Scanning file cache for directory 'C:/Users/Marcelo/Documents/Unreal Projects/Motores_de_Jogos_II/Content/Developers/Marcelo/Collections/' took 0.01s
[2016.04.14-09.45.51:097][  0]LogFileCache: Scanning file cache for directory 'C:/Users/Marcelo/Documents/Unreal Projects/Motores_de_Jogos_II/Content/Collections/' took 0.01s
[2016.04.14-09.45.51:097][  0]LogCollectionManager: Rebuilt the GUID cache for 0 collections in 0.000001 seconds
[2016.04.14-09.45.51:104][  0]LogContentBrowser: Native class hierarchy populated in 0.0068 seconds. Added 1893 classes and 338 folders.
[2016.04.14-09.45.51:110][  0]LogContentBrowser: Native class hierarchy updated for 'WidgetCarousel' in 0.0004 seconds. Added 0 classes and 0 folders.
[2016.04.14-09.45.51:171][  0]LogContentBrowser: Native class hierarchy updated for 'AddContentDialog' in 0.0004 seconds. Added 0 classes and 0 folders.
[2016.04.14-09.45.51:173][  0]LogContentBrowser: Native class hierarchy updated for 'SceneOutliner' in 0.0005 seconds. Added 1 classes and 2 folders.
[2016.04.14-09.45.51:187][  0]LogCrashTracker: Crashtracker disabled due to settings.
[2016.04.14-09.45.51:191][  0]LogUObjectGlobals:Warning: Failed to find object 'Class None.'
[2016.04.14-09.45.51:212][  0]LogLoad: Full Startup: 5.68 seconds (BP compile: 0.16 seconds)
[2016.04.14-09.45.51:232][  0]LogOcInput: Can't find Oculus library dev build: is proper Runtime installed? Version: 0.8.0.0
[2016.04.14-09.45.51:287][  0]LogContentStreaming: Texture pool size now 1000 MB
[2016.04.14-09.45.51:412][  0]LogRenderer: Reallocating scene render targets to support 1156x432 (Frame:2).
[2016.04.14-09.45.52:344][  4]LogAssetRegistry: Asset discovery search completed in 3.0875 seconds
[2016.04.14-09.45.52:344][  4]LogCollectionManager: Rebuilt the object cache for 0 collections in 0.000001 seconds (found 0 objects)
[2016.04.14-09.45.52:344][  4]LogCollectionManager: Fixed up redirectors for 0 collections in 0.000050 seconds (updated 0 objects)
[2016.04.14-09.46.12:295][364]LogEditorViewport: Clicking on Actor (LMB): CameraActor (CameraActor)
[2016.04.14-09.46.38:220][637]LogActorComponent: UnregisterComponent: (/Engine/Transient.CharMoveComp) Not registered. Aborting.
[2016.04.14-09.46.38:328][637]LogWindowsTextInputMethodSystem:Display: IME system now deactivated.
[2016.04.14-09.46.38:549][638]Cmd: QUIT_EDITOR
[2016.04.14-09.46.38:722][638]LogExit: Preparing to exit.
[2016.04.14-09.46.39:238][638]LogExit: Editor shut down
[2016.04.14-09.46.39:238][638]LogExit: Transaction tracking system shut down
[2016.04.14-09.46.39:240][638]LogParticles: Destroying 0 GPU particle simulations for FXSystem 0x0000021442C01D00
[2016.04.14-09.46.39:240][638]LogParticles: Destroying 0 GPU particle simulations for FXSystem 0x0000021447DC7880
[2016.04.14-09.46.39:240][638]LogParticles: Destroying 0 GPU particle simulations for FXSystem 0x000002144355A480
[2016.04.14-09.46.39:241][638]LogParticles: Destroying 0 GPU particle simulations for FXSystem 0x000002145127BF60
[2016.04.14-09.46.39:241][638]LogParticles: Destroying 0 GPU particle simulations for FXSystem 0x000002145127BE20
[2016.04.14-09.46.39:241][638]LogParticles: Destroying 0 GPU particle simulations for FXSystem 0x000002145127BA60
[2016.04.14-09.46.39:241][638]LogParticles: Destroying 0 GPU particle simulations for FXSystem 0x000002145127B600
[2016.04.14-09.46.39:360][638]LogExit: Object subsystem successfully closed.
[2016.04.14-09.46.39:371][638]LogD3D11RHI: Shutdown
[2016.04.14-09.46.39:371][638]LogD3D11RHI: CleanupD3DDevice
[2016.04.14-09.46.39:508][638]LogD3D11RHI: ~FD3D11DynamicRHI
[2016.04.14-09.46.39:520][638]LogModuleManager: Shutting down and abandoning module CrashTracker (198)
[2016.04.14-09.46.39:520][638]LogModuleManager: Shutting down and abandoning module SceneOutliner (197)
[2016.04.14-09.46.39:520][638]LogModuleManager: Shutting down and abandoning module SuperSearch (196)
[2016.04.14-09.46.39:520][638]LogModuleManager: Shutting down and abandoning module WidgetCarousel (195)
[2016.04.14-09.46.39:520][638]LogModuleManager: Shutting down and abandoning module AddContentDialog (194)
[2016.04.14-09.46.39:521][638]LogModuleManager: Shutting down and abandoning module EditorWidgets (193)
[2016.04.14-09.46.39:521][638]LogModuleManager: Shutting down and abandoning module CollectionManager (192)
[2016.04.14-09.46.39:521][638]LogModuleManager: Shutting down and abandoning module StatsViewer (191)
[2016.04.14-09.46.39:521][638]LogModuleManager: Shutting down and abandoning module FoliageEdit (190)
[2016.04.14-09.46.39:521][638]LogModuleManager: Shutting down and abandoning module LandscapeEditor (189)
[2016.04.14-09.46.39:521][638]LogModuleManager: Shutting down and abandoning module ActorPickerMode (188)
[2016.04.14-09.46.39:521][638]LogModuleManager: Shutting down and abandoning module GeometryMode (187)
[2016.04.14-09.46.39:521][638]LogModuleManager: Shutting down and abandoning module TextureAlignMode (186)
[2016.04.14-09.46.39:521][638]LogModuleManager: Shutting down and abandoning module BspMode (185)
[2016.04.14-09.46.39:521][638]LogModuleManager: Shutting down and abandoning module PlacementMode (184)
[2016.04.14-09.46.39:522][638]LogModuleManager: Shutting down and abandoning module AutomationWorker (183)
[2016.04.14-09.46.39:522][638]LogModuleManager: Shutting down and abandoning module CharacterAI (182)
[2016.04.14-09.46.39:522][638]LogModuleManager: Shutting down and abandoning module SmartSnapping (181)
[2016.04.14-09.46.39:522][638]LogModuleManager: Shutting down and abandoning module ViewportSnapping (180)
[2016.04.14-09.46.39:522][638]LogModuleManager: Shutting down and abandoning module LogVisualizer (179)
[2016.04.14-09.46.39:522][638]LogModuleManager: Shutting down and abandoning module GameProjectGeneration (178)
[2016.04.14-09.46.39:522][638]LogModuleManager: Shutting down and abandoning module IntroTutorials (177)
[2016.04.14-09.46.39:522][638]LogModuleManager: Shutting down and abandoning module EditorLiveStreaming (176)
[2016.04.14-09.46.39:522][638]LogModuleManager: Shutting down and abandoning module IOSPlatformEditor (175)
[2016.04.14-09.46.39:522][638]LogModuleManager: Shutting down and abandoning module HTML5PlatformEditor (174)
[2016.04.14-09.46.39:522][638]LogModuleManager: Shutting down and abandoning module AndroidDeviceDetection (173)
[2016.04.14-09.46.40:077][638]LogModuleManager: Shutting down and abandoning module AndroidPlatformEditor (172)
[2016.04.14-09.46.40:077][638]LogModuleManager: Shutting down and abandoning module IOSRuntimeSettings (171)
[2016.04.14-09.46.40:077][638]LogModuleManager: Shutting down and abandoning module AndroidRuntimeSettings (170)
[2016.04.14-09.46.40:077][638]LogModuleManager: Shutting down and abandoning module MergeActors (169)
[2016.04.14-09.46.40:077][638]LogModuleManager: Shutting down and abandoning module SizeMap (168)
[2016.04.14-09.46.40:077][638]LogModuleManager: Shutting down and abandoning module TreeMap (167)
[2016.04.14-09.46.40:077][638]LogModuleManager: Shutting down and abandoning module ReferenceViewer (166)
[2016.04.14-09.46.40:077][638]LogModuleManager: Shutting down and abandoning module LocalizationService (165)
[2016.04.14-09.46.40:077][638]LogModuleManager: Shutting down and abandoning module LocalizationDashboard (164)
[2016.04.14-09.46.40:077][638]LogModuleManager: Shutting down and abandoning module HardwareTargeting (163)
[2016.04.14-09.46.40:077][638]LogModuleManager: Shutting down and abandoning module DeviceProfileEditor (162)
[2016.04.14-09.46.40:077][638]LogModuleManager: Shutting down and abandoning module UndoHistory (161)
[2016.04.14-09.46.40:077][638]LogModuleManager: Shutting down and abandoning module GameplayTagsEditor (160)
[2016.04.14-09.46.40:077][638]LogModuleManager: Shutting down and abandoning module UserFeedback (159)
[2016.04.14-09.46.40:077][638]LogModuleManager: Shutting down and abandoning module XmlParser (158)
[2016.04.14-09.46.40:077][638]LogModuleManager: Shutting down and abandoning module Blutility (157)
[2016.04.14-09.46.40:077][638]LogModuleManager: Shutting down and abandoning module ProjectTargetPlatformEditor (156)
[2016.04.14-09.46.40:077][638]LogModuleManager: Shutting down and abandoning module ProjectSettingsViewer (155)
[2016.04.14-09.46.40:077][638]LogModuleManager: Shutting down and abandoning module InputBindingEditor (154)
[2016.04.14-09.46.40:077][638]LogModuleManager: Shutting down and abandoning module EditorSettingsViewer (153)
[2016.04.14-09.46.40:078][638]LogModuleManager: Shutting down and abandoning module SettingsEditor (152)
[2016.04.14-09.46.40:078][638]LogModuleManager: Shutting down and abandoning module ProjectLauncher (151)
[2016.04.14-09.46.40:078][638]LogModuleManager: Shutting down and abandoning module SessionFrontend (150)
[2016.04.14-09.46.40:078][638]LogModuleManager: Shutting down and abandoning module ProfilerClient (149)
[2016.04.14-09.46.40:078][638]LogModuleManager: Shutting down and abandoning module TargetDeviceServices (148)
[2016.04.14-09.46.40:078][638]LogModuleManager: Shutting down and abandoning module DeviceManager (147)
[2016.04.14-09.46.40:078][638]LogModuleManager: Shutting down and abandoning module AutomationController (146)
[2016.04.14-09.46.40:078][638]LogModuleManager: Shutting down and abandoning module AutomationWindow (145)
[2016.04.14-09.46.40:078][638]LogModuleManager: Shutting down and abandoning module Layers (144)
[2016.04.14-09.46.40:078][638]LogModuleManager: Shutting down and abandoning module ComponentVisualizers (143)
[2016.04.14-09.46.40:078][638]LogModuleManager: Shutting down and abandoning module DetailCustomizations (142)
[2016.04.14-09.46.40:078][638]LogModuleManager: Shutting down and abandoning module PackagesDialog (141)
[2016.04.14-09.46.40:078][638]LogModuleManager: Shutting down and abandoning module Persona (140)
[2016.04.14-09.46.40:078][638]LogModuleManager: Shutting down and abandoning module Kismet (139)
[2016.04.14-09.46.40:078][638]LogModuleManager: Shutting down and abandoning module GraphEditor (138)
[2016.04.14-09.46.40:078][638]LogModuleManager: Shutting down and abandoning module ClassViewer (137)
[2016.04.14-09.46.40:078][638]LogModuleManager: Shutting down and abandoning module Toolbox (136)
[2016.04.14-09.46.40:078][638]LogModuleManager: Shutting down and abandoning module ModuleUI (135)
[2016.04.14-09.46.40:078][638]LogModuleManager: Shutting down and abandoning module MovieSceneTools (134)
[2016.04.14-09.46.40:078][638]LogModuleManager: Shutting down and abandoning module OutputLog (133)
[2016.04.14-09.46.40:078][638]LogModuleManager: Shutting down and abandoning module GammaUI (132)
[2016.04.14-09.46.40:078][638]LogModuleManager: Shutting down and abandoning module Documentation (131)
[2016.04.14-09.46.40:078][638]LogModuleManager: Shutting down and abandoning module GameLiveStreaming (130)
[2016.04.14-09.46.40:078][638]LogModuleManager: Shutting down and abandoning module StreamingPauseRendering (129)
[2016.04.14-09.46.40:078][638]LogModuleManager: Shutting down and abandoning module AnalyticsET (128)
[2016.04.14-09.46.40:078][638]LogModuleManager: Shutting down and abandoning module Analytics (127)
[2016.04.14-09.46.40:078][638]LogModuleManager: Shutting down and abandoning module AITestSuite (126)
[2016.04.14-09.46.40:078][638]LogModuleManager: Shutting down and abandoning module GameplayDebugger (125)
[2016.04.14-09.46.40:078][638]LogModuleManager: Shutting down and abandoning module AIModule (124)
[2016.04.14-09.46.40:078][638]LogModuleManager: Shutting down and abandoning module ProfilerService (123)
[2016.04.14-09.46.40:296][638]LogModuleManager: Shutting down and abandoning module TaskGraph (122)
[2016.04.14-09.46.40:296][638]LogModuleManager: Shutting down and abandoning module SlateRemote (121)
[2016.04.14-09.46.40:296][638]LogModuleManager: Shutting down and abandoning module SteamVRController (120)
[2016.04.14-09.46.40:296][638]LogModuleManager: Shutting down and abandoning module SteamVR (119)
[2016.04.14-09.46.40:296][638]LogModuleManager: Shutting down and abandoning module ProceduralMeshComponent (118)
[2016.04.14-09.46.40:296][638]LogModuleManager: Shutting down and abandoning module OculusLibrary (117)
[2016.04.14-09.46.40:296][638]LogModuleManager: Shutting down and abandoning module OculusInput (116)
[2016.04.14-09.46.40:296][638]LogModuleManager: Shutting down and abandoning module LeapMotionController (115)
[2016.04.14-09.46.40:313][638]LogModuleManager: Shutting down and abandoning module CustomMeshComponent (114)
[2016.04.14-09.46.40:313][638]LogModuleManager: Shutting down and abandoning module CableComponent (113)
[2016.04.14-09.46.40:313][638]LogModuleManager: Shutting down and abandoning module ArchVisCharacter (112)
[2016.04.14-09.46.40:313][638]LogModuleManager: Shutting down and abandoning module MessagingDebugger (111)
[2016.04.14-09.46.40:313][638]LogModuleManager: Shutting down and abandoning module MediaPlayerEditor (110)
[2016.04.14-09.46.40:313][638]LogModuleManager: Shutting down and abandoning module HTML5Networking (109)
[2016.04.14-09.46.40:313][638]LogModuleManager: Shutting down and abandoning module SpeedTreeImporter (108)
[2016.04.14-09.46.40:313][638]LogModuleManager: Shutting down and abandoning module PluginBrowser (107)
[2016.04.14-09.46.40:313][638]LogModuleManager: Shutting down and abandoning module EpicSurvey (106)
[2016.04.14-09.46.40:313][638]LogModuleManager: Shutting down and abandoning module DesktopPlatform (105)
[2016.04.14-09.46.40:313][638]LogModuleManager: Shutting down and abandoning module VisualStudioSourceCodeAccess (104)
[2016.04.14-09.46.40:313][638]LogModuleManager: Shutting down and abandoning module UObjectPlugin (103)
[2016.04.14-09.46.40:313][638]LogModuleManager: Shutting down and abandoning module SubversionSourceControl (102)
[2016.04.14-09.46.40:313][638]LogModuleManager: Shutting down and abandoning module PerforceSourceControl (101)
[2016.04.14-09.46.40:313][638]LogModuleManager: Shutting down and abandoning module SourceControl (100)
[2016.04.14-09.46.40:313][638]LogModuleManager: Shutting down and abandoning module GitSourceControl (99)
[2016.04.14-09.46.40:313][638]LogModuleManager: Shutting down and abandoning module LightPropagationVolumeEditor (98)
[2016.04.14-09.46.40:313][638]LogModuleManager: Shutting down and abandoning module PaperTiledImporter (97)
[2016.04.14-09.46.40:313][638]LogModuleManager: Shutting down and abandoning module PaperSpriteSheetImporter (96)
[2016.04.14-09.46.40:313][638]LogModuleManager: Shutting down and abandoning module MeshPaint (95)
[2016.04.14-09.46.40:313][638]LogModuleManager: Shutting down and abandoning module SlateReflector (94)
[2016.04.14-09.46.40:313][638]LogModuleManager: Shutting down and abandoning module HotReload (93)
[2016.04.14-09.46.40:313][638]LogModuleManager: Shutting down and abandoning module MainFrame (92)
[2016.04.14-09.46.40:313][638]LogModuleManager: Shutting down and abandoning module LevelEditor (91)
[2016.04.14-09.46.40:314][638]LogModuleManager: Shutting down and abandoning module DirectoryWatcher (90)
[2016.04.14-09.46.40:315][638]LogModuleManager: Shutting down and abandoning module AssetRegistry (89)
[2016.04.14-09.46.40:382][638]LogModuleManager: Shutting down and abandoning module ContentBrowser (88)
[2016.04.14-09.46.40:383][638]LogModuleManager: Shutting down and abandoning module Paper2DEditor (87)
[2016.04.14-09.46.40:383][638]LogModuleManager: Shutting down and abandoning module UdpMessaging (86)
[2016.04.14-09.46.40:485][638]LogModuleManager: Shutting down and abandoning module LightPropagationVolumeRuntime (85)
[2016.04.14-09.46.40:485][638]LogModuleManager: Shutting down and abandoning module Paper2D (84)
[2016.04.14-09.46.40:485][638]LogModuleManager: Shutting down and abandoning module WindowsMoviePlayer (83)
[2016.04.14-09.46.40:488][638]LogModuleManager: Shutting down and abandoning module Media (82)
[2016.04.14-09.46.40:488][638]LogModuleManager: Shutting down and abandoning module WmfMedia (81)
[2016.04.14-09.46.40:488][638]LogModuleManager: Shutting down and abandoning module OnlineBlueprintSupport (80)
[2016.04.14-09.46.40:488][638]LogModuleManager: Shutting down and abandoning module GameplayTasksEditor (79)
[2016.04.14-09.46.40:488][638]LogModuleManager: Shutting down and abandoning module PropertyEditor (78)
[2016.04.14-09.46.40:488][638]LogModuleManager: Shutting down and abandoning module BehaviorTreeEditor (77)
[2016.04.14-09.46.40:488][638]LogModuleManager: Shutting down and abandoning module FunctionalTesting (76)
[2016.04.14-09.46.40:488][638]LogModuleManager: Shutting down and abandoning module CollisionAnalyzer (75)
[2016.04.14-09.46.40:488][638]LogModuleManager: Shutting down and abandoning module WorkspaceMenuStructure (74)
[2016.04.14-09.46.40:488][638]LogModuleManager: Shutting down and abandoning module MessageLog (73)
[2016.04.14-09.46.40:488][638]LogModuleManager: Shutting down and abandoning module Sequencer (72)
[2016.04.14-09.46.40:488][638]LogModuleManager: Shutting down and abandoning module AssetTools (71)
[2016.04.14-09.46.40:488][638]LogModuleManager: Shutting down and abandoning module UMGEditor (70)
[2016.04.14-09.46.40:488][638]LogModuleManager: Shutting down and abandoning module UMG (69)
[2016.04.14-09.46.40:488][638]LogModuleManager: Shutting down and abandoning module Slate (68)
[2016.04.14-09.46.40:488][638]LogModuleManager: Shutting down and abandoning module EditorStyle (67)
[2016.04.14-09.46.40:490][638]LogModuleManager: Shutting down and abandoning module SessionServices (66)
[2016.04.14-09.46.40:490][638]LogModuleManager: Shutting down and abandoning module SourceCodeAccess (65)
[2016.04.14-09.46.40:490][638]LogModuleManager: Shutting down and abandoning module HeadMountedDisplay (64)
[2016.04.14-09.46.40:490][638]LogModuleManager: Shutting down and abandoning module XAudio2 (63)
[2016.04.14-09.46.40:490][638]LogModuleManager: Shutting down and abandoning module Networking (61)
[2016.04.14-09.46.40:490][638]LogModuleManager: Shutting down and abandoning module Core (60)
[2016.04.14-09.46.40:490][638]LogModuleManager: Shutting down and abandoning module KismetCompiler (59)
[2016.04.14-09.46.40:490][638]LogModuleManager: Shutting down and abandoning module PhysXFormats (58)
[2016.04.14-09.46.40:490][638]LogModuleManager: Shutting down and abandoning module MeshUtilities (57)
[2016.04.14-09.46.40:490][638]LogModuleManager: Shutting down and abandoning module DerivedDataCache (56)
[2016.04.14-09.46.40:976][638]LogDerivedDataCache: Shutdown
[2016.04.14-09.46.40:976][638]LogModuleManager: Shutting down and abandoning module ShaderFormatOpenGL (55)
[2016.04.14-09.46.40:976][638]LogModuleManager: Shutting down and abandoning module ShaderFormatD3D (54)
[2016.04.14-09.46.40:976][638]LogModuleManager: Shutting down and abandoning module MetalShaderFormat (53)
[2016.04.14-09.46.40:976][638]LogModuleManager: Shutting down and abandoning module TextureFormatUncompressed (52)
[2016.04.14-09.46.40:976][638]LogModuleManager: Shutting down and abandoning module TextureFormatPVR (51)
[2016.04.14-09.46.40:976][638]LogModuleManager: Shutting down and abandoning module TextureFormatIntelISPCTexComp (50)
[2016.04.14-09.46.40:976][638]LogModuleManager: Shutting down and abandoning module TextureFormatDXT (49)
[2016.04.14-09.46.40:976][638]LogModuleManager: Shutting down and abandoning module ImageWrapper (48)
[2016.04.14-09.46.40:976][638]LogModuleManager: Shutting down and abandoning module TextureFormatASTC (47)
[2016.04.14-09.46.40:976][638]LogModuleManager: Shutting down and abandoning module TextureFormatAndroid (46)
[2016.04.14-09.46.40:976][638]LogModuleManager: Shutting down and abandoning module AudioFormatOpus (45)
[2016.04.14-09.46.40:976][638]LogModuleManager: Shutting down and abandoning module AudioFormatOgg (44)
[2016.04.14-09.46.40:976][638]LogModuleManager: Shutting down and abandoning module AudioFormatADPCM (43)
[2016.04.14-09.46.40:976][638]LogModuleManager: Shutting down and abandoning module LinuxTargetPlatform (42)
[2016.04.14-09.46.40:976][638]LogModuleManager: Shutting down and abandoning module LinuxServerTargetPlatform (41)
[2016.04.14-09.46.40:976][638]LogModuleManager: Shutting down and abandoning module LinuxNoEditorTargetPlatform (40)
[2016.04.14-09.46.40:976][638]LogModuleManager: Shutting down and abandoning module Messaging (39)
[2016.04.14-09.46.40:976][638]LogModuleManager: Shutting down and abandoning module IOSTargetPlatform (38)
[2016.04.14-09.46.40:976][638]LogModuleManager: Shutting down and abandoning module HTML5TargetPlatform (37)
[2016.04.14-09.46.40:976][638]LogModuleManager: Shutting down and abandoning module Android_PVRTCTargetPlatform (36)
[2016.04.14-09.46.40:976][638]LogModuleManager: Shutting down and abandoning module Android_MultiTargetPlatform (35)
[2016.04.14-09.46.40:976][638]LogModuleManager: Shutting down and abandoning module Android_ETC2TargetPlatform (34)
[2016.04.14-09.46.40:976][638]LogModuleManager: Shutting down and abandoning module Android_ETC1TargetPlatform (33)
[2016.04.14-09.46.40:976][638]LogModuleManager: Shutting down and abandoning module Android_DXTTargetPlatform (32)
[2016.04.14-09.46.40:976][638]LogModuleManager: Shutting down and abandoning module Android_ATCTargetPlatform (31)
[2016.04.14-09.46.40:976][638]LogModuleManager: Shutting down and abandoning module Android_ASTCTargetPlatform (30)
[2016.04.14-09.46.40:976][638]LogModuleManager: Shutting down and abandoning module AndroidTargetPlatform (29)
[2016.04.14-09.46.40:976][638]LogModuleManager: Shutting down and abandoning module WindowsTargetPlatform (28)
[2016.04.14-09.46.40:976][638]LogModuleManager: Shutting down and abandoning module WindowsServerTargetPlatform (27)
[2016.04.14-09.46.40:976][638]LogModuleManager: Shutting down and abandoning module WindowsNoEditorTargetPlatform (26)
[2016.04.14-09.46.40:976][638]LogModuleManager: Shutting down and abandoning module WindowsClientTargetPlatform (25)
[2016.04.14-09.46.40:976][638]LogModuleManager: Shutting down and abandoning module AllDesktopTargetPlatform (24)
[2016.04.14-09.46.40:976][638]LogModuleManager: Shutting down and abandoning module TargetPlatform (23)
[2016.04.14-09.46.40:976][638]LogModuleManager: Shutting down and abandoning module InputCore (22)
[2016.04.14-09.46.40:976][638]LogModuleManager: Shutting down and abandoning module Settings (21)
[2016.04.14-09.46.40:976][638]LogModuleManager: Shutting down and abandoning module OnlineSubsystem (19)
[2016.04.14-09.46.40:976][638]LogModuleManager: Shutting down and abandoning module HTTP (18)
[2016.04.14-09.46.43:480][638]LogModuleManager: Shutting down and abandoning module XMPP (17)
[2016.04.14-09.46.43:480][638]LogModuleManager: Shutting down and abandoning module OculusRift (16)
[2016.04.14-09.46.43:480][638]LogModuleManager: Shutting down and abandoning module ExampleDeviceProfileSelector (15)
[2016.04.14-09.46.43:480][638]LogModuleManager: Shutting down and abandoning module TextureCompressor (14)
[2016.04.14-09.46.43:480][638]LogModuleManager: Shutting down and abandoning module ShaderCore (13)
[2016.04.14-09.46.43:480][638]LogModuleManager: Shutting down and abandoning module Landscape (12)
[2016.04.14-09.46.43:480][638]LogModuleManager: Shutting down and abandoning module SlateRHIRenderer (11)
[2016.04.14-09.46.43:481][638]LogModuleManager: Shutting down and abandoning module OpenGLDrv (10)
[2016.04.14-09.46.43:481][638]LogModuleManager: Shutting down and abandoning module D3D11RHI (9)
[2016.04.14-09.46.43:481][638]LogModuleManager: Shutting down and abandoning module AnimGraphRuntime (8)
[2016.04.14-09.46.43:481][638]LogModuleManager: Shutting down and abandoning module Renderer (7)
[2016.04.14-09.46.43:481][638]LogModuleManager: Shutting down and abandoning module Engine (6)
[2016.04.14-09.46.43:481][638]LogModuleManager: Shutting down and abandoning module CoreUObject (5)
[2016.04.14-09.46.43:481][638]LogModuleManager: Shutting down and abandoning module NetworkFile (4)
[2016.04.14-09.46.43:481][638]LogModuleManager: Shutting down and abandoning module StreamingFile (3)
[2016.04.14-09.46.43:481][638]LogModuleManager: Shutting down and abandoning module SandboxFile (2)
[2016.04.14-09.46.43:481][638]LogModuleManager: Shutting down and abandoning module PakFile (1)
[2016.04.14-09.46.43:483][638]LogExit: Exiting.
[2016.04.14-09.46.43:484][638]Log file closed, 04/14/16 10:46:43
