[2016.04.18-10.20.39:052][  0]Log file open, 04/18/16 11:20:39
[2016.04.18-10.20.39:052][  0]LogInit:Display: Running engine for game: Motores_de_Jogos_II_Cópia
[2016.04.18-10.20.39:052][  0]LogPlatformFile: Not using cached read wrapper
[2016.04.18-10.20.39:052][  0]LogInit:Display: RandInit(921795620) SRandInit(921795620).
[2016.04.18-10.20.39:052][  0]LogTaskGraph: Started task graph with 4 named threads and 7 total threads.
[2016.04.18-10.20.39:052][  0]LogStats: Stats thread started at 0.070537
[2016.04.18-10.20.39:052][  0]LogInit: Version: 4.10.4-2872498+++depot+UE4-Releases+4.10
[2016.04.18-10.20.39:052][  0]LogInit: API Version: 2758231
[2016.04.18-10.20.39:052][  0]LogInit: Compiled (64-bit): Feb 18 2016 15:47:04
[2016.04.18-10.20.39:052][  0]LogInit: Compiled with Visual C++: 19.00.23026.00
[2016.04.18-10.20.39:052][  0]LogInit: Build Configuration: Development
[2016.04.18-10.20.39:052][  0]LogInit: Branch Name: ++depot+UE4-Releases+4.10
[2016.04.18-10.20.39:052][  0]LogInit: Command line: -EpicPortal 
[2016.04.18-10.20.39:052][  0]LogInit: Base directory: C:/Program Files (x86)/Epic Games/4.10/Engine/Binaries/Win64/
[2016.04.18-10.20.39:052][  0]LogInit: Rocket: 1
[2016.04.18-10.20.39:057][  0]LogInit: Using libcurl 7.41.0
[2016.04.18-10.20.39:057][  0]LogInit:  - built for x86_64-pc-win32
[2016.04.18-10.20.39:057][  0]LogInit:  - supports SSL with WinSSL
[2016.04.18-10.20.39:057][  0]LogInit:  - other features:
[2016.04.18-10.20.39:057][  0]LogInit:      CURL_VERSION_SSL
[2016.04.18-10.20.39:057][  0]LogInit:      CURL_VERSION_IPV6
[2016.04.18-10.20.39:057][  0]LogInit:      CURL_VERSION_ASYNCHDNS
[2016.04.18-10.20.39:057][  0]LogInit:      CURL_VERSION_LARGEFILE
[2016.04.18-10.20.39:057][  0]LogInit:      CURL_VERSION_IDN
[2016.04.18-10.20.39:057][  0]LogInit:  CurlRequestOptions (configurable via config and command line):
[2016.04.18-10.20.39:057][  0]LogInit:  - bVerifyPeer = true  - Libcurl will verify peer certificate
[2016.04.18-10.20.39:057][  0]LogInit:  - bUseHttpProxy = false  - Libcurl will NOT use HTTP proxy
[2016.04.18-10.20.39:057][  0]LogInit:  - bDontReuseConnections = false  - Libcurl will reuse connections
[2016.04.18-10.20.39:057][  0]LogInit:  - CertBundlePath = nullptr  - Libcurl will use whatever was configured at build time.
[2016.04.18-10.20.39:062][  0]LogInit: Presizing for 0 objects not considered by GC, pre-allocating 0 bytes.
[2016.04.18-10.20.39:067][  0]LogInit: Object subsystem initialized
[2016.04.18-10.20.39:068][  0]LogInit: Selected Device Profile: [Windows]
[2016.04.18-10.20.39:068][  0]LogInit: Applying CVar settings loaded from the selected device profile: [Windows]
[2016.04.18-10.20.39:075][  0]LogInit: Computer: MARCELO
[2016.04.18-10.20.39:075][  0]LogInit: User: Marcelo
[2016.04.18-10.20.39:075][  0]LogInit: CPU Page size=4096, Cores=4
[2016.04.18-10.20.39:076][  0]LogInit: High frequency timer resolution =2.338347 MHz
[2016.04.18-10.20.39:076][  0]LogMemory: Memory total: Physical=15.9GB (16GB approx)
[2016.04.18-10.20.39:076][  0]LogMemory: Platform Memory Stats for Windows
[2016.04.18-10.20.39:076][  0]LogMemory: Process Physical Memory: 56.35 MB used, 56.35 MB peak
[2016.04.18-10.20.39:076][  0]LogMemory: Process Virtual Memory: 56.88 MB used, 56.88 MB peak
[2016.04.18-10.20.39:076][  0]LogMemory: Physical Memory: 3814.42 MB used, 16294.87 MB total
[2016.04.18-10.20.39:076][  0]LogMemory: Virtual Memory: 383.69 MB used, 134217728.00 MB total
[2016.04.18-10.20.39:109][  0]LogTextLocalizationManager: No translations for ('pt-PT') exist, falling back to 'en' for localization and internationalization data.
[2016.04.18-10.20.39:510][  0]LogD3D11RHI: Found D3D11 adapter 0: Intel(R) HD Graphics 4600 (Feature Level 11_0)
[2016.04.18-10.20.39:510][  0]LogD3D11RHI: Adapter has 112MB of dedicated video memory, 0MB of dedicated system memory, and 8147MB of shared system memory, 1 output[s]
[2016.04.18-10.20.39:519][  0]LogD3D11RHI: Found D3D11 adapter 1: AMD Radeon R9 M200X Series (Feature Level 11_0)
[2016.04.18-10.20.39:519][  0]LogD3D11RHI: Adapter has 2030MB of dedicated video memory, 0MB of dedicated system memory, and 8147MB of shared system memory, 0 output[s]
[2016.04.18-10.20.39:521][  0]LogD3D11RHI: Found D3D11 adapter 2: Microsoft Basic Render Driver (Feature Level 11_0)
[2016.04.18-10.20.39:521][  0]LogD3D11RHI: Adapter has 0MB of dedicated video memory, 0MB of dedicated system memory, and 8147MB of shared system memory, 0 output[s]
[2016.04.18-10.20.39:521][  0]LogD3D11RHI: Chosen D3D11 Adapter Id = 0
[2016.04.18-10.20.39:525][  0]LogD3D11RHI: !Direct3DDevice
[2016.04.18-10.20.39:525][  0]LogRHI: Texture pool is 1361 MB (70% of 1945 MB)
[2016.04.18-10.20.39:530][  0]LogD3D11RHI: Async texture creation enabled
[2016.04.18-10.20.39:534][  0]LogShaderCompilers: Guid format shader working directory is -37 characters bigger than the processId version (../../../../../../Users/Marcelo/Documents/Unreal Projects/Motores_de_Jogos_II - Cópia/Intermediate/Shaders/WorkingDirectory/5900/).
[2016.04.18-10.20.39:534][  0]LogShaderCompilers: Cleaned the shader compiler working directory 'C:/Users/Marcelo/AppData/Local/Temp/UnrealShaderWorkingDir/C4E481E245BEDD61C017B58629005CC6/'.
[2016.04.18-10.20.39:534][  0]LogShaderCompilers:Display: Using Local Shader Compiler.
[2016.04.18-10.20.40:269][  0]LogTemp:Display: Loaded TP AllDesktopTargetPlatform
[2016.04.18-10.20.40:273][  0]LogTemp:Display: Loaded TP WindowsClientTargetPlatform
[2016.04.18-10.20.40:277][  0]LogTemp:Display: Loaded TP WindowsNoEditorTargetPlatform
[2016.04.18-10.20.40:281][  0]LogTemp:Display: Loaded TP WindowsServerTargetPlatform
[2016.04.18-10.20.40:284][  0]LogTemp:Display: Loaded TP WindowsTargetPlatform
[2016.04.18-10.20.40:287][  0]LogTemp:Display: Loaded TP AndroidTargetPlatform
[2016.04.18-10.20.40:290][  0]LogTemp:Display: Loaded TP Android_ASTCTargetPlatform
[2016.04.18-10.20.40:292][  0]LogTemp:Display: Loaded TP Android_ATCTargetPlatform
[2016.04.18-10.20.40:295][  0]LogTemp:Display: Loaded TP Android_DXTTargetPlatform
[2016.04.18-10.20.40:298][  0]LogTemp:Display: Loaded TP Android_ETC1TargetPlatform
[2016.04.18-10.20.40:301][  0]LogTemp:Display: Loaded TP Android_ETC2TargetPlatform
[2016.04.18-10.20.40:307][  0]LogTemp:Display: Loaded TP Android_MultiTargetPlatform
[2016.04.18-10.20.40:307][  0]LogTemp:Display: Loaded TP Android_PVRTCTargetPlatform
[2016.04.18-10.20.40:308][  0]LogTemp:Display: Loaded TP HTML5TargetPlatform
[2016.04.18-10.20.40:324][  0]LogTemp:Display: Loaded TP IOSTargetPlatform
[2016.04.18-10.20.40:326][  0]LogTemp:Display: Loaded TP LinuxNoEditorTargetPlatform
[2016.04.18-10.20.40:329][  0]LogTemp:Display: Loaded TP LinuxServerTargetPlatform
[2016.04.18-10.20.40:332][  0]LogTemp:Display: Loaded TP LinuxTargetPlatform
[2016.04.18-10.20.40:332][  0]LogTargetPlatformManager:Display: Building Assets For Windows
[2016.04.18-10.20.40:405][  0]LogDerivedDataCache:Display: Max Cache Size: 512 MB
[2016.04.18-10.20.40:447][  0]LogDerivedDataCache: Loaded boot cache 0.04s 41MB C:/Users/Marcelo/AppData/Local/UnrealEngine/4.10/DerivedDataCache/Boot.ddc.
[2016.04.18-10.20.40:447][  0]LogDerivedDataCache:Display: Loaded Boot cache: C:/Users/Marcelo/AppData/Local/UnrealEngine/4.10/DerivedDataCache/Boot.ddc
[2016.04.18-10.20.40:447][  0]LogDerivedDataCache: FDerivedDataBackendGraph:  Pak pak cache file ../../../../../../Users/Marcelo/Documents/Unreal Projects/Motores_de_Jogos_II - Cópia/DerivedDataCache/DDC.ddp not found, will not use a pak cache.
[2016.04.18-10.20.40:447][  0]LogDerivedDataCache: Unable to find inner node Pak for hierarchical cache Hierarchy.
[2016.04.18-10.20.40:448][  0]LogDerivedDataCache: FDerivedDataBackendGraph:  CompressedPak pak cache file ../../../../../../Users/Marcelo/Documents/Unreal Projects/Motores_de_Jogos_II - Cópia/DerivedDataCache/Compressed.ddp not found, will not use a pak cache.
[2016.04.18-10.20.40:448][  0]LogDerivedDataCache: Unable to find inner node CompressedPak for hierarchical cache Hierarchy.
[2016.04.18-10.20.40:503][  0]LogDerivedDataCache:Display: Pak cache opened for reading ../../../Engine/DerivedDataCache/Compressed.ddp.
[2016.04.18-10.20.40:515][  0]LogDerivedDataCache: Using Local data cache path C:/Users/Marcelo/AppData/Local/UnrealEngine/Common/DerivedDataCache: Writable
[2016.04.18-10.20.40:690][  0]LogInit: Selected Device Profile: [Windows]
[2016.04.18-10.20.40:693][  0]LogContentStreaming: Texture pool size is 0.000000MB
[2016.04.18-10.20.40:797][  0]LogMeshUtilities: No automatic mesh reduction module available
[2016.04.18-10.20.40:797][  0]LogMeshUtilities: No automatic mesh merging module available
[2016.04.18-10.20.40:990][  0]LogInit: WinSock: version 1.1 (2.2), MaxSocks=32767, MaxUdp=65467
[2016.04.18-10.20.41:755][  0]UdpMessaging: Initializing bridge on interface 0.0.0.0:0 to multicast group 230.0.0.1:6666.
[2016.04.18-10.20.41:854][  0]LogAssetRegistry: FAssetRegistry took 0.0110 seconds to start up
[2016.04.18-10.20.42:010][  0]SourceControl: Info Source control is disabled
[2016.04.18-10.20.42:011][  0]SourceControl: Info Source control is disabled
[2016.04.18-10.20.42:026][  0]SourceControl: Info Source control is disabled
[2016.04.18-10.20.42:040][  0]SourceControl: Info Source control is disabled
[2016.04.18-10.20.42:320][  0]LogObj: 28633 objects as part of root set at end of initial load.
[2016.04.18-10.20.42:320][  0]LogUObjectAllocator: 6099752 out of 0 bytes used by permanent object pool.
[2016.04.18-10.20.42:369][  0]LogEngine: Initializing Engine...
[2016.04.18-10.20.42:371][  0]LogHMD: Can't find Oculus library dev build: is proper Runtime installed? Version: 0.8.0.0
[2016.04.18-10.20.42:372][  0]LogHMD: SteamVR failed to initialize.  Err: 110
[2016.04.18-10.20.42:480][  0]LogAIModule: Creating AISystem for world NewWorld
[2016.04.18-10.20.42:483][  0]LogInit: XAudio2 using 'Altifalantes (Realtek High Definition Audio)' : 2 channels at 48 kHz using 32 bits per sample (channel mask 0x3)
[2016.04.18-10.20.42:515][  0]LogInit: FAudioDevice initialized.
[2016.04.18-10.20.42:565][  0]LogDerivedDataCache: Saved boot cache 0.05s 41MB C:/Users/Marcelo/AppData/Local/UnrealEngine/4.10/DerivedDataCache/Boot.ddc.
[2016.04.18-10.20.42:567][  0]LogInit: Texture streaming: Enabled
[2016.04.18-10.20.42:570][  0]LogAnalytics: Creating configured Analytics provider AnalyticsET
[2016.04.18-10.20.42:570][  0]LogAnalytics: [UEEditor.Rocket.Release] APIServer = http://et2.epicgames.com/ET2/. AppVersion = 4.10.4-2872498+++depot+UE4-Releases+4.10
[2016.04.18-10.20.42:570][  0]LogAnalytics: [UEEditor.Rocket.Release] SetUserId b25cc0d14c3ac3be6f8b6eb4c9ba9e23|e5057c738a494ed7a0e7d3385aa340d8|df345036-25e4-4eae-acd1-187ff5b838df
[2016.04.18-10.20.42:570][  0]LogAnalytics: [UEEditor.Rocket.Release] AnalyticsET::StartSession
[2016.04.18-10.20.42:577][  0]LogInit: Transaction tracking system initialized
[2016.04.18-10.20.42:593][  0]BlueprintLog: New page: Editor Load
[2016.04.18-10.20.42:645][  0]LocalizationService: Info Localization service is disabled
[2016.04.18-10.20.42:706][  0]LogLinker:Warning: Can't find file '/Game/ThirdPersonBP/ThirdPersonOverview'
[2016.04.18-10.20.42:706][  0]LogLinker:Warning: Can't find file '/Game/ThirdPersonBP/ThirdPersonOverview'
[2016.04.18-10.20.42:706][  0]LogUObjectGlobals:Warning: Failed to find object 'Class /Game/ThirdPersonBP/ThirdPersonOverview.ThirdPersonOverview_C'
[2016.04.18-10.20.42:733][  0]LogConsoleResponse:Display: 
[2016.04.18-10.20.42:831][  0]LogCook:Display: Done creating registry. It took  0.00s.
[2016.04.18-10.20.42:884][  0]LogFileCache: Scanning file cache for directory 'C:/Users/Marcelo/Documents/Unreal Projects/Motores_de_Jogos_II - Cópia/Content/' took 0.01s
[2016.04.18-10.20.42:884][  0]SourceControl: Info Source control is disabled
[2016.04.18-10.20.42:884][  0]Cmd: MAP LOAD FILE="../../../../../../Users/Marcelo/Documents/Unreal Projects/Motores_de_Jogos_II - Cópia/Content/StarterContent/Maps/Minimal_Default.umap" TEMPLATE=0 SHOWPROGRESS=1 FEATURELEVEL=3
[2016.04.18-10.20.42:884][  0]LightingResults: New page: Lighting Build
[2016.04.18-10.20.42:886][  0]MapCheck: New page: Map Check
[2016.04.18-10.20.42:886][  0]LightingResults: New page: Lighting Build
[2016.04.18-10.20.42:896][  0]LogParticles: Destroying 0 GPU particle simulations for FXSystem 0x0000015A35907B00
[2016.04.18-10.20.43:314][  0]LogBlueprint:Warning: [compiler Minimal_Default] Warning 'Item' is already a 'Character', you don't need  Cast To Character .
[2016.04.18-10.20.43:315][  0]LogBlueprint:Warning: [compiler Minimal_Default] Warning [0004.62] Compile of Minimal_Default successful, but with 1 Warning(s) [in 3 ms]
[2016.04.18-10.20.43:315][  0]LogBlueprint:Warning: [compiler Minimal_Default] Warning [0004.62] Compile of Minimal_Default successful, but with 2 Warning(s) [in 0 ms]
[2016.04.18-10.20.43:315][  0]LogBlueprint:Warning: [compiler Minimal_Default] Warning [0004.62] Compile of Minimal_Default successful, but with 3 Warning(s) [in 0 ms]
[2016.04.18-10.20.43:319][  0]LogBlueprint:Warning: [compiler Minimal_Default] Warning 'Item' is already a 'Character', you don't need  Cast To Character .
[2016.04.18-10.20.43:320][  0]LogBlueprint:Warning: [compiler Minimal_Default] Warning [0004.63] Compile of Minimal_Default successful, but with 1 Warning(s) [in 3 ms]
[2016.04.18-10.20.43:320][  0]LogBlueprint:Warning: [compiler Minimal_Default] Warning [0004.63] Compile of Minimal_Default successful, but with 2 Warning(s) [in 0 ms]
[2016.04.18-10.20.43:320][  0]LogBlueprint:Warning: [compiler Minimal_Default] Warning [0004.63] Compile of Minimal_Default successful, but with 3 Warning(s) [in 0 ms]
[2016.04.18-10.20.43:527][  0]LogAIModule: Creating AISystem for world Minimal_Default
[2016.04.18-10.20.43:534][  0]LogEditorServer: Finished looking for orphan Actors (0.000 secs)
[2016.04.18-10.20.43:535][  0]Cmd: MAP CHECKDEP NOCLEARLOG
[2016.04.18-10.20.43:607][  0]MapCheck: Info Map check complete: 0 Error(s), 0 Warning(s), took 71.571ms to complete.
[2016.04.18-10.20.43:607][  0]LogFileHelpers: Loading map 'Minimal_Default' took 0.723
[2016.04.18-10.20.43:705][  0]LogCollectionManager: Loaded 0 collections in 0.001179 seconds
[2016.04.18-10.20.43:744][  0]LogFileCache: Scanning file cache for directory 'C:/Users/Marcelo/Documents/Unreal Projects/Motores_de_Jogos_II - Cópia/Saved/Collections/' took 0.01s
[2016.04.18-10.20.43:744][  0]LogFileCache: Scanning file cache for directory 'C:/Users/Marcelo/Documents/Unreal Projects/Motores_de_Jogos_II - Cópia/Content/Developers/Marcelo/Collections/' took 0.01s
[2016.04.18-10.20.43:744][  0]LogFileCache: Scanning file cache for directory 'C:/Users/Marcelo/Documents/Unreal Projects/Motores_de_Jogos_II - Cópia/Content/Collections/' took 0.01s
[2016.04.18-10.20.43:744][  0]LogCollectionManager: Rebuilt the GUID cache for 0 collections in 0.000001 seconds
[2016.04.18-10.20.43:751][  0]LogContentBrowser: Native class hierarchy populated in 0.0072 seconds. Added 1893 classes and 338 folders.
[2016.04.18-10.20.43:758][  0]LogContentBrowser: Native class hierarchy updated for 'WidgetCarousel' in 0.0007 seconds. Added 0 classes and 0 folders.
[2016.04.18-10.20.43:819][  0]LogContentBrowser: Native class hierarchy updated for 'AddContentDialog' in 0.0005 seconds. Added 0 classes and 0 folders.
[2016.04.18-10.20.43:822][  0]LogContentBrowser: Native class hierarchy updated for 'SceneOutliner' in 0.0005 seconds. Added 1 classes and 2 folders.
[2016.04.18-10.20.43:837][  0]LogCrashTracker: Crashtracker disabled due to settings.
[2016.04.18-10.20.43:840][  0]LogUObjectGlobals:Warning: Failed to find object 'Class None.'
[2016.04.18-10.20.43:865][  0]LogLoad: Full Startup: 5.17 seconds (BP compile: 0.16 seconds)
[2016.04.18-10.20.43:884][  0]LogOcInput: Can't find Oculus library dev build: is proper Runtime installed? Version: 0.8.0.0
[2016.04.18-10.20.43:937][  0]LogContentStreaming: Texture pool size now 1000 MB
[2016.04.18-10.20.44:120][  1]LogRenderer: Reallocating scene render targets to support 32x32 (Frame:2).
[2016.04.18-10.20.44:276][  1]LogRenderer: Reallocating scene render targets to support 256x256 (Frame:6).
[2016.04.18-10.20.44:506][  2]LogRenderer: Reallocating scene render targets to support 1156x432 (Frame:10).
[2016.04.18-10.20.44:989][  5]LogAssetRegistry: Asset discovery search completed in 3.1462 seconds
[2016.04.18-10.20.44:989][  5]LogCollectionManager: Rebuilt the object cache for 0 collections in 0.000001 seconds (found 0 objects)
[2016.04.18-10.20.44:989][  5]LogCollectionManager: Fixed up redirectors for 0 collections in 0.000022 seconds (updated 0 objects)
[2016.04.18-10.20.47:181][ 79]LogLinker:Warning: Asset '../../../Engine/Content/ArtTools/RenderToTexture/Macros/RenderToTextureMacros.uasset' has been saved with empty engine version. The asset will be loaded but may be incompatible.
[2016.04.18-10.20.47:511][ 79]LogContentBrowser: Native class hierarchy updated for 'BlueprintGraph' in 0.0009 seconds. Added 107 classes and 0 folders.
[2016.04.18-10.20.53:431][176]LogBlueprintUserMessages: Early PlayInEditor Detection: Level '/Game/StarterContent/Maps/Minimal_Default.Minimal_Default:PersistentLevel' has LevelScriptBlueprint '/Game/StarterContent/Maps/Minimal_Default.Minimal_Default:PersistentLevel.Minimal_Default' with GeneratedClass '/Game/StarterContent/Maps/Minimal_Default.Minimal_Default_C' with ClassGeneratedBy '/Game/StarterContent/Maps/Minimal_Default.Minimal_Default:PersistentLevel.Minimal_Default'
[2016.04.18-10.20.53:431][176]LogPlayLevel: PlayLevel: No blueprints needed recompiling
[2016.04.18-10.20.53:431][176]PIE: New page: PIE session: Minimal_Default (Apr 18, 2016, 12:20:53 PM)
[2016.04.18-10.20.53:431][176]LogPlayLevel: Creating play world package: /Game/StarterContent/Maps/UEDPIE_0_Minimal_Default
[2016.04.18-10.20.53:443][176]LogPlayLevel: PIE: StaticDuplicateObject took: (0.011967s)
[2016.04.18-10.20.53:444][176]LogAIModule: Creating AISystem for world Minimal_Default
[2016.04.18-10.20.53:444][176]LogPlayLevel: PIE: World Init took: (0.000625s)
[2016.04.18-10.20.53:444][176]LogPlayLevel: PIE: Created PIE world by copying editor world from /Game/StarterContent/Maps/Minimal_Default.Minimal_Default to /Game/StarterContent/Maps/UEDPIE_0_Minimal_Default.Minimal_Default (0.012783s)
[2016.04.18-10.20.53:444][176]LogActorComponent: UnregisterComponent: (/Engine/Transient.CharMoveComp) Not registered. Aborting.
[2016.04.18-10.20.53:487][176]LogInit: XAudio2 using 'Altifalantes (Realtek High Definition Audio)' : 2 channels at 48 kHz using 32 bits per sample (channel mask 0x3)
[2016.04.18-10.20.53:493][176]LogInit: FAudioDevice initialized.
[2016.04.18-10.20.53:541][176]LogWorld: Game class is 'MyGame_C'
[2016.04.18-10.20.53:545][176]LogWorld: Bringing World /Game/StarterContent/Maps/UEDPIE_0_Minimal_Default.Minimal_Default up for play (max tick rate 60) at 2016.04.18-11.20.53
[2016.04.18-10.20.53:545][176]LogActor:Warning: GameSession /Game/StarterContent/Maps/UEDPIE_0_Minimal_Default.Minimal_Default:PersistentLevel.GameSession_0 has natively added scene component(s), but none of them were set as the actor's RootComponent - picking one arbitrarily
[2016.04.18-10.20.53:545][176]LogActor:Warning: GameNetworkManager /Game/StarterContent/Maps/UEDPIE_0_Minimal_Default.Minimal_Default:PersistentLevel.GameNetworkManager_0 has natively added scene component(s), but none of them were set as the actor's RootComponent - picking one arbitrarily
[2016.04.18-10.20.53:546][176]LogWorld: Bringing up level for play took: 0.003937
[2016.04.18-10.20.53:548][176]PIE: Info Play in editor start time for /Game/StarterContent/Maps/UEDPIE_0_Minimal_Default 1.096
[2016.04.18-10.20.53:548][176]LogBlueprintUserMessages: Late PlayInEditor Detection: Level '/Game/StarterContent/Maps/Minimal_Default.Minimal_Default:PersistentLevel' has LevelScriptBlueprint '/Game/StarterContent/Maps/Minimal_Default.Minimal_Default:PersistentLevel.Minimal_Default' with GeneratedClass '/Game/StarterContent/Maps/Minimal_Default.Minimal_Default_C' with ClassGeneratedBy '/Game/StarterContent/Maps/Minimal_Default.Minimal_Default:PersistentLevel.Minimal_Default'
[2016.04.18-10.21.04:770][503]LogBlueprintUserMessages: Early EndPlayMap Detection: Level '/Game/StarterContent/Maps/Minimal_Default.Minimal_Default:PersistentLevel' has LevelScriptBlueprint '/Game/StarterContent/Maps/Minimal_Default.Minimal_Default:PersistentLevel.Minimal_Default' with GeneratedClass '/Game/StarterContent/Maps/Minimal_Default.Minimal_Default_C' with ClassGeneratedBy '/Game/StarterContent/Maps/Minimal_Default.Minimal_Default:PersistentLevel.Minimal_Default'
[2016.04.18-10.21.04:838][503]LogBlueprintUserMessages: Late EndPlayMap Detection: Level '/Game/StarterContent/Maps/Minimal_Default.Minimal_Default:PersistentLevel' has LevelScriptBlueprint '/Game/StarterContent/Maps/Minimal_Default.Minimal_Default:PersistentLevel.Minimal_Default' with GeneratedClass '/Game/StarterContent/Maps/Minimal_Default.Minimal_Default_C' with ClassGeneratedBy '/Game/StarterContent/Maps/Minimal_Default.Minimal_Default:PersistentLevel.Minimal_Default'
[2016.04.18-10.21.04:860][503]LogParticles: Destroying 0 GPU particle simulations for FXSystem 0x0000015A2612C7C0
[2016.04.18-10.21.04:861][503]LogParticles: Destroying 0 GPU particle simulations for FXSystem 0x0000015A6CD33EC0
[2016.04.18-10.21.05:724][522]LogBlueprintUserMessages: Early PlayInEditor Detection: Level '/Game/StarterContent/Maps/Minimal_Default.Minimal_Default:PersistentLevel' has LevelScriptBlueprint '/Game/StarterContent/Maps/Minimal_Default.Minimal_Default:PersistentLevel.Minimal_Default' with GeneratedClass '/Game/StarterContent/Maps/Minimal_Default.Minimal_Default_C' with ClassGeneratedBy '/Game/StarterContent/Maps/Minimal_Default.Minimal_Default:PersistentLevel.Minimal_Default'
[2016.04.18-10.21.05:724][522]LogPlayLevel: PlayLevel: No blueprints needed recompiling
[2016.04.18-10.21.05:724][522]PIE: New page: PIE session: Minimal_Default (Apr 18, 2016, 12:21:05 PM)
[2016.04.18-10.21.05:724][522]LogPlayLevel: Creating play world package: /Game/StarterContent/Maps/UEDPIE_0_Minimal_Default
[2016.04.18-10.21.05:737][522]LogPlayLevel: PIE: StaticDuplicateObject took: (0.012487s)
[2016.04.18-10.21.05:737][522]LogAIModule: Creating AISystem for world Minimal_Default
[2016.04.18-10.21.05:737][522]LogPlayLevel: PIE: World Init took: (0.000605s)
[2016.04.18-10.21.05:737][522]LogPlayLevel: PIE: Created PIE world by copying editor world from /Game/StarterContent/Maps/Minimal_Default.Minimal_Default to /Game/StarterContent/Maps/UEDPIE_0_Minimal_Default.Minimal_Default (0.013294s)
[2016.04.18-10.21.05:773][522]LogInit: XAudio2 using 'Altifalantes (Realtek High Definition Audio)' : 2 channels at 48 kHz using 32 bits per sample (channel mask 0x3)
[2016.04.18-10.21.05:780][522]LogInit: FAudioDevice initialized.
[2016.04.18-10.21.05:815][522]LogWorld: Game class is 'MyGame_C'
[2016.04.18-10.21.05:820][522]LogWorld: Bringing World /Game/StarterContent/Maps/UEDPIE_0_Minimal_Default.Minimal_Default up for play (max tick rate 60) at 2016.04.18-11.21.05
[2016.04.18-10.21.05:820][522]LogActor:Warning: GameSession /Game/StarterContent/Maps/UEDPIE_0_Minimal_Default.Minimal_Default:PersistentLevel.GameSession_1 has natively added scene component(s), but none of them were set as the actor's RootComponent - picking one arbitrarily
[2016.04.18-10.21.05:820][522]LogActor:Warning: GameNetworkManager /Game/StarterContent/Maps/UEDPIE_0_Minimal_Default.Minimal_Default:PersistentLevel.GameNetworkManager_1 has natively added scene component(s), but none of them were set as the actor's RootComponent - picking one arbitrarily
[2016.04.18-10.21.05:820][522]LogWorld: Bringing up level for play took: 0.003910
[2016.04.18-10.21.05:823][522]PIE: Info Play in editor start time for /Game/StarterContent/Maps/UEDPIE_0_Minimal_Default -0.629
[2016.04.18-10.21.05:823][522]LogBlueprintUserMessages: Late PlayInEditor Detection: Level '/Game/StarterContent/Maps/Minimal_Default.Minimal_Default:PersistentLevel' has LevelScriptBlueprint '/Game/StarterContent/Maps/Minimal_Default.Minimal_Default:PersistentLevel.Minimal_Default' with GeneratedClass '/Game/StarterContent/Maps/Minimal_Default.Minimal_Default_C' with ClassGeneratedBy '/Game/StarterContent/Maps/Minimal_Default.Minimal_Default:PersistentLevel.Minimal_Default'
[2016.04.18-10.21.19:429][902]LogBlueprintUserMessages: Early EndPlayMap Detection: Level '/Game/StarterContent/Maps/Minimal_Default.Minimal_Default:PersistentLevel' has LevelScriptBlueprint '/Game/StarterContent/Maps/Minimal_Default.Minimal_Default:PersistentLevel.Minimal_Default' with GeneratedClass '/Game/StarterContent/Maps/Minimal_Default.Minimal_Default_C' with ClassGeneratedBy '/Game/StarterContent/Maps/Minimal_Default.Minimal_Default:PersistentLevel.Minimal_Default'
[2016.04.18-10.21.19:487][902]LogBlueprintUserMessages: Late EndPlayMap Detection: Level '/Game/StarterContent/Maps/Minimal_Default.Minimal_Default:PersistentLevel' has LevelScriptBlueprint '/Game/StarterContent/Maps/Minimal_Default.Minimal_Default:PersistentLevel.Minimal_Default' with GeneratedClass '/Game/StarterContent/Maps/Minimal_Default.Minimal_Default_C' with ClassGeneratedBy '/Game/StarterContent/Maps/Minimal_Default.Minimal_Default:PersistentLevel.Minimal_Default'
[2016.04.18-10.21.19:529][903]LogParticles: Destroying 0 GPU particle simulations for FXSystem 0x0000015A69CD0D60
[2016.04.18-10.21.30:971][137]LogWindowsTextInputMethodSystem:Display: IME system now deactivated.
[2016.04.18-10.21.31:180][138]Cmd: QUIT_EDITOR
[2016.04.18-10.21.31:476][138]LogExit: Preparing to exit.
[2016.04.18-10.21.31:900][138]LogExit: Editor shut down
[2016.04.18-10.21.31:900][138]LogExit: Transaction tracking system shut down
[2016.04.18-10.21.31:904][138]LogParticles: Destroying 0 GPU particle simulations for FXSystem 0x0000015A2817E0C0
[2016.04.18-10.21.31:904][138]LogParticles: Destroying 0 GPU particle simulations for FXSystem 0x0000015A3F523920
[2016.04.18-10.21.31:904][138]LogParticles: Destroying 0 GPU particle simulations for FXSystem 0x0000015A3F45B380
[2016.04.18-10.21.31:904][138]LogParticles: Destroying 0 GPU particle simulations for FXSystem 0x0000015A3A5980E0
[2016.04.18-10.21.31:904][138]LogParticles: Destroying 0 GPU particle simulations for FXSystem 0x0000015A499E3EC0
[2016.04.18-10.21.31:904][138]LogParticles: Destroying 0 GPU particle simulations for FXSystem 0x0000015A499E3A60
[2016.04.18-10.21.31:904][138]LogParticles: Destroying 0 GPU particle simulations for FXSystem 0x0000015A499E3560
[2016.04.18-10.21.32:083][138]LogExit: Object subsystem successfully closed.
[2016.04.18-10.21.32:102][138]LogD3D11RHI: Shutdown
[2016.04.18-10.21.32:102][138]LogD3D11RHI: CleanupD3DDevice
[2016.04.18-10.21.32:206][138]LogD3D11RHI: ~FD3D11DynamicRHI
[2016.04.18-10.21.32:219][138]LogModuleManager: Shutting down and abandoning module BlueprintGraph (199)
[2016.04.18-10.21.32:219][138]LogModuleManager: Shutting down and abandoning module CrashTracker (198)
[2016.04.18-10.21.32:219][138]LogModuleManager: Shutting down and abandoning module SceneOutliner (197)
[2016.04.18-10.21.32:219][138]LogModuleManager: Shutting down and abandoning module SuperSearch (196)
[2016.04.18-10.21.32:219][138]LogModuleManager: Shutting down and abandoning module WidgetCarousel (195)
[2016.04.18-10.21.32:219][138]LogModuleManager: Shutting down and abandoning module AddContentDialog (194)
[2016.04.18-10.21.32:220][138]LogModuleManager: Shutting down and abandoning module EditorWidgets (193)
[2016.04.18-10.21.32:220][138]LogModuleManager: Shutting down and abandoning module CollectionManager (192)
[2016.04.18-10.21.32:220][138]LogModuleManager: Shutting down and abandoning module StatsViewer (191)
[2016.04.18-10.21.32:220][138]LogModuleManager: Shutting down and abandoning module FoliageEdit (190)
[2016.04.18-10.21.32:220][138]LogModuleManager: Shutting down and abandoning module LandscapeEditor (189)
[2016.04.18-10.21.32:220][138]LogModuleManager: Shutting down and abandoning module ActorPickerMode (188)
[2016.04.18-10.21.32:220][138]LogModuleManager: Shutting down and abandoning module GeometryMode (187)
[2016.04.18-10.21.32:220][138]LogModuleManager: Shutting down and abandoning module TextureAlignMode (186)
[2016.04.18-10.21.32:220][138]LogModuleManager: Shutting down and abandoning module BspMode (185)
[2016.04.18-10.21.32:220][138]LogModuleManager: Shutting down and abandoning module PlacementMode (184)
[2016.04.18-10.21.32:220][138]LogModuleManager: Shutting down and abandoning module AutomationWorker (183)
[2016.04.18-10.21.32:221][138]LogModuleManager: Shutting down and abandoning module CharacterAI (182)
[2016.04.18-10.21.32:221][138]LogModuleManager: Shutting down and abandoning module SmartSnapping (181)
[2016.04.18-10.21.32:221][138]LogModuleManager: Shutting down and abandoning module ViewportSnapping (180)
[2016.04.18-10.21.32:221][138]LogModuleManager: Shutting down and abandoning module LogVisualizer (179)
[2016.04.18-10.21.32:221][138]LogModuleManager: Shutting down and abandoning module GameProjectGeneration (178)
[2016.04.18-10.21.32:221][138]LogModuleManager: Shutting down and abandoning module IntroTutorials (177)
[2016.04.18-10.21.32:221][138]LogModuleManager: Shutting down and abandoning module EditorLiveStreaming (176)
[2016.04.18-10.21.32:221][138]LogModuleManager: Shutting down and abandoning module IOSPlatformEditor (175)
[2016.04.18-10.21.32:221][138]LogModuleManager: Shutting down and abandoning module HTML5PlatformEditor (174)
[2016.04.18-10.21.32:221][138]LogModuleManager: Shutting down and abandoning module AndroidDeviceDetection (173)
[2016.04.18-10.21.32:696][138]LogModuleManager: Shutting down and abandoning module AndroidPlatformEditor (172)
[2016.04.18-10.21.32:697][138]LogModuleManager: Shutting down and abandoning module IOSRuntimeSettings (171)
[2016.04.18-10.21.32:697][138]LogModuleManager: Shutting down and abandoning module AndroidRuntimeSettings (170)
[2016.04.18-10.21.32:697][138]LogModuleManager: Shutting down and abandoning module MergeActors (169)
[2016.04.18-10.21.32:697][138]LogModuleManager: Shutting down and abandoning module SizeMap (168)
[2016.04.18-10.21.32:697][138]LogModuleManager: Shutting down and abandoning module TreeMap (167)
[2016.04.18-10.21.32:697][138]LogModuleManager: Shutting down and abandoning module ReferenceViewer (166)
[2016.04.18-10.21.32:697][138]LogModuleManager: Shutting down and abandoning module LocalizationService (165)
[2016.04.18-10.21.32:697][138]LogModuleManager: Shutting down and abandoning module LocalizationDashboard (164)
[2016.04.18-10.21.32:697][138]LogModuleManager: Shutting down and abandoning module HardwareTargeting (163)
[2016.04.18-10.21.32:697][138]LogModuleManager: Shutting down and abandoning module DeviceProfileEditor (162)
[2016.04.18-10.21.32:697][138]LogModuleManager: Shutting down and abandoning module UndoHistory (161)
[2016.04.18-10.21.32:697][138]LogModuleManager: Shutting down and abandoning module GameplayTagsEditor (160)
[2016.04.18-10.21.32:697][138]LogModuleManager: Shutting down and abandoning module UserFeedback (159)
[2016.04.18-10.21.32:697][138]LogModuleManager: Shutting down and abandoning module XmlParser (158)
[2016.04.18-10.21.32:697][138]LogModuleManager: Shutting down and abandoning module Blutility (157)
[2016.04.18-10.21.32:697][138]LogModuleManager: Shutting down and abandoning module ProjectTargetPlatformEditor (156)
[2016.04.18-10.21.32:697][138]LogModuleManager: Shutting down and abandoning module ProjectSettingsViewer (155)
[2016.04.18-10.21.32:697][138]LogModuleManager: Shutting down and abandoning module InputBindingEditor (154)
[2016.04.18-10.21.32:697][138]LogModuleManager: Shutting down and abandoning module EditorSettingsViewer (153)
[2016.04.18-10.21.32:697][138]LogModuleManager: Shutting down and abandoning module SettingsEditor (152)
[2016.04.18-10.21.32:697][138]LogModuleManager: Shutting down and abandoning module ProjectLauncher (151)
[2016.04.18-10.21.32:697][138]LogModuleManager: Shutting down and abandoning module SessionFrontend (150)
[2016.04.18-10.21.32:697][138]LogModuleManager: Shutting down and abandoning module ProfilerClient (149)
[2016.04.18-10.21.32:697][138]LogModuleManager: Shutting down and abandoning module TargetDeviceServices (148)
[2016.04.18-10.21.32:697][138]LogModuleManager: Shutting down and abandoning module DeviceManager (147)
[2016.04.18-10.21.32:697][138]LogModuleManager: Shutting down and abandoning module AutomationController (146)
[2016.04.18-10.21.32:697][138]LogModuleManager: Shutting down and abandoning module AutomationWindow (145)
[2016.04.18-10.21.32:697][138]LogModuleManager: Shutting down and abandoning module Layers (144)
[2016.04.18-10.21.32:697][138]LogModuleManager: Shutting down and abandoning module ComponentVisualizers (143)
[2016.04.18-10.21.32:697][138]LogModuleManager: Shutting down and abandoning module DetailCustomizations (142)
[2016.04.18-10.21.32:697][138]LogModuleManager: Shutting down and abandoning module PackagesDialog (141)
[2016.04.18-10.21.32:697][138]LogModuleManager: Shutting down and abandoning module Persona (140)
[2016.04.18-10.21.32:697][138]LogModuleManager: Shutting down and abandoning module Kismet (139)
[2016.04.18-10.21.32:697][138]LogModuleManager: Shutting down and abandoning module GraphEditor (138)
[2016.04.18-10.21.32:697][138]LogModuleManager: Shutting down and abandoning module ClassViewer (137)
[2016.04.18-10.21.32:697][138]LogModuleManager: Shutting down and abandoning module Toolbox (136)
[2016.04.18-10.21.32:698][138]LogModuleManager: Shutting down and abandoning module ModuleUI (135)
[2016.04.18-10.21.32:698][138]LogModuleManager: Shutting down and abandoning module MovieSceneTools (134)
[2016.04.18-10.21.32:698][138]LogModuleManager: Shutting down and abandoning module OutputLog (133)
[2016.04.18-10.21.32:698][138]LogModuleManager: Shutting down and abandoning module GammaUI (132)
[2016.04.18-10.21.32:698][138]LogModuleManager: Shutting down and abandoning module Documentation (131)
[2016.04.18-10.21.32:698][138]LogModuleManager: Shutting down and abandoning module GameLiveStreaming (130)
[2016.04.18-10.21.32:698][138]LogModuleManager: Shutting down and abandoning module StreamingPauseRendering (129)
[2016.04.18-10.21.32:698][138]LogModuleManager: Shutting down and abandoning module AnalyticsET (128)
[2016.04.18-10.21.32:698][138]LogModuleManager: Shutting down and abandoning module Analytics (127)
[2016.04.18-10.21.32:698][138]LogModuleManager: Shutting down and abandoning module AITestSuite (126)
[2016.04.18-10.21.32:698][138]LogModuleManager: Shutting down and abandoning module GameplayDebugger (125)
[2016.04.18-10.21.32:698][138]LogModuleManager: Shutting down and abandoning module AIModule (124)
[2016.04.18-10.21.32:698][138]LogModuleManager: Shutting down and abandoning module ProfilerService (123)
[2016.04.18-10.21.32:874][138]LogModuleManager: Shutting down and abandoning module TaskGraph (122)
[2016.04.18-10.21.32:874][138]LogModuleManager: Shutting down and abandoning module SlateRemote (121)
[2016.04.18-10.21.32:874][138]LogModuleManager: Shutting down and abandoning module SteamVRController (120)
[2016.04.18-10.21.32:874][138]LogModuleManager: Shutting down and abandoning module SteamVR (119)
[2016.04.18-10.21.32:874][138]LogModuleManager: Shutting down and abandoning module ProceduralMeshComponent (118)
[2016.04.18-10.21.32:874][138]LogModuleManager: Shutting down and abandoning module OculusLibrary (117)
[2016.04.18-10.21.32:874][138]LogModuleManager: Shutting down and abandoning module OculusInput (116)
[2016.04.18-10.21.32:874][138]LogModuleManager: Shutting down and abandoning module LeapMotionController (115)
[2016.04.18-10.21.32:893][138]LogModuleManager: Shutting down and abandoning module CustomMeshComponent (114)
[2016.04.18-10.21.32:893][138]LogModuleManager: Shutting down and abandoning module CableComponent (113)
[2016.04.18-10.21.32:893][138]LogModuleManager: Shutting down and abandoning module ArchVisCharacter (112)
[2016.04.18-10.21.32:893][138]LogModuleManager: Shutting down and abandoning module MessagingDebugger (111)
[2016.04.18-10.21.32:893][138]LogModuleManager: Shutting down and abandoning module MediaPlayerEditor (110)
[2016.04.18-10.21.32:893][138]LogModuleManager: Shutting down and abandoning module HTML5Networking (109)
[2016.04.18-10.21.32:893][138]LogModuleManager: Shutting down and abandoning module SpeedTreeImporter (108)
[2016.04.18-10.21.32:893][138]LogModuleManager: Shutting down and abandoning module PluginBrowser (107)
[2016.04.18-10.21.32:893][138]LogModuleManager: Shutting down and abandoning module EpicSurvey (106)
[2016.04.18-10.21.32:893][138]LogModuleManager: Shutting down and abandoning module DesktopPlatform (105)
[2016.04.18-10.21.32:893][138]LogModuleManager: Shutting down and abandoning module VisualStudioSourceCodeAccess (104)
[2016.04.18-10.21.32:893][138]LogModuleManager: Shutting down and abandoning module UObjectPlugin (103)
[2016.04.18-10.21.32:893][138]LogModuleManager: Shutting down and abandoning module SubversionSourceControl (102)
[2016.04.18-10.21.32:893][138]LogModuleManager: Shutting down and abandoning module PerforceSourceControl (101)
[2016.04.18-10.21.32:893][138]LogModuleManager: Shutting down and abandoning module SourceControl (100)
[2016.04.18-10.21.32:893][138]LogModuleManager: Shutting down and abandoning module GitSourceControl (99)
[2016.04.18-10.21.32:893][138]LogModuleManager: Shutting down and abandoning module LightPropagationVolumeEditor (98)
[2016.04.18-10.21.32:893][138]LogModuleManager: Shutting down and abandoning module PaperTiledImporter (97)
[2016.04.18-10.21.32:893][138]LogModuleManager: Shutting down and abandoning module PaperSpriteSheetImporter (96)
[2016.04.18-10.21.32:893][138]LogModuleManager: Shutting down and abandoning module MeshPaint (95)
[2016.04.18-10.21.32:893][138]LogModuleManager: Shutting down and abandoning module SlateReflector (94)
[2016.04.18-10.21.32:893][138]LogModuleManager: Shutting down and abandoning module HotReload (93)
[2016.04.18-10.21.32:894][138]LogModuleManager: Shutting down and abandoning module MainFrame (92)
[2016.04.18-10.21.32:894][138]LogModuleManager: Shutting down and abandoning module LevelEditor (91)
[2016.04.18-10.21.32:895][138]LogModuleManager: Shutting down and abandoning module DirectoryWatcher (90)
[2016.04.18-10.21.32:895][138]LogModuleManager: Shutting down and abandoning module AssetRegistry (89)
[2016.04.18-10.21.32:982][138]LogModuleManager: Shutting down and abandoning module ContentBrowser (88)
[2016.04.18-10.21.32:982][138]LogModuleManager: Shutting down and abandoning module Paper2DEditor (87)
[2016.04.18-10.21.32:983][138]LogModuleManager: Shutting down and abandoning module UdpMessaging (86)
[2016.04.18-10.21.33:083][138]LogModuleManager: Shutting down and abandoning module LightPropagationVolumeRuntime (85)
[2016.04.18-10.21.33:083][138]LogModuleManager: Shutting down and abandoning module Paper2D (84)
[2016.04.18-10.21.33:083][138]LogModuleManager: Shutting down and abandoning module WindowsMoviePlayer (83)
[2016.04.18-10.21.33:086][138]LogModuleManager: Shutting down and abandoning module Media (82)
[2016.04.18-10.21.33:086][138]LogModuleManager: Shutting down and abandoning module WmfMedia (81)
[2016.04.18-10.21.33:086][138]LogModuleManager: Shutting down and abandoning module OnlineBlueprintSupport (80)
[2016.04.18-10.21.33:086][138]LogModuleManager: Shutting down and abandoning module GameplayTasksEditor (79)
[2016.04.18-10.21.33:086][138]LogModuleManager: Shutting down and abandoning module PropertyEditor (78)
[2016.04.18-10.21.33:086][138]LogModuleManager: Shutting down and abandoning module BehaviorTreeEditor (77)
[2016.04.18-10.21.33:086][138]LogModuleManager: Shutting down and abandoning module FunctionalTesting (76)
[2016.04.18-10.21.33:086][138]LogModuleManager: Shutting down and abandoning module CollisionAnalyzer (75)
[2016.04.18-10.21.33:086][138]LogModuleManager: Shutting down and abandoning module WorkspaceMenuStructure (74)
[2016.04.18-10.21.33:086][138]LogModuleManager: Shutting down and abandoning module MessageLog (73)
[2016.04.18-10.21.33:086][138]LogModuleManager: Shutting down and abandoning module Sequencer (72)
[2016.04.18-10.21.33:086][138]LogModuleManager: Shutting down and abandoning module AssetTools (71)
[2016.04.18-10.21.33:086][138]LogModuleManager: Shutting down and abandoning module UMGEditor (70)
[2016.04.18-10.21.33:086][138]LogModuleManager: Shutting down and abandoning module UMG (69)
[2016.04.18-10.21.33:086][138]LogModuleManager: Shutting down and abandoning module Slate (68)
[2016.04.18-10.21.33:086][138]LogModuleManager: Shutting down and abandoning module EditorStyle (67)
[2016.04.18-10.21.33:089][138]LogModuleManager: Shutting down and abandoning module SessionServices (66)
[2016.04.18-10.21.33:089][138]LogModuleManager: Shutting down and abandoning module SourceCodeAccess (65)
[2016.04.18-10.21.33:089][138]LogModuleManager: Shutting down and abandoning module HeadMountedDisplay (64)
[2016.04.18-10.21.33:089][138]LogModuleManager: Shutting down and abandoning module XAudio2 (63)
[2016.04.18-10.21.33:089][138]LogModuleManager: Shutting down and abandoning module Networking (61)
[2016.04.18-10.21.33:089][138]LogModuleManager: Shutting down and abandoning module Core (60)
[2016.04.18-10.21.33:089][138]LogModuleManager: Shutting down and abandoning module KismetCompiler (59)
[2016.04.18-10.21.33:089][138]LogModuleManager: Shutting down and abandoning module PhysXFormats (58)
[2016.04.18-10.21.33:089][138]LogModuleManager: Shutting down and abandoning module MeshUtilities (57)
[2016.04.18-10.21.33:089][138]LogModuleManager: Shutting down and abandoning module DerivedDataCache (56)
[2016.04.18-10.21.33:536][138]LogDerivedDataCache: Shutdown
[2016.04.18-10.21.33:536][138]LogModuleManager: Shutting down and abandoning module ShaderFormatOpenGL (55)
[2016.04.18-10.21.33:536][138]LogModuleManager: Shutting down and abandoning module ShaderFormatD3D (54)
[2016.04.18-10.21.33:536][138]LogModuleManager: Shutting down and abandoning module MetalShaderFormat (53)
[2016.04.18-10.21.33:536][138]LogModuleManager: Shutting down and abandoning module TextureFormatUncompressed (52)
[2016.04.18-10.21.33:536][138]LogModuleManager: Shutting down and abandoning module TextureFormatPVR (51)
[2016.04.18-10.21.33:536][138]LogModuleManager: Shutting down and abandoning module TextureFormatIntelISPCTexComp (50)
[2016.04.18-10.21.33:536][138]LogModuleManager: Shutting down and abandoning module TextureFormatDXT (49)
[2016.04.18-10.21.33:536][138]LogModuleManager: Shutting down and abandoning module ImageWrapper (48)
[2016.04.18-10.21.33:536][138]LogModuleManager: Shutting down and abandoning module TextureFormatASTC (47)
[2016.04.18-10.21.33:536][138]LogModuleManager: Shutting down and abandoning module TextureFormatAndroid (46)
[2016.04.18-10.21.33:536][138]LogModuleManager: Shutting down and abandoning module AudioFormatOpus (45)
[2016.04.18-10.21.33:537][138]LogModuleManager: Shutting down and abandoning module AudioFormatOgg (44)
[2016.04.18-10.21.33:537][138]LogModuleManager: Shutting down and abandoning module AudioFormatADPCM (43)
[2016.04.18-10.21.33:537][138]LogModuleManager: Shutting down and abandoning module LinuxTargetPlatform (42)
[2016.04.18-10.21.33:537][138]LogModuleManager: Shutting down and abandoning module LinuxServerTargetPlatform (41)
[2016.04.18-10.21.33:537][138]LogModuleManager: Shutting down and abandoning module LinuxNoEditorTargetPlatform (40)
[2016.04.18-10.21.33:537][138]LogModuleManager: Shutting down and abandoning module Messaging (39)
[2016.04.18-10.21.33:537][138]LogModuleManager: Shutting down and abandoning module IOSTargetPlatform (38)
[2016.04.18-10.21.33:537][138]LogModuleManager: Shutting down and abandoning module HTML5TargetPlatform (37)
[2016.04.18-10.21.33:537][138]LogModuleManager: Shutting down and abandoning module Android_PVRTCTargetPlatform (36)
[2016.04.18-10.21.33:537][138]LogModuleManager: Shutting down and abandoning module Android_MultiTargetPlatform (35)
[2016.04.18-10.21.33:537][138]LogModuleManager: Shutting down and abandoning module Android_ETC2TargetPlatform (34)
[2016.04.18-10.21.33:537][138]LogModuleManager: Shutting down and abandoning module Android_ETC1TargetPlatform (33)
[2016.04.18-10.21.33:537][138]LogModuleManager: Shutting down and abandoning module Android_DXTTargetPlatform (32)
[2016.04.18-10.21.33:537][138]LogModuleManager: Shutting down and abandoning module Android_ATCTargetPlatform (31)
[2016.04.18-10.21.33:537][138]LogModuleManager: Shutting down and abandoning module Android_ASTCTargetPlatform (30)
[2016.04.18-10.21.33:537][138]LogModuleManager: Shutting down and abandoning module AndroidTargetPlatform (29)
[2016.04.18-10.21.33:537][138]LogModuleManager: Shutting down and abandoning module WindowsTargetPlatform (28)
[2016.04.18-10.21.33:537][138]LogModuleManager: Shutting down and abandoning module WindowsServerTargetPlatform (27)
[2016.04.18-10.21.33:537][138]LogModuleManager: Shutting down and abandoning module WindowsNoEditorTargetPlatform (26)
[2016.04.18-10.21.33:537][138]LogModuleManager: Shutting down and abandoning module WindowsClientTargetPlatform (25)
[2016.04.18-10.21.33:537][138]LogModuleManager: Shutting down and abandoning module AllDesktopTargetPlatform (24)
[2016.04.18-10.21.33:537][138]LogModuleManager: Shutting down and abandoning module TargetPlatform (23)
[2016.04.18-10.21.33:537][138]LogModuleManager: Shutting down and abandoning module InputCore (22)
[2016.04.18-10.21.33:537][138]LogModuleManager: Shutting down and abandoning module Settings (21)
[2016.04.18-10.21.33:537][138]LogModuleManager: Shutting down and abandoning module OnlineSubsystem (19)
[2016.04.18-10.21.33:537][138]LogModuleManager: Shutting down and abandoning module HTTP (18)
[2016.04.18-10.21.35:540][138]LogModuleManager: Shutting down and abandoning module XMPP (17)
[2016.04.18-10.21.35:540][138]LogModuleManager: Shutting down and abandoning module OculusRift (16)
[2016.04.18-10.21.35:540][138]LogModuleManager: Shutting down and abandoning module ExampleDeviceProfileSelector (15)
[2016.04.18-10.21.35:540][138]LogModuleManager: Shutting down and abandoning module TextureCompressor (14)
[2016.04.18-10.21.35:540][138]LogModuleManager: Shutting down and abandoning module ShaderCore (13)
[2016.04.18-10.21.35:540][138]LogModuleManager: Shutting down and abandoning module Landscape (12)
[2016.04.18-10.21.35:540][138]LogModuleManager: Shutting down and abandoning module SlateRHIRenderer (11)
[2016.04.18-10.21.35:541][138]LogModuleManager: Shutting down and abandoning module OpenGLDrv (10)
[2016.04.18-10.21.35:541][138]LogModuleManager: Shutting down and abandoning module D3D11RHI (9)
[2016.04.18-10.21.35:541][138]LogModuleManager: Shutting down and abandoning module AnimGraphRuntime (8)
[2016.04.18-10.21.35:541][138]LogModuleManager: Shutting down and abandoning module Renderer (7)
[2016.04.18-10.21.35:541][138]LogModuleManager: Shutting down and abandoning module Engine (6)
[2016.04.18-10.21.35:541][138]LogModuleManager: Shutting down and abandoning module CoreUObject (5)
[2016.04.18-10.21.35:541][138]LogModuleManager: Shutting down and abandoning module NetworkFile (4)
[2016.04.18-10.21.35:541][138]LogModuleManager: Shutting down and abandoning module StreamingFile (3)
[2016.04.18-10.21.35:541][138]LogModuleManager: Shutting down and abandoning module SandboxFile (2)
[2016.04.18-10.21.35:541][138]LogModuleManager: Shutting down and abandoning module PakFile (1)
[2016.04.18-10.21.35:542][138]LogExit: Exiting.
[2016.04.18-10.21.35:543][138]Log file closed, 04/18/16 11:21:35
