[2016.04.07-11.15.40:947][  0]Log file open, 04/07/16 12:15:40
[2016.04.07-11.15.40:947][  0]LogInit:Display: Running engine for game: MyProject
[2016.04.07-11.15.40:947][  0]LogPlatformFile: Not using cached read wrapper
[2016.04.07-11.15.40:947][  0]LogInit:Display: RandInit(428997295) SRandInit(428997296).
[2016.04.07-11.15.40:947][  0]LogTaskGraph: Started task graph with 4 named threads and 7 total threads.
[2016.04.07-11.15.40:947][  0]LogStats: Stats thread started at 0.072546
[2016.04.07-11.15.40:947][  0]LogInit: Version: 4.10.4-2872498+++depot+UE4-Releases+4.10
[2016.04.07-11.15.40:947][  0]LogInit: API Version: 2758231
[2016.04.07-11.15.40:947][  0]LogInit: Compiled (64-bit): Feb 18 2016 15:47:04
[2016.04.07-11.15.40:947][  0]LogInit: Compiled with Visual C++: 19.00.23026.00
[2016.04.07-11.15.40:947][  0]LogInit: Build Configuration: Development
[2016.04.07-11.15.40:947][  0]LogInit: Branch Name: ++depot+UE4-Releases+4.10
[2016.04.07-11.15.40:947][  0]LogInit: Command line:  /Temp/Autosaves/Game/StarterContent/Maps/UEDPCMinimal_Default -game -PIEVIACONSOLE -ResX=1280 -ResY=720  -Multiprocess -featureleveles2 -faketouches 
[2016.04.07-11.15.40:947][  0]LogInit: Base directory: D:/UE4/Epic Games/4.10/Engine/Binaries/Win64/
[2016.04.07-11.15.40:947][  0]LogInit: Rocket: 1
[2016.04.07-11.15.40:954][  0]LogInit: Using libcurl 7.41.0
[2016.04.07-11.15.40:954][  0]LogInit:  - built for x86_64-pc-win32
[2016.04.07-11.15.40:954][  0]LogInit:  - supports SSL with WinSSL
[2016.04.07-11.15.40:954][  0]LogInit:  - other features:
[2016.04.07-11.15.40:954][  0]LogInit:      CURL_VERSION_SSL
[2016.04.07-11.15.40:954][  0]LogInit:      CURL_VERSION_IPV6
[2016.04.07-11.15.40:954][  0]LogInit:      CURL_VERSION_ASYNCHDNS
[2016.04.07-11.15.40:954][  0]LogInit:      CURL_VERSION_LARGEFILE
[2016.04.07-11.15.40:954][  0]LogInit:      CURL_VERSION_IDN
[2016.04.07-11.15.40:954][  0]LogInit:  CurlRequestOptions (configurable via config and command line):
[2016.04.07-11.15.40:954][  0]LogInit:  - bVerifyPeer = true  - Libcurl will verify peer certificate
[2016.04.07-11.15.40:954][  0]LogInit:  - bUseHttpProxy = false  - Libcurl will NOT use HTTP proxy
[2016.04.07-11.15.40:954][  0]LogInit:  - bDontReuseConnections = false  - Libcurl will reuse connections
[2016.04.07-11.15.40:954][  0]LogInit:  - CertBundlePath = nullptr  - Libcurl will use whatever was configured at build time.
[2016.04.07-11.15.40:959][  0]LogInit: Presizing for 0 objects not considered by GC, pre-allocating 0 bytes.
[2016.04.07-11.15.40:965][  0]LogInit: Object subsystem initialized
[2016.04.07-11.15.40:966][  0]LogInit: Selected Device Profile: [Windows]
[2016.04.07-11.15.40:966][  0]LogInit: Applying CVar settings loaded from the selected device profile: [Windows]
[2016.04.07-11.15.40:970][  0]LogInit: Computer: NII
[2016.04.07-11.15.40:970][  0]LogInit: User: Hugo
[2016.04.07-11.15.40:970][  0]LogInit: CPU Page size=4096, Cores=4
[2016.04.07-11.15.40:970][  0]LogInit: High frequency timer resolution =2.435780 MHz
[2016.04.07-11.15.40:970][  0]LogMemory: Memory total: Physical=11.9GB (12GB approx)
[2016.04.07-11.15.40:970][  0]LogMemory: Platform Memory Stats for Windows
[2016.04.07-11.15.40:970][  0]LogMemory: Process Physical Memory: 54.29 MB used, 54.29 MB peak
[2016.04.07-11.15.40:970][  0]LogMemory: Process Virtual Memory: 58.55 MB used, 58.55 MB peak
[2016.04.07-11.15.40:970][  0]LogMemory: Physical Memory: 4116.03 MB used, 12170.93 MB total
[2016.04.07-11.15.40:970][  0]LogMemory: Virtual Memory: 366.54 MB used, 134217728.00 MB total
[2016.04.07-11.15.41:007][  0]LogTextLocalizationManager: No translations for ('pt-PT') exist, falling back to 'en' for localization and internationalization data.
[2016.04.07-11.15.41:431][  0]LogD3D11RHI: Found D3D11 adapter 0: NVIDIA GeForce GTX 850M     (Feature Level 11_0)
[2016.04.07-11.15.41:431][  0]LogD3D11RHI: Adapter has 4013MB of dedicated video memory, 0MB of dedicated system memory, and 6085MB of shared system memory, 1 output[s]
[2016.04.07-11.15.41:440][  0]LogD3D11RHI: Found D3D11 adapter 1: Intel(R) HD Graphics 4600 (Feature Level 11_0)
[2016.04.07-11.15.41:440][  0]LogD3D11RHI: Adapter has 32MB of dedicated video memory, 0MB of dedicated system memory, and 1760MB of shared system memory, 0 output[s]
[2016.04.07-11.15.41:441][  0]LogD3D11RHI: Found D3D11 adapter 2: Microsoft Basic Render Driver (Feature Level 11_0)
[2016.04.07-11.15.41:441][  0]LogD3D11RHI: Adapter has 0MB of dedicated video memory, 0MB of dedicated system memory, and 256MB of shared system memory, 0 output[s]
[2016.04.07-11.15.41:441][  0]LogD3D11RHI: Chosen D3D11 Adapter Id = 0
[2016.04.07-11.15.41:445][  0]LogD3D11RHI: !Direct3DDevice
[2016.04.07-11.15.41:445][  0]LogRHI: Texture pool is 1361 MB (70% of 1945 MB)
[2016.04.07-11.15.41:458][  0]LogD3D11RHI: Async texture creation enabled
[2016.04.07-11.15.41:473][  0]LogShaderCompilers: Guid format shader working directory is 9 characters bigger than the processId version (../../../../../../Joguitos/MyProject/Intermediate/Shaders/WorkingDirectory/9100/).
[2016.04.07-11.15.41:473][  0]LogShaderCompilers: Cleaned the shader compiler working directory 'C:/Users/Hugo/AppData/Local/Temp/UnrealShaderWorkingDir/0A2B79714577C16327006A93247DD4BD/'.
[2016.04.07-11.15.41:473][  0]LogShaderCompilers:Display: Using Local Shader Compiler.
[2016.04.07-11.15.42:173][  0]LogTemp:Display: Loaded TP AllDesktopTargetPlatform
[2016.04.07-11.15.42:176][  0]LogTemp:Display: Loaded TP WindowsClientTargetPlatform
[2016.04.07-11.15.42:179][  0]LogTemp:Display: Loaded TP WindowsNoEditorTargetPlatform
[2016.04.07-11.15.42:182][  0]LogTemp:Display: Loaded TP WindowsServerTargetPlatform
[2016.04.07-11.15.42:186][  0]LogTemp:Display: Loaded TP WindowsTargetPlatform
[2016.04.07-11.15.42:188][  0]LogTemp:Display: Loaded TP AndroidTargetPlatform
[2016.04.07-11.15.42:190][  0]LogTemp:Display: Loaded TP Android_ASTCTargetPlatform
[2016.04.07-11.15.42:193][  0]LogTemp:Display: Loaded TP Android_ATCTargetPlatform
[2016.04.07-11.15.42:195][  0]LogTemp:Display: Loaded TP Android_DXTTargetPlatform
[2016.04.07-11.15.42:198][  0]LogTemp:Display: Loaded TP Android_ETC1TargetPlatform
[2016.04.07-11.15.42:200][  0]LogTemp:Display: Loaded TP Android_ETC2TargetPlatform
[2016.04.07-11.15.42:205][  0]LogTemp:Display: Loaded TP Android_MultiTargetPlatform
[2016.04.07-11.15.42:205][  0]LogTemp:Display: Loaded TP Android_PVRTCTargetPlatform
[2016.04.07-11.15.42:205][  0]LogTemp:Display: Loaded TP HTML5TargetPlatform
[2016.04.07-11.15.42:221][  0]LogTemp:Display: Loaded TP IOSTargetPlatform
[2016.04.07-11.15.42:223][  0]LogTemp:Display: Loaded TP LinuxNoEditorTargetPlatform
[2016.04.07-11.15.42:226][  0]LogTemp:Display: Loaded TP LinuxServerTargetPlatform
[2016.04.07-11.15.42:228][  0]LogTemp:Display: Loaded TP LinuxTargetPlatform
[2016.04.07-11.15.42:229][  0]LogTargetPlatformManager:Display: Building Assets For Windows
[2016.04.07-11.15.42:286][  0]LogDerivedDataCache:Display: Max Cache Size: 512 MB
[2016.04.07-11.15.42:328][  0]LogDerivedDataCache: Loaded boot cache 0.04s 41MB C:/Users/Hugo/AppData/Local/UnrealEngine/4.10/DerivedDataCache/Boot.ddc.
[2016.04.07-11.15.42:328][  0]LogDerivedDataCache:Display: Loaded Boot cache: C:/Users/Hugo/AppData/Local/UnrealEngine/4.10/DerivedDataCache/Boot.ddc
[2016.04.07-11.15.42:328][  0]LogDerivedDataCache: FDerivedDataBackendGraph:  Pak pak cache file ../../../../../../Joguitos/MyProject/DerivedDataCache/DDC.ddp not found, will not use a pak cache.
[2016.04.07-11.15.42:328][  0]LogDerivedDataCache: Unable to find inner node Pak for hierarchical cache Hierarchy.
[2016.04.07-11.15.42:328][  0]LogDerivedDataCache: FDerivedDataBackendGraph:  CompressedPak pak cache file ../../../../../../Joguitos/MyProject/DerivedDataCache/Compressed.ddp not found, will not use a pak cache.
[2016.04.07-11.15.42:328][  0]LogDerivedDataCache: Unable to find inner node CompressedPak for hierarchical cache Hierarchy.
[2016.04.07-11.15.42:381][  0]LogDerivedDataCache:Display: Pak cache opened for reading ../../../Engine/DerivedDataCache/Compressed.ddp.
[2016.04.07-11.15.42:395][  0]LogDerivedDataCache: Using Local data cache path C:/Users/Hugo/AppData/Local/UnrealEngine/Common/DerivedDataCache: Writable
[2016.04.07-11.15.42:673][  0]LogInit: Selected Device Profile: [Windows]
[2016.04.07-11.15.42:677][  0]LogContentStreaming: Texture pool size is 1000.000000MB
[2016.04.07-11.15.42:707][  0]LogMaterial: Missing cached shader map for material WorldGridMaterial, compiling. Is special engine material.
[2016.04.07-11.16.31:932][  0]LogMaterial: Missing cached shader map for material DefaultDeferredDecalMaterial, compiling. 
[2016.04.07-11.16.32:365][  0]LogMaterial: Missing cached shader map for material DefaultLightFunctionMaterial, compiling. 
[2016.04.07-11.16.32:510][  0]LogMaterial: Missing cached shader map for material DefaultPostProcessMaterial, compiling. 
[2016.04.07-11.16.32:928][  0]LogMaterial: Missing cached shader map for material Widget3DPassThrough, compiling. 
[2016.04.07-11.16.32:994][  0]LogMaterial: Missing cached shader map for material Widget3DPassThrough, compiling. 
[2016.04.07-11.16.32:998][  0]LogMaterial: Missing cached shader map for material Widget3DPassThrough, compiling. 
[2016.04.07-11.16.33:001][  0]LogMaterial: Missing cached shader map for material Widget3DPassThrough, compiling. 
[2016.04.07-11.16.33:007][  0]LogMaterial: Missing cached shader map for material Widget3DPassThrough, compiling. 
[2016.04.07-11.16.33:012][  0]LogMaterial: Missing cached shader map for material Widget3DPassThrough, compiling. 
[2016.04.07-11.16.33:047][  0]LogMeshUtilities: No automatic mesh reduction module available
[2016.04.07-11.16.33:047][  0]LogMeshUtilities: No automatic mesh merging module available
[2016.04.07-11.16.33:089][  0]LogMaterial: Missing cached shader map for material SkySphereMaterial, compiling. 
[2016.04.07-11.16.33:105][  0]LogMaterial: Missing cached shader map for material FloorPlaneMaterial, compiling. 
[2016.04.07-11.16.33:189][  0]LogMaterial: Missing cached shader map for material LandscapeGizmo_Mat, compiling. 
[2016.04.07-11.16.33:204][  0]LogMaterial: Missing cached shader map for material LandscapeGizmoHeight_Mat, compiling. 
[2016.04.07-11.16.33:231][  0]LogMaterial: Missing cached shader map for material SplineEditorMeshMat, compiling. 
[2016.04.07-11.16.33:241][  0]LogMaterial: Missing cached shader map for material MatineeCam_mat, compiling. 
[2016.04.07-11.16.33:270][  0]LogMaterial: Missing cached shader map for material HelpActorMaterial, compiling. 
[2016.04.07-11.16.33:306][  0]LogMaterial: Missing cached shader map for material DefaultTextMaterialOpaque, compiling. 
[2016.04.07-11.16.33:357][  0]LogMaterial: Missing cached shader map for material DefaultMaterial, compiling. 
[2016.04.07-11.16.33:423][  0]LogInit: WinSock: version 1.1 (2.2), MaxSocks=32767, MaxUdp=65467
[2016.04.07-11.16.33:800][  0]LogWindowsMoviePlayer: Unable to load movie: ../../../../../../Joguitos/MyProject/Content/Movies/Default_Startup.mp4
[2016.04.07-11.16.33:857][  0]LogMaterial: Missing cached shader map for material DefaultSpriteMaterial, compiling. 
[2016.04.07-11.16.33:863][  0]LogMaterial: Missing cached shader map for material DefaultSpriteMaterial, compiling. 
[2016.04.07-11.16.33:950][  0]SourceControl: Info Source control is disabled
[2016.04.07-11.16.33:950][  0]SourceControl: Info Source control is disabled
[2016.04.07-11.16.33:969][  0]SourceControl: Info Source control is disabled
[2016.04.07-11.16.34:107][  0]LogMaterial: Missing cached shader map for material LM_HandColor, compiling. 
[2016.04.07-11.16.34:133][  0]LogMaterial: Missing cached shader map for material LM_PassthroughMaterial, compiling. 
[2016.04.07-11.16.34:247][  0]LogObj: 27935 objects as part of root set at end of initial load.
[2016.04.07-11.16.34:247][  0]LogUObjectAllocator: 5830064 out of 0 bytes used by permanent object pool.
[2016.04.07-11.16.34:274][  0]LogMaterial: Missing cached shader map for material HighResScreenshot, compiling. 
[2016.04.07-11.16.34:280][  0]LogMaterial: Missing cached shader map for material HighResScreenshotMask, compiling. 
[2016.04.07-11.16.34:291][  0]LogMaterial: Missing cached shader map for material HighResScreenshotCaptureRegion, compiling. 
[2016.04.07-11.16.34:326][  0]LogEngine: Initializing Engine...
[2016.04.07-11.16.34:329][  0]LogHMD: Can't find Oculus library dev build: is proper Runtime installed? Version: 0.8.0.0
[2016.04.07-11.16.34:330][  0]LogHMD: SteamVR failed to initialize.  Err: 110
[2016.04.07-11.16.34:344][  0]LogMaterial: Missing cached shader map for material WireframeMaterial, compiling. Is special engine material.
[2016.04.07-11.16.34:373][  0]LogMaterial: Missing cached shader map for material LevelColorationLitMaterial, compiling. Is special engine material.
[2016.04.07-11.16.34:537][  0]LogMaterial: Missing cached shader map for material LevelColorationUnlitMaterial, compiling. Is special engine material.
[2016.04.07-11.16.34:562][  0]LogMaterial: Missing cached shader map for material MAT_LevelColorationLitLightmapUV, compiling. Is special engine material.
[2016.04.07-11.16.34:562][  0]LogMaterial:Warning: Failed to compile Material /Engine/EngineDebugMaterials/MAT_LevelColorationLitLightmapUV.MAT_LevelColorationLitLightmapUV for platform PCD3D_ES2, Default Material will be used in game.
[2016.04.07-11.16.34:562][  0]LogMaterial:Warning: 	(Node LightmapUVs) Node not supported in feature level ES2
[2016.04.07-11.16.34:568][  0]LogMaterial: Missing cached shader map for material ShadedLevelColorationLitMaterial, compiling. Is special engine material.
[2016.04.07-11.16.34:738][  0]LogMaterial: Missing cached shader map for material ShadedLevelColorationUnlitMateri, compiling. Is special engine material.
[2016.04.07-11.16.34:760][  0]LogMaterial: Missing cached shader map for material VertexColorMaterial, compiling. 
[2016.04.07-11.16.34:790][  0]LogMaterial: Missing cached shader map for material VertexColorViewMode_ColorOnly, compiling. 
[2016.04.07-11.16.34:799][  0]LogMaterial: Missing cached shader map for material VertexColorViewMode_AlphaAsColor, compiling. 
[2016.04.07-11.16.34:806][  0]LogMaterial: Missing cached shader map for material VertexColorViewMode_RedOnly, compiling. 
[2016.04.07-11.16.34:813][  0]LogMaterial: Missing cached shader map for material VertexColorViewMode_GreenOnly, compiling. 
[2016.04.07-11.16.34:821][  0]LogMaterial: Missing cached shader map for material VertexColorViewMode_BlueOnly, compiling. 
[2016.04.07-11.16.34:827][  0]LogMaterial: Missing cached shader map for material RemoveSurfaceMaterial, compiling. 
[2016.04.07-11.16.34:833][  0]LogMaterial: Missing cached shader map for material DebugMeshMaterial, compiling. 
[2016.04.07-11.16.34:841][  0]LogMaterial: Missing cached shader map for material M_InvalidLightmapSettings, compiling. 
[2016.04.07-11.16.34:859][  0]LogMaterial: Missing cached shader map for material GizmoMaterial, compiling. 
[2016.04.07-11.16.34:873][  0]LogInit: XAudio2 using 'Speakers (Realtek High Definition Audio)' : 2 channels at 48 kHz using 32 bits per sample (channel mask 0x3)
[2016.04.07-11.16.34:930][  0]LogInit: FAudioDevice initialized.
[2016.04.07-11.16.34:938][  0]LogInit: Texture streaming: Enabled
[2016.04.07-11.16.34:941][  0]LogMaterial: Missing cached shader map for material BaseColor, compiling. 
[2016.04.07-11.16.34:946][  0]LogMaterial: Missing cached shader map for material CustomDepth, compiling. 
[2016.04.07-11.16.34:958][  0]LogMaterial: Missing cached shader map for material CustomStencil, compiling. 
[2016.04.07-11.16.34:958][  0]LogMaterial:Warning: Failed to compile Material /Engine/BufferVisualization/CustomStencil.CustomStencil for platform PCD3D_ES2, Default Material will be used in game.
[2016.04.07-11.16.34:958][  0]LogMaterial:Warning: 	(Node SceneTexture) Node not supported in feature level ES2
[2016.04.07-11.16.34:961][  0]LogMaterial: Missing cached shader map for material DecalMask, compiling. 
[2016.04.07-11.16.34:967][  0]LogMaterial: Missing cached shader map for material FinalImage, compiling. 
[2016.04.07-11.16.34:972][  0]LogMaterial: Missing cached shader map for material LightingModel, compiling. 
[2016.04.07-11.16.34:977][  0]LogMaterial: Missing cached shader map for material MaterialAO, compiling. 
[2016.04.07-11.16.34:984][  0]LogMaterial: Missing cached shader map for material Metallic, compiling. 
[2016.04.07-11.16.34:990][  0]LogMaterial: Missing cached shader map for material Opacity, compiling. 
[2016.04.07-11.16.34:996][  0]LogMaterial: Missing cached shader map for material Roughness, compiling. 
[2016.04.07-11.16.35:002][  0]LogMaterial: Missing cached shader map for material SceneColor, compiling. 
[2016.04.07-11.16.35:007][  0]LogMaterial: Missing cached shader map for material SceneDepth, compiling. 
[2016.04.07-11.16.35:013][  0]LogMaterial: Missing cached shader map for material SeparateTranslucencyRGB, compiling. 
[2016.04.07-11.16.35:020][  0]LogMaterial: Missing cached shader map for material SeparateTranslucencyA, compiling. 
[2016.04.07-11.16.35:025][  0]LogMaterial: Missing cached shader map for material Specular, compiling. 
[2016.04.07-11.16.35:031][  0]LogMaterial: Missing cached shader map for material SubsurfaceColor, compiling. 
[2016.04.07-11.16.35:037][  0]LogMaterial: Missing cached shader map for material WorldNormal, compiling. 
[2016.04.07-11.16.35:043][  0]LogMaterial: Missing cached shader map for material AmbientOcclusion, compiling. 
[2016.04.07-11.16.35:053][  0]LogMaterial: Missing cached shader map for material CustomDepthWorldUnits, compiling. 
[2016.04.07-11.16.35:060][  0]LogMaterial: Missing cached shader map for material SceneDepthWorldUnits, compiling. 
[2016.04.07-11.16.35:134][  0]LogNet: Browse: /Temp/Autosaves/Game/StarterContent/Maps/UEDPCMinimal_Default?Name=Player
[2016.04.07-11.16.35:134][  0]LogLoad: LoadMap: /Temp/Autosaves/Game/StarterContent/Maps/UEDPCMinimal_Default?Name=Player
[2016.04.07-11.16.35:157][  0]LogParticles: Destroying 0 GPU particle simulations for FXSystem 0x00000036CC42FC40
[2016.04.07-11.16.35:245][  0]LogMemory: Platform Memory Stats for Windows
[2016.04.07-11.16.35:245][  0]LogMemory: Process Physical Memory: 559.16 MB used, 559.16 MB peak
[2016.04.07-11.16.35:245][  0]LogMemory: Process Virtual Memory: 573.82 MB used, 573.82 MB peak
[2016.04.07-11.16.35:245][  0]LogMemory: Physical Memory: 4737.96 MB used, 12170.93 MB total
[2016.04.07-11.16.35:245][  0]LogMemory: Virtual Memory: 1122.18 MB used, 134217728.00 MB total
[2016.04.07-11.16.35:245][  0]LogMemory: 
[2016.04.07-11.16.35:245][  0]Allocator Stats for TBB: (not implemented)
[2016.04.07-11.16.35:688][  0]LogMaterial: Missing cached shader map for material M_Metal_Copper, compiling. 
[2016.04.07-11.16.35:730][  0]LogMaterial: Missing cached shader map for material M_Metal_Burnished_Steel, compiling. 
[2016.04.07-11.16.35:782][  0]LogMaterial: Missing cached shader map for material M_Metal_Brushed_Nickel, compiling. 
[2016.04.07-11.16.35:834][  0]LogMaterial: Missing cached shader map for material M_Chair, compiling. 
[2016.04.07-11.16.35:906][  0]LogMaterial: Missing cached shader map for material M_StatueGlass, compiling. 
[2016.04.07-11.16.35:960][  0]LogMaterial: Missing cached shader map for material M_Sky_Panning_Clouds2, compiling. 
[2016.04.07-11.16.35:990][  0]LogMaterial: Missing cached shader map for material CharacterMaterial, compiling. 
[2016.04.07-11.16.36:022][  0]LogMaterial: Missing cached shader map for material M_Statue, compiling. 
[2016.04.07-11.16.36:049][  0]LogMaterial: Missing cached shader map for material M_TableRound, compiling. 
[2016.04.07-11.16.36:078][  0]LogMaterial: Missing cached shader map for material M_Basic_Floor, compiling. 
[2016.04.07-11.16.36:200][  0]LogAIModule: Creating AISystem for world Minimal_Default
[2016.04.07-11.16.36:201][  0]LogWorld: Game class is 'MyGame_C'
[2016.04.07-11.16.36:204][  0]LogWorld: Bringing World /Temp/Autosaves/Game/StarterContent/Maps/UEDPCMinimal_Default.Minimal_Default up for play (max tick rate 0) at 2016.04.07-12.16.36
[2016.04.07-11.16.36:205][  0]LogWorld: Bringing up level for play took: 0.002788
[2016.04.07-11.16.36:280][  0]LogInit:Display: Game Engine Initialized.
[2016.04.07-11.16.36:504][  0]LogLoad: Full Startup: 55.80 seconds (BP compile: 0.13 seconds)
[2016.04.07-11.16.36:599][  0]LogOcInput: Can't find Oculus library dev build: is proper Runtime installed? Version: 0.8.0.0
[2016.04.07-11.16.36:655][  1]LogRenderer: Reallocating scene render targets to support 1280x720 (Frame:2).
[2016.04.07-11.17.40:167][902]LogWindowsTextInputMethodSystem:Display: IME system now deactivated.
[2016.04.07-11.17.40:176][902]LogEngine: All Windows Closed
[2016.04.07-11.17.40:176][902]LogWindows: FPlatformMisc::RequestExit(0)
[2016.04.07-11.17.40:378][903]LogExit: Preparing to exit.
[2016.04.07-11.17.40:510][903]LogExit: Game engine shut down
[2016.04.07-11.17.40:512][903]LogParticles: Destroying 0 GPU particle simulations for FXSystem 0x00000036EEA9CEA0
[2016.04.07-11.17.40:704][903]LogExit: Object subsystem successfully closed.
[2016.04.07-11.17.40:713][903]LogD3D11RHI: Shutdown
[2016.04.07-11.17.40:713][903]LogD3D11RHI: CleanupD3DDevice
[2016.04.07-11.17.40:742][903]LogD3D11RHI: ~FD3D11DynamicRHI
[2016.04.07-11.17.40:750][903]LogModuleManager: Shutting down and abandoning module AndroidDeviceDetection (117)
[2016.04.07-11.17.41:554][903]LogModuleManager: Shutting down and abandoning module AutomationController (116)
[2016.04.07-11.17.41:554][903]LogModuleManager: Shutting down and abandoning module AutomationWorker (115)
[2016.04.07-11.17.41:554][903]LogModuleManager: Shutting down and abandoning module CharacterAI (114)
[2016.04.07-11.17.41:554][903]LogModuleManager: Shutting down and abandoning module AITestSuite (113)
[2016.04.07-11.17.41:554][903]LogModuleManager: Shutting down and abandoning module GameplayDebugger (112)
[2016.04.07-11.17.41:554][903]LogModuleManager: Shutting down and abandoning module AIModule (111)
[2016.04.07-11.17.41:554][903]LogModuleManager: Shutting down and abandoning module MovieSceneCapture (110)
[2016.04.07-11.17.41:554][903]LogModuleManager: Shutting down and abandoning module GameLiveStreaming (109)
[2016.04.07-11.17.41:554][903]LogModuleManager: Shutting down and abandoning module StreamingPauseRendering (108)
[2016.04.07-11.17.41:554][903]LogModuleManager: Shutting down and abandoning module ProfilerService (107)
[2016.04.07-11.17.41:555][903]LogModuleManager: Shutting down and abandoning module TaskGraph (106)
[2016.04.07-11.17.41:555][903]LogModuleManager: Shutting down and abandoning module SlateRemote (105)
[2016.04.07-11.17.41:555][903]LogModuleManager: Shutting down and abandoning module SteamVRController (104)
[2016.04.07-11.17.41:555][903]LogModuleManager: Shutting down and abandoning module SteamVR (103)
[2016.04.07-11.17.41:555][903]LogModuleManager: Shutting down and abandoning module ProceduralMeshComponent (102)
[2016.04.07-11.17.41:555][903]LogModuleManager: Shutting down and abandoning module OculusLibrary (101)
[2016.04.07-11.17.41:555][903]LogModuleManager: Shutting down and abandoning module OculusInput (100)
[2016.04.07-11.17.41:555][903]LogModuleManager: Shutting down and abandoning module LeapMotionController (99)
[2016.04.07-11.17.41:569][903]LogModuleManager: Shutting down and abandoning module CustomMeshComponent (98)
[2016.04.07-11.17.41:569][903]LogModuleManager: Shutting down and abandoning module CableComponent (97)
[2016.04.07-11.17.41:569][903]LogModuleManager: Shutting down and abandoning module ArchVisCharacter (96)
[2016.04.07-11.17.41:569][903]LogModuleManager: Shutting down and abandoning module HTML5Networking (95)
[2016.04.07-11.17.41:569][903]LogModuleManager: Shutting down and abandoning module DesktopPlatform (94)
[2016.04.07-11.17.41:569][903]LogModuleManager: Shutting down and abandoning module DirectoryWatcher (93)
[2016.04.07-11.17.41:569][903]LogModuleManager: Shutting down and abandoning module HotReload (92)
[2016.04.07-11.17.41:569][903]LogModuleManager: Shutting down and abandoning module VisualStudioSourceCodeAccess (91)
[2016.04.07-11.17.41:569][903]LogModuleManager: Shutting down and abandoning module UObjectPlugin (90)
[2016.04.07-11.17.41:569][903]LogModuleManager: Shutting down and abandoning module SubversionSourceControl (89)
[2016.04.07-11.17.41:569][903]LogModuleManager: Shutting down and abandoning module SourceControl (88)
[2016.04.07-11.17.41:569][903]LogModuleManager: Shutting down and abandoning module PerforceSourceControl (87)
[2016.04.07-11.17.41:569][903]LogModuleManager: Shutting down and abandoning module UdpMessaging (86)
[2016.04.07-11.17.41:569][903]LogModuleManager: Shutting down and abandoning module LightPropagationVolumeRuntime (85)
[2016.04.07-11.17.41:569][903]LogModuleManager: Shutting down and abandoning module Paper2D (84)
[2016.04.07-11.17.41:569][903]LogModuleManager: Shutting down and abandoning module WindowsMoviePlayer (83)
[2016.04.07-11.17.41:570][903]LogModuleManager: Shutting down and abandoning module Media (82)
[2016.04.07-11.17.41:570][903]LogModuleManager: Shutting down and abandoning module WmfMedia (81)
[2016.04.07-11.17.41:570][903]LogModuleManager: Shutting down and abandoning module OnlineBlueprintSupport (80)
[2016.04.07-11.17.41:570][903]LogModuleManager: Shutting down and abandoning module GameplayTasksEditor (79)
[2016.04.07-11.17.41:570][903]LogModuleManager: Shutting down and abandoning module PropertyEditor (78)
[2016.04.07-11.17.41:570][903]LogModuleManager: Shutting down and abandoning module BehaviorTreeEditor (77)
[2016.04.07-11.17.41:570][903]LogModuleManager: Shutting down and abandoning module FunctionalTesting (76)
[2016.04.07-11.17.41:570][903]LogModuleManager: Shutting down and abandoning module CollisionAnalyzer (75)
[2016.04.07-11.17.41:570][903]LogModuleManager: Shutting down and abandoning module WorkspaceMenuStructure (74)
[2016.04.07-11.17.41:570][903]LogModuleManager: Shutting down and abandoning module MessageLog (73)
[2016.04.07-11.17.41:570][903]LogModuleManager: Shutting down and abandoning module Sequencer (72)
[2016.04.07-11.17.41:570][903]LogModuleManager: Shutting down and abandoning module AssetTools (71)
[2016.04.07-11.17.41:570][903]LogModuleManager: Shutting down and abandoning module UMGEditor (70)
[2016.04.07-11.17.41:570][903]LogModuleManager: Shutting down and abandoning module UMG (69)
[2016.04.07-11.17.41:570][903]LogModuleManager: Shutting down and abandoning module Slate (68)
[2016.04.07-11.17.41:570][903]LogModuleManager: Shutting down and abandoning module EditorStyle (67)
[2016.04.07-11.17.41:571][903]LogModuleManager: Shutting down and abandoning module SessionServices (66)
[2016.04.07-11.17.41:571][903]LogModuleManager: Shutting down and abandoning module SourceCodeAccess (65)
[2016.04.07-11.17.41:571][903]LogModuleManager: Shutting down and abandoning module HeadMountedDisplay (64)
[2016.04.07-11.17.41:571][903]LogModuleManager: Shutting down and abandoning module XAudio2 (63)
[2016.04.07-11.17.41:571][903]LogModuleManager: Shutting down and abandoning module Networking (61)
[2016.04.07-11.17.41:571][903]LogModuleManager: Shutting down and abandoning module Core (60)
[2016.04.07-11.17.41:571][903]LogModuleManager: Shutting down and abandoning module KismetCompiler (59)
[2016.04.07-11.17.41:571][903]LogModuleManager: Shutting down and abandoning module PhysXFormats (58)
[2016.04.07-11.17.41:571][903]LogModuleManager: Shutting down and abandoning module MeshUtilities (57)
[2016.04.07-11.17.41:571][903]LogModuleManager: Shutting down and abandoning module DerivedDataCache (56)
[2016.04.07-11.17.41:969][903]LogDerivedDataCache: Shutdown
[2016.04.07-11.17.41:969][903]LogModuleManager: Shutting down and abandoning module ShaderFormatOpenGL (55)
[2016.04.07-11.17.41:969][903]LogModuleManager: Shutting down and abandoning module ShaderFormatD3D (54)
[2016.04.07-11.17.41:969][903]LogModuleManager: Shutting down and abandoning module MetalShaderFormat (53)
[2016.04.07-11.17.41:969][903]LogModuleManager: Shutting down and abandoning module TextureFormatUncompressed (52)
[2016.04.07-11.17.41:969][903]LogModuleManager: Shutting down and abandoning module TextureFormatPVR (51)
[2016.04.07-11.17.41:969][903]LogModuleManager: Shutting down and abandoning module TextureFormatIntelISPCTexComp (50)
[2016.04.07-11.17.41:969][903]LogModuleManager: Shutting down and abandoning module TextureFormatDXT (49)
[2016.04.07-11.17.41:969][903]LogModuleManager: Shutting down and abandoning module ImageWrapper (48)
[2016.04.07-11.17.41:969][903]LogModuleManager: Shutting down and abandoning module TextureFormatASTC (47)
[2016.04.07-11.17.41:969][903]LogModuleManager: Shutting down and abandoning module TextureFormatAndroid (46)
[2016.04.07-11.17.41:969][903]LogModuleManager: Shutting down and abandoning module AudioFormatOpus (45)
[2016.04.07-11.17.41:969][903]LogModuleManager: Shutting down and abandoning module AudioFormatOgg (44)
[2016.04.07-11.17.41:969][903]LogModuleManager: Shutting down and abandoning module AudioFormatADPCM (43)
[2016.04.07-11.17.41:969][903]LogModuleManager: Shutting down and abandoning module LinuxTargetPlatform (42)
[2016.04.07-11.17.41:969][903]LogModuleManager: Shutting down and abandoning module LinuxServerTargetPlatform (41)
[2016.04.07-11.17.41:969][903]LogModuleManager: Shutting down and abandoning module LinuxNoEditorTargetPlatform (40)
[2016.04.07-11.17.41:969][903]LogModuleManager: Shutting down and abandoning module Messaging (39)
[2016.04.07-11.17.41:969][903]LogModuleManager: Shutting down and abandoning module IOSTargetPlatform (38)
[2016.04.07-11.17.41:969][903]LogModuleManager: Shutting down and abandoning module HTML5TargetPlatform (37)
[2016.04.07-11.17.41:969][903]LogModuleManager: Shutting down and abandoning module Android_PVRTCTargetPlatform (36)
[2016.04.07-11.17.41:969][903]LogModuleManager: Shutting down and abandoning module Android_MultiTargetPlatform (35)
[2016.04.07-11.17.41:969][903]LogModuleManager: Shutting down and abandoning module Android_ETC2TargetPlatform (34)
[2016.04.07-11.17.41:969][903]LogModuleManager: Shutting down and abandoning module Android_ETC1TargetPlatform (33)
[2016.04.07-11.17.41:969][903]LogModuleManager: Shutting down and abandoning module Android_DXTTargetPlatform (32)
[2016.04.07-11.17.41:969][903]LogModuleManager: Shutting down and abandoning module Android_ATCTargetPlatform (31)
[2016.04.07-11.17.41:969][903]LogModuleManager: Shutting down and abandoning module Android_ASTCTargetPlatform (30)
[2016.04.07-11.17.41:969][903]LogModuleManager: Shutting down and abandoning module AndroidTargetPlatform (29)
[2016.04.07-11.17.41:969][903]LogModuleManager: Shutting down and abandoning module WindowsTargetPlatform (28)
[2016.04.07-11.17.41:969][903]LogModuleManager: Shutting down and abandoning module WindowsServerTargetPlatform (27)
[2016.04.07-11.17.41:969][903]LogModuleManager: Shutting down and abandoning module WindowsNoEditorTargetPlatform (26)
[2016.04.07-11.17.41:969][903]LogModuleManager: Shutting down and abandoning module WindowsClientTargetPlatform (25)
[2016.04.07-11.17.41:969][903]LogModuleManager: Shutting down and abandoning module AllDesktopTargetPlatform (24)
[2016.04.07-11.17.41:969][903]LogModuleManager: Shutting down and abandoning module TargetPlatform (23)
[2016.04.07-11.17.41:969][903]LogModuleManager: Shutting down and abandoning module InputCore (22)
[2016.04.07-11.17.41:969][903]LogModuleManager: Shutting down and abandoning module Settings (21)
[2016.04.07-11.17.41:969][903]LogModuleManager: Shutting down and abandoning module OnlineSubsystem (19)
[2016.04.07-11.17.41:969][903]LogModuleManager: Shutting down and abandoning module HTTP (18)
[2016.04.07-11.17.41:970][903]LogModuleManager: Shutting down and abandoning module XMPP (17)
[2016.04.07-11.17.41:970][903]LogModuleManager: Shutting down and abandoning module OculusRift (16)
[2016.04.07-11.17.41:970][903]LogModuleManager: Shutting down and abandoning module ExampleDeviceProfileSelector (15)
[2016.04.07-11.17.41:970][903]LogModuleManager: Shutting down and abandoning module TextureCompressor (14)
[2016.04.07-11.17.41:970][903]LogModuleManager: Shutting down and abandoning module ShaderCore (13)
[2016.04.07-11.17.41:970][903]LogModuleManager: Shutting down and abandoning module Landscape (12)
[2016.04.07-11.17.41:970][903]LogModuleManager: Shutting down and abandoning module SlateRHIRenderer (11)
[2016.04.07-11.17.41:970][903]LogModuleManager: Shutting down and abandoning module OpenGLDrv (10)
[2016.04.07-11.17.41:970][903]LogModuleManager: Shutting down and abandoning module D3D11RHI (9)
[2016.04.07-11.17.41:970][903]LogModuleManager: Shutting down and abandoning module AnimGraphRuntime (8)
[2016.04.07-11.17.41:970][903]LogModuleManager: Shutting down and abandoning module Renderer (7)
[2016.04.07-11.17.41:970][903]LogModuleManager: Shutting down and abandoning module Engine (6)
[2016.04.07-11.17.41:970][903]LogModuleManager: Shutting down and abandoning module CoreUObject (5)
[2016.04.07-11.17.41:970][903]LogModuleManager: Shutting down and abandoning module NetworkFile (4)
[2016.04.07-11.17.41:970][903]LogModuleManager: Shutting down and abandoning module StreamingFile (3)
[2016.04.07-11.17.41:970][903]LogModuleManager: Shutting down and abandoning module SandboxFile (2)
[2016.04.07-11.17.41:970][903]LogModuleManager: Shutting down and abandoning module PakFile (1)
[2016.04.07-11.17.41:971][903]LogExit: Exiting.
[2016.04.07-11.17.41:972][903]Log file closed, 04/07/16 12:17:41
