[2016.04.13-13.15.24:558][  0]Log file open, 04/13/16 14:15:24
[2016.04.13-13.15.24:558][  0]LogInit:Display: Running engine for game: MyProject
[2016.04.13-13.15.24:558][  0]LogPlatformFile: Not using cached read wrapper
[2016.04.13-13.15.24:558][  0]LogInit:Display: RandInit(404957355) SRandInit(404957355).
[2016.04.13-13.15.24:558][  0]LogTaskGraph: Started task graph with 4 named threads and 7 total threads.
[2016.04.13-13.15.24:558][  0]LogStats: Stats thread started at 0.070743
[2016.04.13-13.15.24:558][  0]LogInit: Version: 4.10.4-2872498+++depot+UE4-Releases+4.10
[2016.04.13-13.15.24:558][  0]LogInit: API Version: 2758231
[2016.04.13-13.15.24:558][  0]LogInit: Compiled (64-bit): Feb 18 2016 15:47:04
[2016.04.13-13.15.24:558][  0]LogInit: Compiled with Visual C++: 19.00.23026.00
[2016.04.13-13.15.24:558][  0]LogInit: Build Configuration: Development
[2016.04.13-13.15.24:558][  0]LogInit: Branch Name: ++depot+UE4-Releases+4.10
[2016.04.13-13.15.24:558][  0]LogInit: Command line: -EpicPortal 
[2016.04.13-13.15.24:558][  0]LogInit: Base directory: C:/Program Files (x86)/Epic Games/4.10/Engine/Binaries/Win64/
[2016.04.13-13.15.24:558][  0]LogInit: Rocket: 1
[2016.04.13-13.15.24:566][  0]LogInit: Using libcurl 7.41.0
[2016.04.13-13.15.24:566][  0]LogInit:  - built for x86_64-pc-win32
[2016.04.13-13.15.24:566][  0]LogInit:  - supports SSL with WinSSL
[2016.04.13-13.15.24:566][  0]LogInit:  - other features:
[2016.04.13-13.15.24:566][  0]LogInit:      CURL_VERSION_SSL
[2016.04.13-13.15.24:566][  0]LogInit:      CURL_VERSION_IPV6
[2016.04.13-13.15.24:566][  0]LogInit:      CURL_VERSION_ASYNCHDNS
[2016.04.13-13.15.24:566][  0]LogInit:      CURL_VERSION_LARGEFILE
[2016.04.13-13.15.24:566][  0]LogInit:      CURL_VERSION_IDN
[2016.04.13-13.15.24:566][  0]LogInit:  CurlRequestOptions (configurable via config and command line):
[2016.04.13-13.15.24:566][  0]LogInit:  - bVerifyPeer = true  - Libcurl will verify peer certificate
[2016.04.13-13.15.24:566][  0]LogInit:  - bUseHttpProxy = false  - Libcurl will NOT use HTTP proxy
[2016.04.13-13.15.24:566][  0]LogInit:  - bDontReuseConnections = false  - Libcurl will reuse connections
[2016.04.13-13.15.24:566][  0]LogInit:  - CertBundlePath = nullptr  - Libcurl will use whatever was configured at build time.
[2016.04.13-13.15.24:570][  0]LogInit: Presizing for 0 objects not considered by GC, pre-allocating 0 bytes.
[2016.04.13-13.15.24:576][  0]LogInit: Object subsystem initialized
[2016.04.13-13.15.24:577][  0]LogInit: Selected Device Profile: [Windows]
[2016.04.13-13.15.24:577][  0]LogInit: Applying CVar settings loaded from the selected device profile: [Windows]
[2016.04.13-13.15.24:585][  0]LogInit: Computer: MARCELO
[2016.04.13-13.15.24:585][  0]LogInit: User: Marcelo
[2016.04.13-13.15.24:585][  0]LogInit: CPU Page size=4096, Cores=4
[2016.04.13-13.15.24:585][  0]LogInit: High frequency timer resolution =2.338347 MHz
[2016.04.13-13.15.24:585][  0]LogMemory: Memory total: Physical=15.9GB (16GB approx)
[2016.04.13-13.15.24:585][  0]LogMemory: Platform Memory Stats for Windows
[2016.04.13-13.15.24:585][  0]LogMemory: Process Physical Memory: 56.07 MB used, 56.07 MB peak
[2016.04.13-13.15.24:585][  0]LogMemory: Process Virtual Memory: 58.88 MB used, 58.88 MB peak
[2016.04.13-13.15.24:585][  0]LogMemory: Physical Memory: 3633.60 MB used, 16294.87 MB total
[2016.04.13-13.15.24:585][  0]LogMemory: Virtual Memory: 385.63 MB used, 134217728.00 MB total
[2016.04.13-13.15.24:617][  0]LogTextLocalizationManager: No translations for ('pt-PT') exist, falling back to 'en' for localization and internationalization data.
[2016.04.13-13.15.25:019][  0]LogD3D11RHI: Found D3D11 adapter 0: Intel(R) HD Graphics 4600 (Feature Level 11_0)
[2016.04.13-13.15.25:019][  0]LogD3D11RHI: Adapter has 112MB of dedicated video memory, 0MB of dedicated system memory, and 8147MB of shared system memory, 1 output[s]
[2016.04.13-13.15.25:028][  0]LogD3D11RHI: Found D3D11 adapter 1: AMD Radeon R9 M200X Series (Feature Level 11_0)
[2016.04.13-13.15.25:028][  0]LogD3D11RHI: Adapter has 2030MB of dedicated video memory, 0MB of dedicated system memory, and 8147MB of shared system memory, 0 output[s]
[2016.04.13-13.15.25:030][  0]LogD3D11RHI: Found D3D11 adapter 2: Microsoft Basic Render Driver (Feature Level 11_0)
[2016.04.13-13.15.25:030][  0]LogD3D11RHI: Adapter has 0MB of dedicated video memory, 0MB of dedicated system memory, and 8147MB of shared system memory, 0 output[s]
[2016.04.13-13.15.25:030][  0]LogD3D11RHI: Chosen D3D11 Adapter Id = 0
[2016.04.13-13.15.25:033][  0]LogD3D11RHI: !Direct3DDevice
[2016.04.13-13.15.25:034][  0]LogRHI: Texture pool is 1361 MB (70% of 1945 MB)
[2016.04.13-13.15.25:039][  0]LogD3D11RHI: Async texture creation enabled
[2016.04.13-13.15.25:043][  0]LogShaderCompilers: Guid format shader working directory is -20 characters bigger than the processId version (../../../../../../Users/Marcelo/Documents/Unreal Projects/MyProject5/Intermediate/Shaders/WorkingDirectory/4680/).
[2016.04.13-13.15.25:043][  0]LogShaderCompilers: Cleaned the shader compiler working directory 'C:/Users/Marcelo/AppData/Local/Temp/UnrealShaderWorkingDir/5C90AFA2438A06C9BFFAA3AE9A4C20D2/'.
[2016.04.13-13.15.25:043][  0]LogShaderCompilers:Display: Using Local Shader Compiler.
[2016.04.13-13.15.25:847][  0]LogTemp:Display: Loaded TP AllDesktopTargetPlatform
[2016.04.13-13.15.25:851][  0]LogTemp:Display: Loaded TP WindowsClientTargetPlatform
[2016.04.13-13.15.25:856][  0]LogTemp:Display: Loaded TP WindowsNoEditorTargetPlatform
[2016.04.13-13.15.25:858][  0]LogTemp:Display: Loaded TP WindowsServerTargetPlatform
[2016.04.13-13.15.25:863][  0]LogTemp:Display: Loaded TP WindowsTargetPlatform
[2016.04.13-13.15.25:865][  0]LogTemp:Display: Loaded TP AndroidTargetPlatform
[2016.04.13-13.15.25:868][  0]LogTemp:Display: Loaded TP Android_ASTCTargetPlatform
[2016.04.13-13.15.25:870][  0]LogTemp:Display: Loaded TP Android_ATCTargetPlatform
[2016.04.13-13.15.25:872][  0]LogTemp:Display: Loaded TP Android_DXTTargetPlatform
[2016.04.13-13.15.25:875][  0]LogTemp:Display: Loaded TP Android_ETC1TargetPlatform
[2016.04.13-13.15.25:878][  0]LogTemp:Display: Loaded TP Android_ETC2TargetPlatform
[2016.04.13-13.15.25:883][  0]LogTemp:Display: Loaded TP Android_MultiTargetPlatform
[2016.04.13-13.15.25:883][  0]LogTemp:Display: Loaded TP Android_PVRTCTargetPlatform
[2016.04.13-13.15.25:884][  0]LogTemp:Display: Loaded TP HTML5TargetPlatform
[2016.04.13-13.15.25:900][  0]LogTemp:Display: Loaded TP IOSTargetPlatform
[2016.04.13-13.15.25:902][  0]LogTemp:Display: Loaded TP LinuxNoEditorTargetPlatform
[2016.04.13-13.15.25:905][  0]LogTemp:Display: Loaded TP LinuxServerTargetPlatform
[2016.04.13-13.15.25:908][  0]LogTemp:Display: Loaded TP LinuxTargetPlatform
[2016.04.13-13.15.25:908][  0]LogTargetPlatformManager:Display: Building Assets For Windows
[2016.04.13-13.15.25:979][  0]LogDerivedDataCache:Display: Max Cache Size: 512 MB
[2016.04.13-13.15.26:020][  0]LogDerivedDataCache: Loaded boot cache 0.04s 41MB C:/Users/Marcelo/AppData/Local/UnrealEngine/4.10/DerivedDataCache/Boot.ddc.
[2016.04.13-13.15.26:020][  0]LogDerivedDataCache:Display: Loaded Boot cache: C:/Users/Marcelo/AppData/Local/UnrealEngine/4.10/DerivedDataCache/Boot.ddc
[2016.04.13-13.15.26:020][  0]LogDerivedDataCache: FDerivedDataBackendGraph:  Pak pak cache file ../../../../../../Users/Marcelo/Documents/Unreal Projects/MyProject5/DerivedDataCache/DDC.ddp not found, will not use a pak cache.
[2016.04.13-13.15.26:020][  0]LogDerivedDataCache: Unable to find inner node Pak for hierarchical cache Hierarchy.
[2016.04.13-13.15.26:020][  0]LogDerivedDataCache: FDerivedDataBackendGraph:  CompressedPak pak cache file ../../../../../../Users/Marcelo/Documents/Unreal Projects/MyProject5/DerivedDataCache/Compressed.ddp not found, will not use a pak cache.
[2016.04.13-13.15.26:020][  0]LogDerivedDataCache: Unable to find inner node CompressedPak for hierarchical cache Hierarchy.
[2016.04.13-13.15.26:079][  0]LogDerivedDataCache:Display: Pak cache opened for reading ../../../Engine/DerivedDataCache/Compressed.ddp.
[2016.04.13-13.15.26:091][  0]LogDerivedDataCache: Using Local data cache path C:/Users/Marcelo/AppData/Local/UnrealEngine/Common/DerivedDataCache: Writable
[2016.04.13-13.15.26:260][  0]LogInit: Selected Device Profile: [Windows]
[2016.04.13-13.15.26:261][  0]LogContentStreaming: Texture pool size is 0.000000MB
[2016.04.13-13.15.26:369][  0]LogMeshUtilities: No automatic mesh reduction module available
[2016.04.13-13.15.26:369][  0]LogMeshUtilities: No automatic mesh merging module available
[2016.04.13-13.15.26:585][  0]LogInit: WinSock: version 1.1 (2.2), MaxSocks=32767, MaxUdp=65467
[2016.04.13-13.15.27:328][  0]UdpMessaging: Initializing bridge on interface 0.0.0.0:0 to multicast group 230.0.0.1:6666.
[2016.04.13-13.15.27:426][  0]LogAssetRegistry: FAssetRegistry took 0.0113 seconds to start up
[2016.04.13-13.15.27:568][  0]SourceControl: Info Source control is disabled
[2016.04.13-13.15.27:569][  0]SourceControl: Info Source control is disabled
[2016.04.13-13.15.27:581][  0]SourceControl: Info Source control is disabled
[2016.04.13-13.15.27:592][  0]SourceControl: Info Source control is disabled
[2016.04.13-13.15.27:847][  0]LogObj: 28633 objects as part of root set at end of initial load.
[2016.04.13-13.15.27:847][  0]LogUObjectAllocator: 6099752 out of 0 bytes used by permanent object pool.
[2016.04.13-13.15.27:898][  0]LogEngine: Initializing Engine...
[2016.04.13-13.15.27:901][  0]LogHMD: Can't find Oculus library dev build: is proper Runtime installed? Version: 0.8.0.0
[2016.04.13-13.15.27:902][  0]LogHMD: SteamVR failed to initialize.  Err: 110
[2016.04.13-13.15.27:997][  0]LogAIModule: Creating AISystem for world NewWorld
[2016.04.13-13.15.28:001][  0]LogInit: XAudio2 using 'Altifalantes (Realtek High Definition Audio)' : 2 channels at 48 kHz using 32 bits per sample (channel mask 0x3)
[2016.04.13-13.15.28:051][  0]LogInit: FAudioDevice initialized.
[2016.04.13-13.15.28:072][  0]LogDerivedDataCache: Saved boot cache 0.02s 41MB C:/Users/Marcelo/AppData/Local/UnrealEngine/4.10/DerivedDataCache/Boot.ddc.
[2016.04.13-13.15.28:075][  0]LogInit: Texture streaming: Enabled
[2016.04.13-13.15.28:078][  0]LogAnalytics: Creating configured Analytics provider AnalyticsET
[2016.04.13-13.15.28:078][  0]LogAnalytics: [UEEditor.Rocket.Release] APIServer = http://et2.epicgames.com/ET2/. AppVersion = 4.10.4-2872498+++depot+UE4-Releases+4.10
[2016.04.13-13.15.28:078][  0]LogAnalytics: [UEEditor.Rocket.Release] SetUserId b25cc0d14c3ac3be6f8b6eb4c9ba9e23|e5057c738a494ed7a0e7d3385aa340d8|df345036-25e4-4eae-acd1-187ff5b838df
[2016.04.13-13.15.28:078][  0]LogAnalytics: [UEEditor.Rocket.Release] AnalyticsET::StartSession
[2016.04.13-13.15.28:085][  0]LogInit: Transaction tracking system initialized
[2016.04.13-13.15.28:101][  0]BlueprintLog: New page: Editor Load
[2016.04.13-13.15.28:152][  0]LocalizationService: Info Localization service is disabled
[2016.04.13-13.15.28:211][  0]LogLinker:Warning: Can't find file '/Game/ThirdPersonBP/ThirdPersonOverview'
[2016.04.13-13.15.28:211][  0]LogLinker:Warning: Can't find file '/Game/ThirdPersonBP/ThirdPersonOverview'
[2016.04.13-13.15.28:211][  0]LogUObjectGlobals:Warning: Failed to find object 'Class /Game/ThirdPersonBP/ThirdPersonOverview.ThirdPersonOverview_C'
[2016.04.13-13.15.28:231][  0]LogConsoleResponse:Display: 
[2016.04.13-13.15.28:357][  0]LogFileCache: Scanning file cache for directory 'C:/Users/Marcelo/Documents/Unreal Projects/MyProject5/Content/' took 0.01s
[2016.04.13-13.15.28:357][  0]LogCook:Display: Done creating registry. It took  0.00s.
[2016.04.13-13.15.28:406][  0]SourceControl: Info Source control is disabled
[2016.04.13-13.15.28:407][  0]Cmd: MAP LOAD FILE="../../../../../../Users/Marcelo/Documents/Unreal Projects/MyProject5/Content/StarterContent/Maps/Minimal_Default.umap" TEMPLATE=0 SHOWPROGRESS=1 FEATURELEVEL=3
[2016.04.13-13.15.28:439][  0]LightingResults: New page: Lighting Build
[2016.04.13-13.15.28:441][  0]MapCheck: New page: Map Check
[2016.04.13-13.15.28:441][  0]LightingResults: New page: Lighting Build
[2016.04.13-13.15.28:453][  0]LogParticles: Destroying 0 GPU particle simulations for FXSystem 0x0000014F44953B00
[2016.04.13-13.15.32:666][  0]LogAIModule: Creating AISystem for world Minimal_Default
[2016.04.13-13.15.32:703][  0]LogEditorServer: Finished looking for orphan Actors (0.000 secs)
[2016.04.13-13.15.32:763][  0]Cmd: MAP CHECKDEP NOCLEARLOG
[2016.04.13-13.15.32:822][  0]MapCheck: Info Map check complete: 0 Error(s), 0 Warning(s), took 58.368ms to complete.
[2016.04.13-13.15.32:822][  0]LogFileHelpers: Loading map 'Minimal_Default' took 4.415
[2016.04.13-13.15.33:569][  0]LogCollectionManager: Loaded 0 collections in 0.004781 seconds
[2016.04.13-13.15.34:049][  0]LogFileCache: Scanning file cache for directory 'C:/Users/Marcelo/Documents/Unreal Projects/MyProject5/Saved/Collections/' took 0.01s
[2016.04.13-13.15.34:049][  0]LogFileCache: Scanning file cache for directory 'C:/Users/Marcelo/Documents/Unreal Projects/MyProject5/Content/Developers/Marcelo/Collections/' took 0.01s
[2016.04.13-13.15.34:049][  0]LogFileCache: Scanning file cache for directory 'C:/Users/Marcelo/Documents/Unreal Projects/MyProject5/Content/Collections/' took 0.01s
[2016.04.13-13.15.34:049][  0]LogCollectionManager: Rebuilt the GUID cache for 0 collections in 0.000002 seconds
[2016.04.13-13.15.34:074][  0]LogContentBrowser: Native class hierarchy populated in 0.0240 seconds. Added 1893 classes and 338 folders.
[2016.04.13-13.15.34:200][  0]LogContentBrowser: Native class hierarchy updated for 'WidgetCarousel' in 0.0007 seconds. Added 0 classes and 0 folders.
[2016.04.13-13.15.34:771][  0]LogContentBrowser: Native class hierarchy updated for 'AddContentDialog' in 0.0005 seconds. Added 0 classes and 0 folders.
[2016.04.13-13.15.34:900][  0]LogContentBrowser: Native class hierarchy updated for 'SceneOutliner' in 0.0006 seconds. Added 1 classes and 2 folders.
[2016.04.13-13.15.35:340][  0]LogCrashTracker: Crashtracker disabled due to settings.
[2016.04.13-13.15.35:465][  0]LogUObjectGlobals:Warning: Failed to find object 'Class None.'
[2016.04.13-13.15.35:502][  0]LogLoad: Full Startup: 11.50 seconds (BP compile: 0.26 seconds)
[2016.04.13-13.15.35:522][  0]LogOcInput: Can't find Oculus library dev build: is proper Runtime installed? Version: 0.8.0.0
[2016.04.13-13.15.35:664][  0]LogContentStreaming: Texture pool size now 1000 MB
[2016.04.13-13.15.36:378][  0]LogRenderer: Reallocating scene render targets to support 864x432 (Frame:2).
[2016.04.13-13.15.37:686][  5]LogAssetRegistry: Asset discovery search completed in 10.2718 seconds
[2016.04.13-13.15.37:686][  5]LogCollectionManager: Rebuilt the object cache for 0 collections in 0.000001 seconds (found 0 objects)
[2016.04.13-13.15.37:686][  5]LogCollectionManager: Fixed up redirectors for 0 collections in 0.000021 seconds (updated 0 objects)
[2016.04.13-13.15.43:214][151]LogBlueprintUserMessages: Early PlayInEditor Detection: Level '/Game/StarterContent/Maps/Minimal_Default.Minimal_Default:PersistentLevel' has LevelScriptBlueprint '/Game/StarterContent/Maps/Minimal_Default.Minimal_Default:PersistentLevel.Minimal_Default' with GeneratedClass '/Game/StarterContent/Maps/Minimal_Default.Minimal_Default_C' with ClassGeneratedBy '/Game/StarterContent/Maps/Minimal_Default.Minimal_Default:PersistentLevel.Minimal_Default'
[2016.04.13-13.15.43:214][151]LogPlayLevel: PlayLevel: No blueprints needed recompiling
[2016.04.13-13.15.43:217][151]PIE: New page: PIE session: Minimal_Default (Apr 13, 2016, 3:15:43 PM)
[2016.04.13-13.15.43:219][151]LogPlayLevel: Creating play world package: /Game/StarterContent/Maps/UEDPIE_0_Minimal_Default
[2016.04.13-13.15.43:243][151]LogPlayLevel: PIE: StaticDuplicateObject took: (0.024330s)
[2016.04.13-13.15.43:244][151]LogAIModule: Creating AISystem for world Minimal_Default
[2016.04.13-13.15.43:244][151]LogPlayLevel: PIE: World Init took: (0.000606s)
[2016.04.13-13.15.43:244][151]LogPlayLevel: PIE: Created PIE world by copying editor world from /Game/StarterContent/Maps/Minimal_Default.Minimal_Default to /Game/StarterContent/Maps/UEDPIE_0_Minimal_Default.Minimal_Default (0.027478s)
[2016.04.13-13.15.43:245][151]LogActorComponent: UnregisterComponent: (/Engine/Transient.CharMoveComp) Not registered. Aborting.
[2016.04.13-13.15.43:271][151]LogInit: XAudio2 using 'Altifalantes (Realtek High Definition Audio)' : 2 channels at 48 kHz using 32 bits per sample (channel mask 0x3)
[2016.04.13-13.15.43:277][151]LogInit: FAudioDevice initialized.
[2016.04.13-13.15.43:330][151]LogWorld: Game class is 'MyGame_C'
[2016.04.13-13.15.43:354][151]LogWorld: Bringing World /Game/StarterContent/Maps/UEDPIE_0_Minimal_Default.Minimal_Default up for play (max tick rate 60) at 2016.04.13-14.15.43
[2016.04.13-13.15.43:354][151]LogActor:Warning: GameSession /Game/StarterContent/Maps/UEDPIE_0_Minimal_Default.Minimal_Default:PersistentLevel.GameSession_0 has natively added scene component(s), but none of them were set as the actor's RootComponent - picking one arbitrarily
[2016.04.13-13.15.43:355][151]LogActor:Warning: GameNetworkManager /Game/StarterContent/Maps/UEDPIE_0_Minimal_Default.Minimal_Default:PersistentLevel.GameNetworkManager_0 has natively added scene component(s), but none of them were set as the actor's RootComponent - picking one arbitrarily
[2016.04.13-13.15.43:355][151]LogWorld: Bringing up level for play took: 0.002630
[2016.04.13-13.15.43:489][151]PIE: Info Play in editor start time for /Game/StarterContent/Maps/UEDPIE_0_Minimal_Default 0.778
[2016.04.13-13.15.43:489][151]LogBlueprintUserMessages: Late PlayInEditor Detection: Level '/Game/StarterContent/Maps/Minimal_Default.Minimal_Default:PersistentLevel' has LevelScriptBlueprint '/Game/StarterContent/Maps/Minimal_Default.Minimal_Default:PersistentLevel.Minimal_Default' with GeneratedClass '/Game/StarterContent/Maps/Minimal_Default.Minimal_Default_C' with ClassGeneratedBy '/Game/StarterContent/Maps/Minimal_Default.Minimal_Default:PersistentLevel.Minimal_Default'
[2016.04.13-13.16.17:274][349]LogBlueprintUserMessages: Early EndPlayMap Detection: Level '/Game/StarterContent/Maps/Minimal_Default.Minimal_Default:PersistentLevel' has LevelScriptBlueprint '/Game/StarterContent/Maps/Minimal_Default.Minimal_Default:PersistentLevel.Minimal_Default' with GeneratedClass '/Game/StarterContent/Maps/Minimal_Default.Minimal_Default_C' with ClassGeneratedBy '/Game/StarterContent/Maps/Minimal_Default.Minimal_Default:PersistentLevel.Minimal_Default'
[2016.04.13-13.16.17:342][349]LogBlueprintUserMessages: Late EndPlayMap Detection: Level '/Game/StarterContent/Maps/Minimal_Default.Minimal_Default:PersistentLevel' has LevelScriptBlueprint '/Game/StarterContent/Maps/Minimal_Default.Minimal_Default:PersistentLevel.Minimal_Default' with GeneratedClass '/Game/StarterContent/Maps/Minimal_Default.Minimal_Default_C' with ClassGeneratedBy '/Game/StarterContent/Maps/Minimal_Default.Minimal_Default:PersistentLevel.Minimal_Default'
[2016.04.13-13.16.17:357][349]LogParticles: Destroying 0 GPU particle simulations for FXSystem 0x0000014F386F9DA0
[2016.04.13-13.16.20:526][402]LogLinker:Warning: Asset '../../../Engine/Content/ArtTools/RenderToTexture/Macros/RenderToTextureMacros.uasset' has been saved with empty engine version. The asset will be loaded but may be incompatible.
[2016.04.13-13.16.21:698][402]LogContentBrowser: Native class hierarchy updated for 'BlueprintGraph' in 0.0008 seconds. Added 107 classes and 0 folders.
[2016.04.13-13.16.26:442][561]LogRenderer: Reallocating scene render targets to support 912x540 (Frame:1435).
[2016.04.13-13.22.36:952][519]LogEditorViewport: Clicking on Actor (LMB): StaticMeshActor (Floor)
[2016.04.13-13.23.19:729][538]Cmd: BRUSH ADD SELECTNEWBRUSH
[2016.04.13-13.23.25:827][675]Cmd: DELETE
[2016.04.13-13.23.25:827][675]Cmd: ACTOR DELETE
[2016.04.13-13.23.26:166][675]LogEditorActor: Deleted Actor: Brush
[2016.04.13-13.23.26:167][675]LogActorComponent: UnregisterComponent: (/Engine/Transient.CharMoveComp) Not registered. Aborting.
[2016.04.13-13.23.26:200][675]LogEditorActor: Deleted 1 Actors (0.035 secs)
[2016.04.13-13.23.29:327][749]LogActorFactory: Actor Factory created Cube
[2016.04.13-13.23.29:790][760]LogActorFactory: Actor Factory created Cube
[2016.04.13-13.23.58:086][435]Cmd: EDIT COPY
[2016.04.13-13.23.58:381][442]Cmd: EDIT PASTE
[2016.04.13-13.24.36:342][313]Cmd: EDIT COPY
[2016.04.13-13.24.36:541][317]Cmd: EDIT PASTE
[2016.04.13-13.24.52:052][681]LogEditorViewport: Clicking on Actor (LMB): StaticMeshActor (Cube)
[2016.04.13-13.25.01:530][899]Cmd: EDIT PASTE
[2016.04.13-13.26.18:232][689]LogEditorViewport: Clicking on Actor (LMB): StaticMeshActor (Cube3)
[2016.04.13-13.26.30:149][978]LogEditorViewport: Clicking on Actor (LMB): StaticMeshActor (Cube3)
[2016.04.13-13.26.30:352][982]Cmd: DELETE
[2016.04.13-13.26.30:352][982]Cmd: ACTOR DELETE
[2016.04.13-13.26.30:352][982]LogEditorActor: Deleted Actor: StaticMeshActor
[2016.04.13-13.26.30:353][982]LogActorComponent: UnregisterComponent: (/Engine/Transient.CharMoveComp) Not registered. Aborting.
[2016.04.13-13.26.30:397][982]LogEditorActor: Deleted 1 Actors (0.045 secs)
[2016.04.13-13.26.30:922][996]LogEditorViewport: Clicking on Actor (LMB): StaticMeshActor (Cube4)
[2016.04.13-13.26.31:119][  0]Cmd: DELETE
[2016.04.13-13.26.31:119][  0]Cmd: ACTOR DELETE
[2016.04.13-13.26.31:120][  0]LogEditorActor: Deleted Actor: StaticMeshActor
[2016.04.13-13.26.31:152][  0]LogEditorActor: Deleted 1 Actors (0.032 secs)
[2016.04.13-13.26.31:645][ 13]LogEditorViewport: Clicking on Actor (LMB): StaticMeshActor (Cube)
[2016.04.13-13.26.31:883][ 18]Cmd: DELETE
[2016.04.13-13.26.31:883][ 18]Cmd: ACTOR DELETE
[2016.04.13-13.26.31:884][ 18]LogEditorActor: Deleted Actor: StaticMeshActor
[2016.04.13-13.26.31:915][ 18]LogEditorActor: Deleted 1 Actors (0.032 secs)
[2016.04.13-13.26.32:773][ 40]LogEditorViewport: Clicking on Actor (LMB): StaticMeshActor (Cube2)
[2016.04.13-13.26.33:214][ 50]Cmd: DELETE
[2016.04.13-13.26.33:214][ 50]Cmd: ACTOR DELETE
[2016.04.13-13.26.33:215][ 50]LogEditorActor: Deleted Actor: StaticMeshActor
[2016.04.13-13.26.33:248][ 50]LogEditorActor: Deleted 1 Actors (0.034 secs)
[2016.04.13-13.26.39:646][205]LogActorFactory: Actor Factory created Wall_400x300
[2016.04.13-13.26.41:267][245]LogActorFactory: Actor Factory created Wall_400x300
[2016.04.13-13.26.42:315][256]LogActorFactory: Actor Factory created Wall_400x300
[2016.04.13-13.26.44:941][321]LogActorFactory: Actor Factory created Wall_400x300
[2016.04.13-13.26.45:811][342]Cmd: DELETE
[2016.04.13-13.26.45:811][342]Cmd: ACTOR DELETE
[2016.04.13-13.26.45:812][342]LogEditorActor: Deleted Actor: StaticMeshActor
[2016.04.13-13.26.45:813][342]LogActorComponent: UnregisterComponent: (/Engine/Transient.CharMoveComp) Not registered. Aborting.
[2016.04.13-13.26.45:851][342]LogEditorActor: Deleted 1 Actors (0.040 secs)
[2016.04.13-13.26.53:015][450]LogActorFactory: Actor Factory created Wall_Door_400x300
[2016.04.13-13.26.54:904][497]LogActorFactory: Actor Factory created Wall_Door_400x300
[2016.04.13-13.27.22:105][635]LogActorComponent: UnregisterComponent: (/Engine/Transient.CharMoveComp) Not registered. Aborting.
[2016.04.13-13.27.22:775][635]LogSavePackage: Save=110.362152ms
[2016.04.13-13.27.22:775][635]LogSavePackage: Moving '../../../../../../Users/Marcelo/Documents/Unreal Projects/MyProject5/Saved/Minimal_Default_Auto10B62B5F0428038ED836720AF6BBBACD6.tmp' to '../../../../../../Users/Marcelo/Documents/Unreal Projects/MyProject5/Saved/Autosaves/Game/StarterContent/Maps/Minimal_Default_Auto1.umap'
[2016.04.13-13.27.22:778][635]LogSavePackage: Total save time: 498.788245ms
[2016.04.13-13.27.22:778][635]LogSavePackage:Display: Finished SavePackage ../../../../../../Users/Marcelo/Documents/Unreal Projects/MyProject5/Saved/Autosaves/Game/StarterContent/Maps/Minimal_Default_Auto1.umap
[2016.04.13-13.27.22:780][635]LogFileHelpers: Editor autosave (incl. sublevels) for '/Game/StarterContent/Maps/Minimal_Default' took 0.675
[2016.04.13-13.27.22:780][635]LogFileHelpers: Editor autosave (incl. sublevels) for all levels took 0.675
[2016.04.13-13.27.22:786][635]OBJ SavePackage: Generating thumbnails for [1] asset(s) in package [/Game/Character/CharacterBP] ([1] browsable assets)...
[2016.04.13-13.27.22:819][635]OBJ SavePackage:     Rendered thumbnail for [Blueprint /Game/Character/CharacterBP.CharacterBP]
[2016.04.13-13.27.22:819][635]OBJ SavePackage: Finished generating thumbnails for package [/Game/Character/CharacterBP]
[2016.04.13-13.27.23:161][635]LogSavePackage: Save=292.098236ms
[2016.04.13-13.27.23:162][635]LogSavePackage: Moving '../../../../../../Users/Marcelo/Documents/Unreal Projects/MyProject5/Saved/CharacterBP_Auto1F4739E354451C0F46240E78AC12E6071.tmp' to '../../../../../../Users/Marcelo/Documents/Unreal Projects/MyProject5/Saved/Autosaves/Game/Character/CharacterBP_Auto1.uasset'
[2016.04.13-13.27.23:164][635]LogSavePackage: Total save time: 343.357079ms
[2016.04.13-13.27.23:164][635]LogSavePackage:Display: Finished SavePackage ../../../../../../Users/Marcelo/Documents/Unreal Projects/MyProject5/Saved/Autosaves/Game/Character/CharacterBP_Auto1.uasset
[2016.04.13-13.27.23:164][635]LogFileHelpers: Auto-saving content packages took 0.383
[2016.04.13-13.28.13:677][944]LogEditorViewport: Clicking on Actor (LMB): StaticMeshActor (Wall_400x300)
[2016.04.13-13.28.14:764][969]Cmd: EDIT COPY
[2016.04.13-13.28.15:066][976]Cmd: EDIT PASTE
[2016.04.13-13.28.21:118][115]LogEditorViewport: Clicking on Actor (LMB): StaticMeshActor (Wall_400x301)
[2016.04.13-13.28.22:997][157]LogEditorViewport: Clicking on Actor (LMB): StaticMeshActor (Wall_400x300)
[2016.04.13-13.28.24:035][182]Cmd: EDIT PASTE
[2016.04.13-13.28.29:948][319]Cmd: TRANSACTION UNDO
[2016.04.13-13.28.29:949][319]LogEditorTransaction: Undo Rotate Actors
[2016.04.13-13.28.30:521][332]Cmd: TRANSACTION UNDO
[2016.04.13-13.28.30:521][332]LogEditorTransaction: Undo Paste
[2016.04.13-13.28.31:858][362]Cmd: TRANSACTION UNDO
[2016.04.13-13.28.31:858][362]LogEditorTransaction: Undo Clicking on Actors
[2016.04.13-13.28.33:588][401]Cmd: EDIT COPY
[2016.04.13-13.28.33:814][404]Cmd: EDIT PASTE
[2016.04.13-13.28.56:570][937]LogEditorViewport: Clicking on Actor (LMB): StaticMeshActor (Wall_Door_400x300)
[2016.04.13-13.29.38:816][751]LogActorFactory: Actor Factory created Wall_400x400
[2016.04.13-13.29.39:328][763]LogActorFactory: Actor Factory created Wall_400x400
[2016.04.13-13.29.51:751][ 47]Cmd: TRANSACTION UNDO
[2016.04.13-13.29.51:752][ 47]LogEditorTransaction: Undo Move Actors
[2016.04.13-13.29.54:158][ 98]Cmd: TRANSACTION UNDO
[2016.04.13-13.29.54:158][ 98]LogEditorTransaction: Undo Move Actors
[2016.04.13-13.30.03:988][322]LogBlueprintUserMessages: Early PlayInEditor Detection: Level '/Game/StarterContent/Maps/Minimal_Default.Minimal_Default:PersistentLevel' has LevelScriptBlueprint '/Game/StarterContent/Maps/Minimal_Default.Minimal_Default:PersistentLevel.Minimal_Default' with GeneratedClass '/Game/StarterContent/Maps/Minimal_Default.Minimal_Default_C' with ClassGeneratedBy '/Game/StarterContent/Maps/Minimal_Default.Minimal_Default:PersistentLevel.Minimal_Default'
[2016.04.13-13.30.03:988][322]BlueprintLog: New page: Pre-Play auto-recompile
[2016.04.13-13.30.03:993][322]LogActorComponent: UnregisterComponent: (/Engine/Transient.CharMoveComp) Not registered. Aborting.
[2016.04.13-13.30.04:014][322]LogPlayLevel: [PlayLevel] Compiling CharacterBP before play...
[2016.04.13-13.30.04:151][322]LogPlayLevel: PlayLevel: Blueprint regeneration took 162 ms (2 blueprints)
[2016.04.13-13.30.04:153][322]LogPlayLevel: [PlayLevel] Compiling CharacterAnimBP before play...
[2016.04.13-13.30.04:238][322]LogPlayLevel: PlayLevel: Blueprint regeneration took 249 ms (2 blueprints)
[2016.04.13-13.30.04:271][322]PIE: New page: PIE session: Minimal_Default (Apr 13, 2016, 3:30:04 PM)
[2016.04.13-13.30.04:271][322]LogPlayLevel: Creating play world package: /Game/StarterContent/Maps/UEDPIE_0_Minimal_Default
[2016.04.13-13.30.04:279][322]LogPlayLevel: PIE: StaticDuplicateObject took: (0.008214s)
[2016.04.13-13.30.04:280][322]LogAIModule: Creating AISystem for world Minimal_Default
[2016.04.13-13.30.04:280][322]LogPlayLevel: PIE: World Init took: (0.000675s)
[2016.04.13-13.30.04:280][322]LogPlayLevel: PIE: Created PIE world by copying editor world from /Game/StarterContent/Maps/Minimal_Default.Minimal_Default to /Game/StarterContent/Maps/UEDPIE_0_Minimal_Default.Minimal_Default (0.009057s)
[2016.04.13-13.30.04:304][322]LogInit: XAudio2 using 'Altifalantes (Realtek High Definition Audio)' : 2 channels at 48 kHz using 32 bits per sample (channel mask 0x3)
[2016.04.13-13.30.04:311][322]LogInit: FAudioDevice initialized.
[2016.04.13-13.30.04:345][322]LogWorld: Game class is 'MyGame_C'
[2016.04.13-13.30.04:348][322]LogWorld: Bringing World /Game/StarterContent/Maps/UEDPIE_0_Minimal_Default.Minimal_Default up for play (max tick rate 60) at 2016.04.13-14.30.04
[2016.04.13-13.30.04:349][322]LogActor:Warning: GameSession /Game/StarterContent/Maps/UEDPIE_0_Minimal_Default.Minimal_Default:PersistentLevel.GameSession_1 has natively added scene component(s), but none of them were set as the actor's RootComponent - picking one arbitrarily
[2016.04.13-13.30.04:349][322]LogActor:Warning: GameNetworkManager /Game/StarterContent/Maps/UEDPIE_0_Minimal_Default.Minimal_Default:PersistentLevel.GameNetworkManager_1 has natively added scene component(s), but none of them were set as the actor's RootComponent - picking one arbitrarily
[2016.04.13-13.30.04:349][322]LogWorld: Bringing up level for play took: 0.002797
[2016.04.13-13.30.04:351][322]PIE: Info Play in editor start time for /Game/StarterContent/Maps/UEDPIE_0_Minimal_Default -0.359
[2016.04.13-13.30.04:351][322]LogBlueprintUserMessages: Late PlayInEditor Detection: Level '/Game/StarterContent/Maps/Minimal_Default.Minimal_Default:PersistentLevel' has LevelScriptBlueprint '/Game/StarterContent/Maps/Minimal_Default.Minimal_Default:PersistentLevel.Minimal_Default' with GeneratedClass '/Game/StarterContent/Maps/Minimal_Default.Minimal_Default_C' with ClassGeneratedBy '/Game/StarterContent/Maps/Minimal_Default.Minimal_Default:PersistentLevel.Minimal_Default'
[2016.04.13-13.30.15:245][657]LogBlueprintUserMessages: Early EndPlayMap Detection: Level '/Game/StarterContent/Maps/Minimal_Default.Minimal_Default:PersistentLevel' has LevelScriptBlueprint '/Game/StarterContent/Maps/Minimal_Default.Minimal_Default:PersistentLevel.Minimal_Default' with GeneratedClass '/Game/StarterContent/Maps/Minimal_Default.Minimal_Default_C' with ClassGeneratedBy '/Game/StarterContent/Maps/Minimal_Default.Minimal_Default:PersistentLevel.Minimal_Default'
[2016.04.13-13.30.15:314][657]LogBlueprintUserMessages: Late EndPlayMap Detection: Level '/Game/StarterContent/Maps/Minimal_Default.Minimal_Default:PersistentLevel' has LevelScriptBlueprint '/Game/StarterContent/Maps/Minimal_Default.Minimal_Default:PersistentLevel.Minimal_Default' with GeneratedClass '/Game/StarterContent/Maps/Minimal_Default.Minimal_Default_C' with ClassGeneratedBy '/Game/StarterContent/Maps/Minimal_Default.Minimal_Default:PersistentLevel.Minimal_Default'
[2016.04.13-13.30.15:314][657]LogActorComponent: UnregisterComponent: (/Engine/Transient.CharMoveComp) Not registered. Aborting.
[2016.04.13-13.30.15:368][658]LogParticles: Destroying 0 GPU particle simulations for FXSystem 0x0000014F04481B20
[2016.04.13-13.30.17:431][700]LogSavePackage: Save=113.994629ms
[2016.04.13-13.30.17:431][700]LogSavePackage: Moving '../../../../../../Users/Marcelo/Documents/Unreal Projects/MyProject5/Saved/Minimal_Default75F6CDB24C60C35AF1FD8F8FF2CE996C.tmp' to '../../../../../../Users/Marcelo/Documents/Unreal Projects/MyProject5/Content/StarterContent/Maps/Minimal_Default.umap'
[2016.04.13-13.30.17:435][700]LogSavePackage: Total save time: 128.415074ms
[2016.04.13-13.30.17:435][700]LogSavePackage:Display: Finished SavePackage ../../../../../../Users/Marcelo/Documents/Unreal Projects/MyProject5/Content/StarterContent/Maps/Minimal_Default.umap
[2016.04.13-13.30.22:208][752]Cmd: OBJ SAVEPACKAGE PACKAGE="/Game/Character/CharacterBP" FILE="../../../../../../Users/Marcelo/Documents/Unreal Projects/MyProject5/Content/Character/CharacterBP.uasset" SILENT=true
[2016.04.13-13.30.22:437][752]LogSavePackage: Save=213.675735ms
[2016.04.13-13.30.22:437][752]LogSavePackage: Moving '../../../../../../Users/Marcelo/Documents/Unreal Projects/MyProject5/Saved/CharacterBP066FB165418C75310AC5CD8643F80DE3.tmp' to '../../../../../../Users/Marcelo/Documents/Unreal Projects/MyProject5/Content/Character/CharacterBP.uasset'
[2016.04.13-13.30.22:441][752]LogSavePackage: Total save time: 230.550040ms
[2016.04.13-13.30.22:441][752]LogSavePackage:Display: Finished SavePackage ../../../../../../Users/Marcelo/Documents/Unreal Projects/MyProject5/Content/Character/CharacterBP.uasset
[2016.04.13-13.36.09:440][427]BlueprintLog: New page: Compile Minimal_Default
[2016.04.13-13.36.09:493][427]LogActorComponent: UnregisterComponent: (/Engine/Transient.CharMoveComp) Not registered. Aborting.
[2016.04.13-13.36.09:530][427]BlueprintEditorCompileResults: Info [1245.53] Compile of Minimal_Default successful! [in 90 ms]
[2016.04.13-13.36.18:162][698]LogBlueprintUserMessages: Early PlayInEditor Detection: Level '/Game/StarterContent/Maps/Minimal_Default.Minimal_Default:PersistentLevel' has LevelScriptBlueprint '/Game/StarterContent/Maps/Minimal_Default.Minimal_Default:PersistentLevel.Minimal_Default' with GeneratedClass '/Game/StarterContent/Maps/Minimal_Default.Minimal_Default_C' with ClassGeneratedBy '/Game/StarterContent/Maps/Minimal_Default.Minimal_Default:PersistentLevel.Minimal_Default'
[2016.04.13-13.36.18:162][698]LogPlayLevel: PlayLevel: No blueprints needed recompiling
[2016.04.13-13.36.18:162][698]PIE: New page: PIE session: Minimal_Default (Apr 13, 2016, 3:36:18 PM)
[2016.04.13-13.36.18:162][698]LogPlayLevel: Creating play world package: /Game/StarterContent/Maps/UEDPIE_0_Minimal_Default
[2016.04.13-13.36.18:174][698]LogPlayLevel: PIE: StaticDuplicateObject took: (0.011629s)
[2016.04.13-13.36.18:175][698]LogAIModule: Creating AISystem for world Minimal_Default
[2016.04.13-13.36.18:175][698]LogPlayLevel: PIE: World Init took: (0.001573s)
[2016.04.13-13.36.18:176][698]LogPlayLevel: PIE: Created PIE world by copying editor world from /Game/StarterContent/Maps/Minimal_Default.Minimal_Default to /Game/StarterContent/Maps/UEDPIE_0_Minimal_Default.Minimal_Default (0.013699s)
[2016.04.13-13.36.18:245][698]LogInit: XAudio2 using 'Altifalantes (Realtek High Definition Audio)' : 2 channels at 48 kHz using 32 bits per sample (channel mask 0x3)
[2016.04.13-13.36.18:253][698]LogInit: FAudioDevice initialized.
[2016.04.13-13.36.18:289][698]LogWorld: Game class is 'MyGame_C'
[2016.04.13-13.36.18:293][698]LogWorld: Bringing World /Game/StarterContent/Maps/UEDPIE_0_Minimal_Default.Minimal_Default up for play (max tick rate 60) at 2016.04.13-14.36.18
[2016.04.13-13.36.18:293][698]LogActor:Warning: GameSession /Game/StarterContent/Maps/UEDPIE_0_Minimal_Default.Minimal_Default:PersistentLevel.GameSession_2 has natively added scene component(s), but none of them were set as the actor's RootComponent - picking one arbitrarily
[2016.04.13-13.36.18:293][698]LogActor:Warning: GameNetworkManager /Game/StarterContent/Maps/UEDPIE_0_Minimal_Default.Minimal_Default:PersistentLevel.GameNetworkManager_2 has natively added scene component(s), but none of them were set as the actor's RootComponent - picking one arbitrarily
[2016.04.13-13.36.18:294][698]LogWorld: Bringing up level for play took: 0.003499
[2016.04.13-13.36.18:296][698]PIE: Info Play in editor start time for /Game/StarterContent/Maps/UEDPIE_0_Minimal_Default -0.414
[2016.04.13-13.36.18:297][698]LogBlueprintUserMessages: Late PlayInEditor Detection: Level '/Game/StarterContent/Maps/Minimal_Default.Minimal_Default:PersistentLevel' has LevelScriptBlueprint '/Game/StarterContent/Maps/Minimal_Default.Minimal_Default:PersistentLevel.Minimal_Default' with GeneratedClass '/Game/StarterContent/Maps/Minimal_Default.Minimal_Default_C' with ClassGeneratedBy '/Game/StarterContent/Maps/Minimal_Default.Minimal_Default:PersistentLevel.Minimal_Default'
[2016.04.13-13.36.39:478][376]LogBlueprintUserMessages: Early EndPlayMap Detection: Level '/Game/StarterContent/Maps/Minimal_Default.Minimal_Default:PersistentLevel' has LevelScriptBlueprint '/Game/StarterContent/Maps/Minimal_Default.Minimal_Default:PersistentLevel.Minimal_Default' with GeneratedClass '/Game/StarterContent/Maps/Minimal_Default.Minimal_Default_C' with ClassGeneratedBy '/Game/StarterContent/Maps/Minimal_Default.Minimal_Default:PersistentLevel.Minimal_Default'
[2016.04.13-13.36.39:548][376]LogBlueprintUserMessages: Late EndPlayMap Detection: Level '/Game/StarterContent/Maps/Minimal_Default.Minimal_Default:PersistentLevel' has LevelScriptBlueprint '/Game/StarterContent/Maps/Minimal_Default.Minimal_Default:PersistentLevel.Minimal_Default' with GeneratedClass '/Game/StarterContent/Maps/Minimal_Default.Minimal_Default_C' with ClassGeneratedBy '/Game/StarterContent/Maps/Minimal_Default.Minimal_Default:PersistentLevel.Minimal_Default'
[2016.04.13-13.36.39:590][376]LogParticles: Destroying 0 GPU particle simulations for FXSystem 0x0000014F566D7740
[2016.04.13-13.37.03:856][753]BlueprintLog: New page: Compile Minimal_Default
[2016.04.13-13.37.03:929][753]BlueprintEditorCompileResults: Info [1299.93] Compile of Minimal_Default successful! [in 72 ms]
[2016.04.13-13.37.05:520][798]LogBlueprintUserMessages: Early PlayInEditor Detection: Level '/Game/StarterContent/Maps/Minimal_Default.Minimal_Default:PersistentLevel' has LevelScriptBlueprint '/Game/StarterContent/Maps/Minimal_Default.Minimal_Default:PersistentLevel.Minimal_Default' with GeneratedClass '/Game/StarterContent/Maps/Minimal_Default.Minimal_Default_C' with ClassGeneratedBy '/Game/StarterContent/Maps/Minimal_Default.Minimal_Default:PersistentLevel.Minimal_Default'
[2016.04.13-13.37.05:520][798]LogPlayLevel: PlayLevel: No blueprints needed recompiling
[2016.04.13-13.37.05:520][798]PIE: New page: PIE session: Minimal_Default (Apr 13, 2016, 3:37:05 PM)
[2016.04.13-13.37.05:520][798]LogPlayLevel: Creating play world package: /Game/StarterContent/Maps/UEDPIE_0_Minimal_Default
[2016.04.13-13.37.05:556][798]LogPlayLevel: PIE: StaticDuplicateObject took: (0.036459s)
[2016.04.13-13.37.05:558][798]LogAIModule: Creating AISystem for world Minimal_Default
[2016.04.13-13.37.05:558][798]LogPlayLevel: PIE: World Init took: (0.001918s)
[2016.04.13-13.37.05:559][798]LogPlayLevel: PIE: Created PIE world by copying editor world from /Game/StarterContent/Maps/Minimal_Default.Minimal_Default to /Game/StarterContent/Maps/UEDPIE_0_Minimal_Default.Minimal_Default (0.038776s)
[2016.04.13-13.37.05:619][798]LogInit: XAudio2 using 'Altifalantes (Realtek High Definition Audio)' : 2 channels at 48 kHz using 32 bits per sample (channel mask 0x3)
[2016.04.13-13.37.05:625][798]LogInit: FAudioDevice initialized.
[2016.04.13-13.37.05:657][798]LogWorld: Game class is 'MyGame_C'
[2016.04.13-13.37.05:661][798]LogWorld: Bringing World /Game/StarterContent/Maps/UEDPIE_0_Minimal_Default.Minimal_Default up for play (max tick rate 60) at 2016.04.13-14.37.05
[2016.04.13-13.37.05:661][798]LogActor:Warning: GameSession /Game/StarterContent/Maps/UEDPIE_0_Minimal_Default.Minimal_Default:PersistentLevel.GameSession_3 has natively added scene component(s), but none of them were set as the actor's RootComponent - picking one arbitrarily
[2016.04.13-13.37.05:661][798]LogActor:Warning: GameNetworkManager /Game/StarterContent/Maps/UEDPIE_0_Minimal_Default.Minimal_Default:PersistentLevel.GameNetworkManager_3 has natively added scene component(s), but none of them were set as the actor's RootComponent - picking one arbitrarily
[2016.04.13-13.37.05:661][798]LogWorld: Bringing up level for play took: 0.003079
[2016.04.13-13.37.05:663][798]PIE: Info Play in editor start time for /Game/StarterContent/Maps/UEDPIE_0_Minimal_Default 0.953
[2016.04.13-13.37.05:664][798]LogBlueprintUserMessages: Late PlayInEditor Detection: Level '/Game/StarterContent/Maps/Minimal_Default.Minimal_Default:PersistentLevel' has LevelScriptBlueprint '/Game/StarterContent/Maps/Minimal_Default.Minimal_Default:PersistentLevel.Minimal_Default' with GeneratedClass '/Game/StarterContent/Maps/Minimal_Default.Minimal_Default_C' with ClassGeneratedBy '/Game/StarterContent/Maps/Minimal_Default.Minimal_Default:PersistentLevel.Minimal_Default'
[2016.04.13-13.37.17:990][192]LogBlueprintUserMessages: Early EndPlayMap Detection: Level '/Game/StarterContent/Maps/Minimal_Default.Minimal_Default:PersistentLevel' has LevelScriptBlueprint '/Game/StarterContent/Maps/Minimal_Default.Minimal_Default:PersistentLevel.Minimal_Default' with GeneratedClass '/Game/StarterContent/Maps/Minimal_Default.Minimal_Default_C' with ClassGeneratedBy '/Game/StarterContent/Maps/Minimal_Default.Minimal_Default:PersistentLevel.Minimal_Default'
[2016.04.13-13.37.18:065][192]LogBlueprintUserMessages: Late EndPlayMap Detection: Level '/Game/StarterContent/Maps/Minimal_Default.Minimal_Default:PersistentLevel' has LevelScriptBlueprint '/Game/StarterContent/Maps/Minimal_Default.Minimal_Default:PersistentLevel.Minimal_Default' with GeneratedClass '/Game/StarterContent/Maps/Minimal_Default.Minimal_Default_C' with ClassGeneratedBy '/Game/StarterContent/Maps/Minimal_Default.Minimal_Default:PersistentLevel.Minimal_Default'
[2016.04.13-13.37.18:091][192]LogParticles: Destroying 0 GPU particle simulations for FXSystem 0x0000014F7FD1F560
[2016.04.13-13.41.37:759][ 74]BlueprintLog: New page: Compile Minimal_Default
[2016.04.13-13.41.37:766][ 74]LogBlueprint:Warning: [compiler Minimal_Default] Warning 'Item' is already a 'Character', you don't need  Cast To Character .
[2016.04.13-13.41.37:808][ 74]LogActorComponent: UnregisterComponent: (/Engine/Transient.CharMoveComp) Not registered. Aborting.
[2016.04.13-13.41.37:836][ 74]LogBlueprint:Warning: [compiler Minimal_Default] Warning [1573.83] Compile of Minimal_Default successful, but with 1 Warning(s) [in 75 ms]
[2016.04.13-13.41.37:836][ 74]BlueprintEditorCompileResults:Warning: Warning 'Item' is already a 'Character', you don't need  Cast To Character .
[2016.04.13-13.41.37:836][ 74]BlueprintEditorCompileResults:Warning: Warning [1573.83] Compile of Minimal_Default successful, but with 1 Warning(s) [in 75 ms]
[2016.04.13-13.41.48:383][663]LogBlueprintUserMessages: Early PlayInEditor Detection: Level '/Game/StarterContent/Maps/Minimal_Default.Minimal_Default:PersistentLevel' has LevelScriptBlueprint '/Game/StarterContent/Maps/Minimal_Default.Minimal_Default:PersistentLevel.Minimal_Default' with GeneratedClass '/Game/StarterContent/Maps/Minimal_Default.Minimal_Default_C' with ClassGeneratedBy '/Game/StarterContent/Maps/Minimal_Default.Minimal_Default:PersistentLevel.Minimal_Default'
[2016.04.13-13.41.48:383][663]LogPlayLevel: PlayLevel: No blueprints needed recompiling
[2016.04.13-13.41.48:384][663]PIE: New page: PIE session: Minimal_Default (Apr 13, 2016, 3:41:48 PM)
[2016.04.13-13.41.48:384][663]LogPlayLevel: Creating play world package: /Game/StarterContent/Maps/UEDPIE_0_Minimal_Default
[2016.04.13-13.41.48:397][663]LogPlayLevel: PIE: StaticDuplicateObject took: (0.013362s)
[2016.04.13-13.41.48:399][663]LogAIModule: Creating AISystem for world Minimal_Default
[2016.04.13-13.41.48:399][663]LogPlayLevel: PIE: World Init took: (0.002095s)
[2016.04.13-13.41.48:400][663]LogPlayLevel: PIE: Created PIE world by copying editor world from /Game/StarterContent/Maps/Minimal_Default.Minimal_Default to /Game/StarterContent/Maps/UEDPIE_0_Minimal_Default.Minimal_Default (0.015743s)
[2016.04.13-13.41.48:467][663]LogInit: XAudio2 using 'Altifalantes (Realtek High Definition Audio)' : 2 channels at 48 kHz using 32 bits per sample (channel mask 0x3)
[2016.04.13-13.41.48:475][663]LogInit: FAudioDevice initialized.
[2016.04.13-13.41.48:511][663]LogWorld: Game class is 'MyGame_C'
[2016.04.13-13.41.48:515][663]LogWorld: Bringing World /Game/StarterContent/Maps/UEDPIE_0_Minimal_Default.Minimal_Default up for play (max tick rate 60) at 2016.04.13-14.41.48
[2016.04.13-13.41.48:515][663]LogActor:Warning: GameSession /Game/StarterContent/Maps/UEDPIE_0_Minimal_Default.Minimal_Default:PersistentLevel.GameSession_4 has natively added scene component(s), but none of them were set as the actor's RootComponent - picking one arbitrarily
[2016.04.13-13.41.48:516][663]LogActor:Warning: GameNetworkManager /Game/StarterContent/Maps/UEDPIE_0_Minimal_Default.Minimal_Default:PersistentLevel.GameNetworkManager_4 has natively added scene component(s), but none of them were set as the actor's RootComponent - picking one arbitrarily
[2016.04.13-13.41.48:516][663]LogWorld: Bringing up level for play took: 0.003289
[2016.04.13-13.41.48:518][663]PIE: Info Play in editor start time for /Game/StarterContent/Maps/UEDPIE_0_Minimal_Default -0.192
[2016.04.13-13.41.48:518][663]LogBlueprintUserMessages: Late PlayInEditor Detection: Level '/Game/StarterContent/Maps/Minimal_Default.Minimal_Default:PersistentLevel' has LevelScriptBlueprint '/Game/StarterContent/Maps/Minimal_Default.Minimal_Default:PersistentLevel.Minimal_Default' with GeneratedClass '/Game/StarterContent/Maps/Minimal_Default.Minimal_Default_C' with ClassGeneratedBy '/Game/StarterContent/Maps/Minimal_Default.Minimal_Default:PersistentLevel.Minimal_Default'
[2016.04.13-13.42.17:253][600]LogBlueprintUserMessages: Early EndPlayMap Detection: Level '/Game/StarterContent/Maps/Minimal_Default.Minimal_Default:PersistentLevel' has LevelScriptBlueprint '/Game/StarterContent/Maps/Minimal_Default.Minimal_Default:PersistentLevel.Minimal_Default' with GeneratedClass '/Game/StarterContent/Maps/Minimal_Default.Minimal_Default_C' with ClassGeneratedBy '/Game/StarterContent/Maps/Minimal_Default.Minimal_Default:PersistentLevel.Minimal_Default'
[2016.04.13-13.42.17:319][600]LogBlueprintUserMessages: Late EndPlayMap Detection: Level '/Game/StarterContent/Maps/Minimal_Default.Minimal_Default:PersistentLevel' has LevelScriptBlueprint '/Game/StarterContent/Maps/Minimal_Default.Minimal_Default:PersistentLevel.Minimal_Default' with GeneratedClass '/Game/StarterContent/Maps/Minimal_Default.Minimal_Default_C' with ClassGeneratedBy '/Game/StarterContent/Maps/Minimal_Default.Minimal_Default:PersistentLevel.Minimal_Default'
[2016.04.13-13.42.17:366][600]LogParticles: Destroying 0 GPU particle simulations for FXSystem 0x0000014F568B2FC0
[2016.04.13-13.42.44:382][776]BlueprintLog: New page: Compile Minimal_Default
[2016.04.13-13.42.44:388][776]LogBlueprint:Warning: [compiler Minimal_Default] Warning 'Item' is already a 'Character', you don't need  Cast To Character .
[2016.04.13-13.42.44:455][776]LogBlueprint:Warning: [compiler Minimal_Default] Warning [1640.45] Compile of Minimal_Default successful, but with 1 Warning(s) [in 72 ms]
[2016.04.13-13.42.44:455][776]BlueprintEditorCompileResults:Warning: Warning 'Item' is already a 'Character', you don't need  Cast To Character .
[2016.04.13-13.42.44:455][776]BlueprintEditorCompileResults:Warning: Warning [1640.45] Compile of Minimal_Default successful, but with 1 Warning(s) [in 72 ms]
[2016.04.13-13.43.02:037][931]LogBlueprint:Warning: [compiler Minimal_Default] Warning 'Item' is already a 'Character', you don't need  Cast To Character .
[2016.04.13-13.43.02:038][931]LogBlueprint:Warning: [compiler Minimal_Default] Warning [1658.04] Compile of Minimal_Default successful, but with 1 Warning(s) [in 5 ms]
[2016.04.13-13.43.02:038][931]LogBlueprint:Warning: [compiler Minimal_Default] Warning [1658.04] Compile of Minimal_Default successful, but with 2 Warning(s) [in 0 ms]
[2016.04.13-13.43.02:038][931]LogBlueprint:Warning: [compiler Minimal_Default] Warning [1658.04] Compile of Minimal_Default successful, but with 3 Warning(s) [in 0 ms]
[2016.04.13-13.43.02:072][931]LogBlueprint:Warning: [compiler Minimal_Default] Warning [1658.07] Compile of Minimal_Default successful, but with 4 Warning(s) [in 33 ms]
[2016.04.13-13.43.02:074][931]LogBlueprint:Warning: [compiler Minimal_Default] Warning [1658.07] Compile of Minimal_Default successful, but with 5 Warning(s) [in 1 ms]
[2016.04.13-13.43.02:074][931]LogBlueprint:Warning: [compiler Minimal_Default] Warning [1658.07] Compile of Minimal_Default successful, but with 6 Warning(s) [in 0 ms]
[2016.04.13-13.43.02:152][931]LogSavePackage: Save=122.436493ms
[2016.04.13-13.43.02:152][931]LogSavePackage: Moving '../../../../../../Users/Marcelo/Documents/Unreal Projects/MyProject5/Saved/Minimal_Default_Auto21C229FA2427194A068C6DCACA7C246C2.tmp' to '../../../../../../Users/Marcelo/Documents/Unreal Projects/MyProject5/Saved/Autosaves/Game/StarterContent/Maps/Minimal_Default_Auto2.umap'
[2016.04.13-13.43.02:154][931]LogSavePackage: Total save time: 138.489284ms
[2016.04.13-13.43.02:154][931]LogSavePackage:Display: Finished SavePackage ../../../../../../Users/Marcelo/Documents/Unreal Projects/MyProject5/Saved/Autosaves/Game/StarterContent/Maps/Minimal_Default_Auto2.umap
[2016.04.13-13.43.02:156][931]LogFileHelpers: Editor autosave (incl. sublevels) for '/Game/StarterContent/Maps/Minimal_Default' took 0.175
[2016.04.13-13.43.02:156][931]LogFileHelpers: Editor autosave (incl. sublevels) for all levels took 0.175
[2016.04.13-13.50.26:584][ 70]LogActorComponent: UnregisterComponent: (/Engine/Transient.CharMoveComp) Not registered. Aborting.
[2016.04.13-13.50.26:608][ 70]LogParticles: Destroying 0 GPU particle simulations for FXSystem 0x0000014F38E3FBA0
[2016.04.13-13.50.26:609][ 70]LogParticles: Destroying 0 GPU particle simulations for FXSystem 0x0000014F045725C0
[2016.04.13-13.50.26:633][ 70]LogBlueprint:Warning: [compiler Minimal_Default] Warning 'Item' is already a 'Character', you don't need  Cast To Character .
[2016.04.13-13.50.26:635][ 70]LogBlueprint:Warning: [compiler Minimal_Default] Warning [2102.63] Compile of Minimal_Default successful, but with 1 Warning(s) [in 5 ms]
[2016.04.13-13.50.26:635][ 70]LogBlueprint:Warning: [compiler Minimal_Default] Warning [2102.63] Compile of Minimal_Default successful, but with 2 Warning(s) [in 0 ms]
[2016.04.13-13.50.26:635][ 70]LogBlueprint:Warning: [compiler Minimal_Default] Warning [2102.63] Compile of Minimal_Default successful, but with 3 Warning(s) [in 0 ms]
[2016.04.13-13.50.26:676][ 70]LogBlueprint:Warning: [compiler Minimal_Default] Warning [2102.67] Compile of Minimal_Default successful, but with 4 Warning(s) [in 40 ms]
[2016.04.13-13.50.26:677][ 70]LogBlueprint:Warning: [compiler Minimal_Default] Warning [2102.67] Compile of Minimal_Default successful, but with 5 Warning(s) [in 0 ms]
[2016.04.13-13.50.26:677][ 70]LogBlueprint:Warning: [compiler Minimal_Default] Warning [2102.67] Compile of Minimal_Default successful, but with 6 Warning(s) [in 0 ms]
[2016.04.13-13.50.26:773][ 70]LogSavePackage: Save=145.719604ms
[2016.04.13-13.50.26:773][ 70]LogSavePackage: Moving '../../../../../../Users/Marcelo/Documents/Unreal Projects/MyProject5/Saved/Minimal_DefaultC6E59AEC4F0268175C3FA58DA76CAC33.tmp' to '../../../../../../Users/Marcelo/Documents/Unreal Projects/MyProject5/Content/StarterContent/Maps/Minimal_Default.umap'
[2016.04.13-13.50.26:778][ 70]LogSavePackage: Total save time: 165.206019ms
[2016.04.13-13.50.26:778][ 70]LogSavePackage:Display: Finished SavePackage ../../../../../../Users/Marcelo/Documents/Unreal Projects/MyProject5/Content/StarterContent/Maps/Minimal_Default.umap
[2016.04.13-13.51.39:471][660]LogActorComponent: UnregisterComponent: (/Engine/Transient.CharMoveComp) Not registered. Aborting.
[2016.04.13-13.51.41:366][675]Cmd: QUIT_EDITOR
[2016.04.13-13.51.42:360][675]LogWindowsTextInputMethodSystem:Display: IME system now deactivated.
[2016.04.13-13.51.42:419][675]LogExit: Preparing to exit.
[2016.04.13-13.51.42:999][675]LogExit: Editor shut down
[2016.04.13-13.51.42:999][675]LogExit: Transaction tracking system shut down
[2016.04.13-13.51.43:003][675]LogParticles: Destroying 0 GPU particle simulations for FXSystem 0x0000014F38682340
[2016.04.13-13.51.43:003][675]LogParticles: Destroying 0 GPU particle simulations for FXSystem 0x0000014F4AC4F880
[2016.04.13-13.51.43:003][675]LogParticles: Destroying 0 GPU particle simulations for FXSystem 0x0000014F4E7B3A60
[2016.04.13-13.51.43:004][675]LogParticles: Destroying 0 GPU particle simulations for FXSystem 0x0000014F55AA5080
[2016.04.13-13.51.43:004][675]LogParticles: Destroying 0 GPU particle simulations for FXSystem 0x0000014F386F8E00
[2016.04.13-13.51.43:004][675]LogParticles: Destroying 0 GPU particle simulations for FXSystem 0x0000014F386F8EA0
[2016.04.13-13.51.43:004][675]LogParticles: Destroying 0 GPU particle simulations for FXSystem 0x0000014F386F94E0
[2016.04.13-13.51.43:006][675]LogParticles: Destroying 0 GPU particle simulations for FXSystem 0x0000014F800B0E00
[2016.04.13-13.51.43:007][675]LogParticles: Destroying 0 GPU particle simulations for FXSystem 0x0000014F4C76BBA0
[2016.04.13-13.51.43:173][675]LogParticles: Destroying 0 GPU particle simulations for FXSystem 0x0000014F566D51C0
[2016.04.13-13.51.43:173][675]LogExit: Object subsystem successfully closed.
[2016.04.13-13.51.43:192][675]LogD3D11RHI: Shutdown
[2016.04.13-13.51.43:192][675]LogD3D11RHI: CleanupD3DDevice
[2016.04.13-13.51.43:367][675]LogD3D11RHI: ~FD3D11DynamicRHI
[2016.04.13-13.51.43:379][675]LogModuleManager: Shutting down and abandoning module CookingStats (201)
[2016.04.13-13.51.43:379][675]LogModuleManager: Shutting down and abandoning module ExternalImagePicker (200)
[2016.04.13-13.51.43:379][675]LogModuleManager: Shutting down and abandoning module BlueprintGraph (199)
[2016.04.13-13.51.43:379][675]LogModuleManager: Shutting down and abandoning module CrashTracker (198)
[2016.04.13-13.51.43:379][675]LogModuleManager: Shutting down and abandoning module SceneOutliner (197)
[2016.04.13-13.51.43:379][675]LogModuleManager: Shutting down and abandoning module SuperSearch (196)
[2016.04.13-13.51.43:379][675]LogModuleManager: Shutting down and abandoning module WidgetCarousel (195)
[2016.04.13-13.51.43:379][675]LogModuleManager: Shutting down and abandoning module AddContentDialog (194)
[2016.04.13-13.51.43:382][675]LogModuleManager: Shutting down and abandoning module EditorWidgets (193)
[2016.04.13-13.51.43:382][675]LogModuleManager: Shutting down and abandoning module CollectionManager (192)
[2016.04.13-13.51.43:382][675]LogModuleManager: Shutting down and abandoning module StatsViewer (191)
[2016.04.13-13.51.43:382][675]LogModuleManager: Shutting down and abandoning module FoliageEdit (190)
[2016.04.13-13.51.43:382][675]LogModuleManager: Shutting down and abandoning module LandscapeEditor (189)
[2016.04.13-13.51.43:382][675]LogModuleManager: Shutting down and abandoning module ActorPickerMode (188)
[2016.04.13-13.51.43:382][675]LogModuleManager: Shutting down and abandoning module GeometryMode (187)
[2016.04.13-13.51.43:382][675]LogModuleManager: Shutting down and abandoning module TextureAlignMode (186)
[2016.04.13-13.51.43:382][675]LogModuleManager: Shutting down and abandoning module BspMode (185)
[2016.04.13-13.51.43:382][675]LogModuleManager: Shutting down and abandoning module PlacementMode (184)
[2016.04.13-13.51.43:382][675]LogModuleManager: Shutting down and abandoning module AutomationWorker (183)
[2016.04.13-13.51.43:382][675]LogModuleManager: Shutting down and abandoning module CharacterAI (182)
[2016.04.13-13.51.43:382][675]LogModuleManager: Shutting down and abandoning module SmartSnapping (181)
[2016.04.13-13.51.43:382][675]LogModuleManager: Shutting down and abandoning module ViewportSnapping (180)
[2016.04.13-13.51.43:382][675]LogModuleManager: Shutting down and abandoning module LogVisualizer (179)
[2016.04.13-13.51.43:382][675]LogModuleManager: Shutting down and abandoning module GameProjectGeneration (178)
[2016.04.13-13.51.43:382][675]LogModuleManager: Shutting down and abandoning module IntroTutorials (177)
[2016.04.13-13.51.43:383][675]LogModuleManager: Shutting down and abandoning module EditorLiveStreaming (176)
[2016.04.13-13.51.43:383][675]LogModuleManager: Shutting down and abandoning module IOSPlatformEditor (175)
[2016.04.13-13.51.43:383][675]LogModuleManager: Shutting down and abandoning module HTML5PlatformEditor (174)
[2016.04.13-13.51.43:383][675]LogModuleManager: Shutting down and abandoning module AndroidDeviceDetection (173)
[2016.04.13-13.51.43:780][675]LogModuleManager: Shutting down and abandoning module AndroidPlatformEditor (172)
[2016.04.13-13.51.43:780][675]LogModuleManager: Shutting down and abandoning module IOSRuntimeSettings (171)
[2016.04.13-13.51.43:780][675]LogModuleManager: Shutting down and abandoning module AndroidRuntimeSettings (170)
[2016.04.13-13.51.43:780][675]LogModuleManager: Shutting down and abandoning module MergeActors (169)
[2016.04.13-13.51.43:780][675]LogModuleManager: Shutting down and abandoning module SizeMap (168)
[2016.04.13-13.51.43:780][675]LogModuleManager: Shutting down and abandoning module TreeMap (167)
[2016.04.13-13.51.43:780][675]LogModuleManager: Shutting down and abandoning module ReferenceViewer (166)
[2016.04.13-13.51.43:780][675]LogModuleManager: Shutting down and abandoning module LocalizationService (165)
[2016.04.13-13.51.43:780][675]LogModuleManager: Shutting down and abandoning module LocalizationDashboard (164)
[2016.04.13-13.51.43:780][675]LogModuleManager: Shutting down and abandoning module HardwareTargeting (163)
[2016.04.13-13.51.43:780][675]LogModuleManager: Shutting down and abandoning module DeviceProfileEditor (162)
[2016.04.13-13.51.43:780][675]LogModuleManager: Shutting down and abandoning module UndoHistory (161)
[2016.04.13-13.51.43:780][675]LogModuleManager: Shutting down and abandoning module GameplayTagsEditor (160)
[2016.04.13-13.51.43:780][675]LogModuleManager: Shutting down and abandoning module UserFeedback (159)
[2016.04.13-13.51.43:780][675]LogModuleManager: Shutting down and abandoning module XmlParser (158)
[2016.04.13-13.51.43:780][675]LogModuleManager: Shutting down and abandoning module Blutility (157)
[2016.04.13-13.51.43:780][675]LogModuleManager: Shutting down and abandoning module ProjectTargetPlatformEditor (156)
[2016.04.13-13.51.43:780][675]LogModuleManager: Shutting down and abandoning module ProjectSettingsViewer (155)
[2016.04.13-13.51.43:780][675]LogModuleManager: Shutting down and abandoning module InputBindingEditor (154)
[2016.04.13-13.51.43:780][675]LogModuleManager: Shutting down and abandoning module EditorSettingsViewer (153)
[2016.04.13-13.51.43:780][675]LogModuleManager: Shutting down and abandoning module SettingsEditor (152)
[2016.04.13-13.51.43:780][675]LogModuleManager: Shutting down and abandoning module ProjectLauncher (151)
[2016.04.13-13.51.43:780][675]LogModuleManager: Shutting down and abandoning module SessionFrontend (150)
[2016.04.13-13.51.43:780][675]LogModuleManager: Shutting down and abandoning module ProfilerClient (149)
[2016.04.13-13.51.43:780][675]LogModuleManager: Shutting down and abandoning module TargetDeviceServices (148)
[2016.04.13-13.51.43:780][675]LogModuleManager: Shutting down and abandoning module DeviceManager (147)
[2016.04.13-13.51.43:780][675]LogModuleManager: Shutting down and abandoning module AutomationController (146)
[2016.04.13-13.51.43:780][675]LogModuleManager: Shutting down and abandoning module AutomationWindow (145)
[2016.04.13-13.51.43:780][675]LogModuleManager: Shutting down and abandoning module Layers (144)
[2016.04.13-13.51.43:780][675]LogModuleManager: Shutting down and abandoning module ComponentVisualizers (143)
[2016.04.13-13.51.43:780][675]LogModuleManager: Shutting down and abandoning module DetailCustomizations (142)
[2016.04.13-13.51.43:780][675]LogModuleManager: Shutting down and abandoning module PackagesDialog (141)
[2016.04.13-13.51.43:781][675]LogModuleManager: Shutting down and abandoning module Persona (140)
[2016.04.13-13.51.43:781][675]LogModuleManager: Shutting down and abandoning module Kismet (139)
[2016.04.13-13.51.43:781][675]LogModuleManager: Shutting down and abandoning module GraphEditor (138)
[2016.04.13-13.51.43:781][675]LogModuleManager: Shutting down and abandoning module ClassViewer (137)
[2016.04.13-13.51.43:782][675]LogModuleManager: Shutting down and abandoning module Toolbox (136)
[2016.04.13-13.51.43:782][675]LogModuleManager: Shutting down and abandoning module ModuleUI (135)
[2016.04.13-13.51.43:782][675]LogModuleManager: Shutting down and abandoning module MovieSceneTools (134)
[2016.04.13-13.51.43:782][675]LogModuleManager: Shutting down and abandoning module OutputLog (133)
[2016.04.13-13.51.43:782][675]LogModuleManager: Shutting down and abandoning module GammaUI (132)
[2016.04.13-13.51.43:782][675]LogModuleManager: Shutting down and abandoning module Documentation (131)
[2016.04.13-13.51.43:782][675]LogModuleManager: Shutting down and abandoning module GameLiveStreaming (130)
[2016.04.13-13.51.43:782][675]LogModuleManager: Shutting down and abandoning module StreamingPauseRendering (129)
[2016.04.13-13.51.43:782][675]LogModuleManager: Shutting down and abandoning module AnalyticsET (128)
[2016.04.13-13.51.43:782][675]LogModuleManager: Shutting down and abandoning module Analytics (127)
[2016.04.13-13.51.43:782][675]LogModuleManager: Shutting down and abandoning module AITestSuite (126)
[2016.04.13-13.51.43:782][675]LogModuleManager: Shutting down and abandoning module GameplayDebugger (125)
[2016.04.13-13.51.43:782][675]LogModuleManager: Shutting down and abandoning module AIModule (124)
[2016.04.13-13.51.43:782][675]LogModuleManager: Shutting down and abandoning module ProfilerService (123)
[2016.04.13-13.51.43:899][675]LogModuleManager: Shutting down and abandoning module TaskGraph (122)
[2016.04.13-13.51.43:899][675]LogModuleManager: Shutting down and abandoning module SlateRemote (121)
[2016.04.13-13.51.43:899][675]LogModuleManager: Shutting down and abandoning module SteamVRController (120)
[2016.04.13-13.51.43:899][675]LogModuleManager: Shutting down and abandoning module SteamVR (119)
[2016.04.13-13.51.43:899][675]LogModuleManager: Shutting down and abandoning module ProceduralMeshComponent (118)
[2016.04.13-13.51.43:899][675]LogModuleManager: Shutting down and abandoning module OculusLibrary (117)
[2016.04.13-13.51.43:899][675]LogModuleManager: Shutting down and abandoning module OculusInput (116)
[2016.04.13-13.51.43:899][675]LogModuleManager: Shutting down and abandoning module LeapMotionController (115)
[2016.04.13-13.51.43:916][675]LogModuleManager: Shutting down and abandoning module CustomMeshComponent (114)
[2016.04.13-13.51.43:916][675]LogModuleManager: Shutting down and abandoning module CableComponent (113)
[2016.04.13-13.51.43:916][675]LogModuleManager: Shutting down and abandoning module ArchVisCharacter (112)
[2016.04.13-13.51.43:916][675]LogModuleManager: Shutting down and abandoning module MessagingDebugger (111)
[2016.04.13-13.51.43:916][675]LogModuleManager: Shutting down and abandoning module MediaPlayerEditor (110)
[2016.04.13-13.51.43:916][675]LogModuleManager: Shutting down and abandoning module HTML5Networking (109)
[2016.04.13-13.51.43:916][675]LogModuleManager: Shutting down and abandoning module SpeedTreeImporter (108)
[2016.04.13-13.51.43:916][675]LogModuleManager: Shutting down and abandoning module PluginBrowser (107)
[2016.04.13-13.51.43:916][675]LogModuleManager: Shutting down and abandoning module EpicSurvey (106)
[2016.04.13-13.51.43:916][675]LogModuleManager: Shutting down and abandoning module DesktopPlatform (105)
[2016.04.13-13.51.43:916][675]LogModuleManager: Shutting down and abandoning module VisualStudioSourceCodeAccess (104)
[2016.04.13-13.51.43:916][675]LogModuleManager: Shutting down and abandoning module UObjectPlugin (103)
[2016.04.13-13.51.43:916][675]LogModuleManager: Shutting down and abandoning module SubversionSourceControl (102)
[2016.04.13-13.51.43:916][675]LogModuleManager: Shutting down and abandoning module PerforceSourceControl (101)
[2016.04.13-13.51.43:916][675]LogModuleManager: Shutting down and abandoning module SourceControl (100)
[2016.04.13-13.51.43:916][675]LogModuleManager: Shutting down and abandoning module GitSourceControl (99)
[2016.04.13-13.51.43:916][675]LogModuleManager: Shutting down and abandoning module LightPropagationVolumeEditor (98)
[2016.04.13-13.51.43:916][675]LogModuleManager: Shutting down and abandoning module PaperTiledImporter (97)
[2016.04.13-13.51.43:917][675]LogModuleManager: Shutting down and abandoning module PaperSpriteSheetImporter (96)
[2016.04.13-13.51.43:917][675]LogModuleManager: Shutting down and abandoning module MeshPaint (95)
[2016.04.13-13.51.43:917][675]LogModuleManager: Shutting down and abandoning module SlateReflector (94)
[2016.04.13-13.51.43:917][675]LogModuleManager: Shutting down and abandoning module HotReload (93)
[2016.04.13-13.51.43:917][675]LogModuleManager: Shutting down and abandoning module MainFrame (92)
[2016.04.13-13.51.43:917][675]LogModuleManager: Shutting down and abandoning module LevelEditor (91)
[2016.04.13-13.51.43:918][675]LogModuleManager: Shutting down and abandoning module DirectoryWatcher (90)
[2016.04.13-13.51.43:919][675]LogModuleManager: Shutting down and abandoning module AssetRegistry (89)
[2016.04.13-13.51.44:005][675]LogModuleManager: Shutting down and abandoning module ContentBrowser (88)
[2016.04.13-13.51.44:006][675]LogModuleManager: Shutting down and abandoning module Paper2DEditor (87)
[2016.04.13-13.51.44:006][675]LogModuleManager: Shutting down and abandoning module UdpMessaging (86)
[2016.04.13-13.51.44:107][675]LogModuleManager: Shutting down and abandoning module LightPropagationVolumeRuntime (85)
[2016.04.13-13.51.44:107][675]LogModuleManager: Shutting down and abandoning module Paper2D (84)
[2016.04.13-13.51.44:107][675]LogModuleManager: Shutting down and abandoning module WindowsMoviePlayer (83)
[2016.04.13-13.51.44:109][675]LogModuleManager: Shutting down and abandoning module Media (82)
[2016.04.13-13.51.44:109][675]LogModuleManager: Shutting down and abandoning module WmfMedia (81)
[2016.04.13-13.51.44:109][675]LogModuleManager: Shutting down and abandoning module OnlineBlueprintSupport (80)
[2016.04.13-13.51.44:109][675]LogModuleManager: Shutting down and abandoning module GameplayTasksEditor (79)
[2016.04.13-13.51.44:109][675]LogModuleManager: Shutting down and abandoning module PropertyEditor (78)
[2016.04.13-13.51.44:109][675]LogModuleManager: Shutting down and abandoning module BehaviorTreeEditor (77)
[2016.04.13-13.51.44:109][675]LogModuleManager: Shutting down and abandoning module FunctionalTesting (76)
[2016.04.13-13.51.44:110][675]LogModuleManager: Shutting down and abandoning module CollisionAnalyzer (75)
[2016.04.13-13.51.44:110][675]LogModuleManager: Shutting down and abandoning module WorkspaceMenuStructure (74)
[2016.04.13-13.51.44:110][675]LogModuleManager: Shutting down and abandoning module MessageLog (73)
[2016.04.13-13.51.44:110][675]LogModuleManager: Shutting down and abandoning module Sequencer (72)
[2016.04.13-13.51.44:110][675]LogModuleManager: Shutting down and abandoning module AssetTools (71)
[2016.04.13-13.51.44:110][675]LogModuleManager: Shutting down and abandoning module UMGEditor (70)
[2016.04.13-13.51.44:110][675]LogModuleManager: Shutting down and abandoning module UMG (69)
[2016.04.13-13.51.44:110][675]LogModuleManager: Shutting down and abandoning module Slate (68)
[2016.04.13-13.51.44:110][675]LogModuleManager: Shutting down and abandoning module EditorStyle (67)
[2016.04.13-13.51.44:113][675]LogModuleManager: Shutting down and abandoning module SessionServices (66)
[2016.04.13-13.51.44:113][675]LogModuleManager: Shutting down and abandoning module SourceCodeAccess (65)
[2016.04.13-13.51.44:113][675]LogModuleManager: Shutting down and abandoning module HeadMountedDisplay (64)
[2016.04.13-13.51.44:113][675]LogModuleManager: Shutting down and abandoning module XAudio2 (63)
[2016.04.13-13.51.44:113][675]LogModuleManager: Shutting down and abandoning module Networking (61)
[2016.04.13-13.51.44:113][675]LogModuleManager: Shutting down and abandoning module Core (60)
[2016.04.13-13.51.44:113][675]LogModuleManager: Shutting down and abandoning module KismetCompiler (59)
[2016.04.13-13.51.44:113][675]LogModuleManager: Shutting down and abandoning module PhysXFormats (58)
[2016.04.13-13.51.44:113][675]LogModuleManager: Shutting down and abandoning module MeshUtilities (57)
[2016.04.13-13.51.44:113][675]LogModuleManager: Shutting down and abandoning module DerivedDataCache (56)
[2016.04.13-13.51.44:189][675]LogDerivedDataCache: Shutdown
[2016.04.13-13.51.44:189][675]LogModuleManager: Shutting down and abandoning module ShaderFormatOpenGL (55)
[2016.04.13-13.51.44:189][675]LogModuleManager: Shutting down and abandoning module ShaderFormatD3D (54)
[2016.04.13-13.51.44:190][675]LogModuleManager: Shutting down and abandoning module MetalShaderFormat (53)
[2016.04.13-13.51.44:190][675]LogModuleManager: Shutting down and abandoning module TextureFormatUncompressed (52)
[2016.04.13-13.51.44:190][675]LogModuleManager: Shutting down and abandoning module TextureFormatPVR (51)
[2016.04.13-13.51.44:190][675]LogModuleManager: Shutting down and abandoning module TextureFormatIntelISPCTexComp (50)
[2016.04.13-13.51.44:190][675]LogModuleManager: Shutting down and abandoning module TextureFormatDXT (49)
[2016.04.13-13.51.44:190][675]LogModuleManager: Shutting down and abandoning module ImageWrapper (48)
[2016.04.13-13.51.44:190][675]LogModuleManager: Shutting down and abandoning module TextureFormatASTC (47)
[2016.04.13-13.51.44:190][675]LogModuleManager: Shutting down and abandoning module TextureFormatAndroid (46)
[2016.04.13-13.51.44:190][675]LogModuleManager: Shutting down and abandoning module AudioFormatOpus (45)
[2016.04.13-13.51.44:190][675]LogModuleManager: Shutting down and abandoning module AudioFormatOgg (44)
[2016.04.13-13.51.44:190][675]LogModuleManager: Shutting down and abandoning module AudioFormatADPCM (43)
[2016.04.13-13.51.44:190][675]LogModuleManager: Shutting down and abandoning module LinuxTargetPlatform (42)
[2016.04.13-13.51.44:190][675]LogModuleManager: Shutting down and abandoning module LinuxServerTargetPlatform (41)
[2016.04.13-13.51.44:190][675]LogModuleManager: Shutting down and abandoning module LinuxNoEditorTargetPlatform (40)
[2016.04.13-13.51.44:190][675]LogModuleManager: Shutting down and abandoning module Messaging (39)
[2016.04.13-13.51.44:190][675]LogModuleManager: Shutting down and abandoning module IOSTargetPlatform (38)
[2016.04.13-13.51.44:190][675]LogModuleManager: Shutting down and abandoning module HTML5TargetPlatform (37)
[2016.04.13-13.51.44:190][675]LogModuleManager: Shutting down and abandoning module Android_PVRTCTargetPlatform (36)
[2016.04.13-13.51.44:190][675]LogModuleManager: Shutting down and abandoning module Android_MultiTargetPlatform (35)
[2016.04.13-13.51.44:190][675]LogModuleManager: Shutting down and abandoning module Android_ETC2TargetPlatform (34)
[2016.04.13-13.51.44:190][675]LogModuleManager: Shutting down and abandoning module Android_ETC1TargetPlatform (33)
[2016.04.13-13.51.44:190][675]LogModuleManager: Shutting down and abandoning module Android_DXTTargetPlatform (32)
[2016.04.13-13.51.44:190][675]LogModuleManager: Shutting down and abandoning module Android_ATCTargetPlatform (31)
[2016.04.13-13.51.44:190][675]LogModuleManager: Shutting down and abandoning module Android_ASTCTargetPlatform (30)
[2016.04.13-13.51.44:190][675]LogModuleManager: Shutting down and abandoning module AndroidTargetPlatform (29)
[2016.04.13-13.51.44:190][675]LogModuleManager: Shutting down and abandoning module WindowsTargetPlatform (28)
[2016.04.13-13.51.44:190][675]LogModuleManager: Shutting down and abandoning module WindowsServerTargetPlatform (27)
[2016.04.13-13.51.44:190][675]LogModuleManager: Shutting down and abandoning module WindowsNoEditorTargetPlatform (26)
[2016.04.13-13.51.44:190][675]LogModuleManager: Shutting down and abandoning module WindowsClientTargetPlatform (25)
[2016.04.13-13.51.44:190][675]LogModuleManager: Shutting down and abandoning module AllDesktopTargetPlatform (24)
[2016.04.13-13.51.44:190][675]LogModuleManager: Shutting down and abandoning module TargetPlatform (23)
[2016.04.13-13.51.44:190][675]LogModuleManager: Shutting down and abandoning module InputCore (22)
[2016.04.13-13.51.44:190][675]LogModuleManager: Shutting down and abandoning module Settings (21)
[2016.04.13-13.51.44:190][675]LogModuleManager: Shutting down and abandoning module OnlineSubsystem (19)
[2016.04.13-13.51.44:190][675]LogModuleManager: Shutting down and abandoning module HTTP (18)
[2016.04.13-13.51.45:191][675]LogModuleManager: Shutting down and abandoning module XMPP (17)
[2016.04.13-13.51.45:191][675]LogModuleManager: Shutting down and abandoning module OculusRift (16)
[2016.04.13-13.51.45:191][675]LogModuleManager: Shutting down and abandoning module ExampleDeviceProfileSelector (15)
[2016.04.13-13.51.45:191][675]LogModuleManager: Shutting down and abandoning module TextureCompressor (14)
[2016.04.13-13.51.45:191][675]LogModuleManager: Shutting down and abandoning module ShaderCore (13)
[2016.04.13-13.51.45:191][675]LogModuleManager: Shutting down and abandoning module Landscape (12)
[2016.04.13-13.51.45:191][675]LogModuleManager: Shutting down and abandoning module SlateRHIRenderer (11)
[2016.04.13-13.51.45:194][675]LogModuleManager: Shutting down and abandoning module OpenGLDrv (10)
[2016.04.13-13.51.45:194][675]LogModuleManager: Shutting down and abandoning module D3D11RHI (9)
[2016.04.13-13.51.45:194][675]LogModuleManager: Shutting down and abandoning module AnimGraphRuntime (8)
[2016.04.13-13.51.45:194][675]LogModuleManager: Shutting down and abandoning module Renderer (7)
[2016.04.13-13.51.45:194][675]LogModuleManager: Shutting down and abandoning module Engine (6)
[2016.04.13-13.51.45:194][675]LogModuleManager: Shutting down and abandoning module CoreUObject (5)
[2016.04.13-13.51.45:194][675]LogModuleManager: Shutting down and abandoning module NetworkFile (4)
[2016.04.13-13.51.45:194][675]LogModuleManager: Shutting down and abandoning module StreamingFile (3)
[2016.04.13-13.51.45:194][675]LogModuleManager: Shutting down and abandoning module SandboxFile (2)
[2016.04.13-13.51.45:194][675]LogModuleManager: Shutting down and abandoning module PakFile (1)
[2016.04.13-13.51.45:195][675]LogExit: Exiting.
[2016.04.13-13.51.45:208][675]Log file closed, 04/13/16 14:51:45
