[2016.04.14-09.18.45:515][  0]Log file open, 04/14/16 10:18:45
[2016.04.14-09.18.45:515][  0]LogInit:Display: Running engine for game: MyProject5
[2016.04.14-09.18.45:515][  0]LogPlatformFile: Not using cached read wrapper
[2016.04.14-09.18.45:515][  0]LogInit:Display: RandInit(798697122) SRandInit(798697123).
[2016.04.14-09.18.45:516][  0]LogTaskGraph: Started task graph with 4 named threads and 7 total threads.
[2016.04.14-09.18.45:516][  0]LogStats: Stats thread started at 0.069737
[2016.04.14-09.18.45:516][  0]LogInit: Version: 4.10.4-2872498+++depot+UE4-Releases+4.10
[2016.04.14-09.18.45:516][  0]LogInit: API Version: 2758231
[2016.04.14-09.18.45:516][  0]LogInit: Compiled (64-bit): Feb 18 2016 15:47:04
[2016.04.14-09.18.45:516][  0]LogInit: Compiled with Visual C++: 19.00.23026.00
[2016.04.14-09.18.45:516][  0]LogInit: Build Configuration: Development
[2016.04.14-09.18.45:516][  0]LogInit: Branch Name: ++depot+UE4-Releases+4.10
[2016.04.14-09.18.45:516][  0]LogInit: Command line: -EpicPortal 
[2016.04.14-09.18.45:516][  0]LogInit: Base directory: C:/Program Files (x86)/Epic Games/4.10/Engine/Binaries/Win64/
[2016.04.14-09.18.45:516][  0]LogInit: Rocket: 1
[2016.04.14-09.18.45:583][  0]LogInit: Using libcurl 7.41.0
[2016.04.14-09.18.45:583][  0]LogInit:  - built for x86_64-pc-win32
[2016.04.14-09.18.45:583][  0]LogInit:  - supports SSL with WinSSL
[2016.04.14-09.18.45:583][  0]LogInit:  - other features:
[2016.04.14-09.18.45:583][  0]LogInit:      CURL_VERSION_SSL
[2016.04.14-09.18.45:583][  0]LogInit:      CURL_VERSION_IPV6
[2016.04.14-09.18.45:583][  0]LogInit:      CURL_VERSION_ASYNCHDNS
[2016.04.14-09.18.45:583][  0]LogInit:      CURL_VERSION_LARGEFILE
[2016.04.14-09.18.45:583][  0]LogInit:      CURL_VERSION_IDN
[2016.04.14-09.18.45:583][  0]LogInit:  CurlRequestOptions (configurable via config and command line):
[2016.04.14-09.18.45:583][  0]LogInit:  - bVerifyPeer = true  - Libcurl will verify peer certificate
[2016.04.14-09.18.45:583][  0]LogInit:  - bUseHttpProxy = false  - Libcurl will NOT use HTTP proxy
[2016.04.14-09.18.45:583][  0]LogInit:  - bDontReuseConnections = false  - Libcurl will reuse connections
[2016.04.14-09.18.45:583][  0]LogInit:  - CertBundlePath = nullptr  - Libcurl will use whatever was configured at build time.
[2016.04.14-09.18.45:587][  0]LogInit: Presizing for 0 objects not considered by GC, pre-allocating 0 bytes.
[2016.04.14-09.18.45:593][  0]LogInit: Object subsystem initialized
[2016.04.14-09.18.45:594][  0]LogInit: Selected Device Profile: [Windows]
[2016.04.14-09.18.45:594][  0]LogInit: Applying CVar settings loaded from the selected device profile: [Windows]
[2016.04.14-09.18.45:604][  0]LogInit: Computer: MARCELO
[2016.04.14-09.18.45:604][  0]LogInit: User: Marcelo
[2016.04.14-09.18.45:604][  0]LogInit: CPU Page size=4096, Cores=4
[2016.04.14-09.18.45:604][  0]LogInit: High frequency timer resolution =2.338344 MHz
[2016.04.14-09.18.45:604][  0]LogMemory: Memory total: Physical=15.9GB (16GB approx)
[2016.04.14-09.18.45:604][  0]LogMemory: Platform Memory Stats for Windows
[2016.04.14-09.18.45:604][  0]LogMemory: Process Physical Memory: 56.08 MB used, 56.08 MB peak
[2016.04.14-09.18.45:604][  0]LogMemory: Process Virtual Memory: 58.64 MB used, 58.64 MB peak
[2016.04.14-09.18.45:604][  0]LogMemory: Physical Memory: 3119.88 MB used, 16294.87 MB total
[2016.04.14-09.18.45:604][  0]LogMemory: Virtual Memory: 385.61 MB used, 134217728.00 MB total
[2016.04.14-09.18.45:637][  0]LogTextLocalizationManager: No translations for ('pt-PT') exist, falling back to 'en' for localization and internationalization data.
[2016.04.14-09.18.46:046][  0]LogD3D11RHI: Found D3D11 adapter 0: Intel(R) HD Graphics 4600 (Feature Level 11_0)
[2016.04.14-09.18.46:046][  0]LogD3D11RHI: Adapter has 112MB of dedicated video memory, 0MB of dedicated system memory, and 8147MB of shared system memory, 1 output[s]
[2016.04.14-09.18.46:056][  0]LogD3D11RHI: Found D3D11 adapter 1: AMD Radeon R9 M200X Series (Feature Level 11_0)
[2016.04.14-09.18.46:056][  0]LogD3D11RHI: Adapter has 2030MB of dedicated video memory, 0MB of dedicated system memory, and 8147MB of shared system memory, 0 output[s]
[2016.04.14-09.18.46:058][  0]LogD3D11RHI: Found D3D11 adapter 2: Microsoft Basic Render Driver (Feature Level 11_0)
[2016.04.14-09.18.46:058][  0]LogD3D11RHI: Adapter has 0MB of dedicated video memory, 0MB of dedicated system memory, and 8147MB of shared system memory, 0 output[s]
[2016.04.14-09.18.46:058][  0]LogD3D11RHI: Chosen D3D11 Adapter Id = 0
[2016.04.14-09.18.46:062][  0]LogD3D11RHI: !Direct3DDevice
[2016.04.14-09.18.46:062][  0]LogRHI: Texture pool is 1361 MB (70% of 1945 MB)
[2016.04.14-09.18.46:068][  0]LogD3D11RHI: Async texture creation enabled
[2016.04.14-09.18.46:071][  0]LogShaderCompilers: Guid format shader working directory is -20 characters bigger than the processId version (../../../../../../Users/Marcelo/Documents/Unreal Projects/MyProject5/Intermediate/Shaders/WorkingDirectory/4940/).
[2016.04.14-09.18.46:071][  0]LogShaderCompilers: Cleaned the shader compiler working directory 'C:/Users/Marcelo/AppData/Local/Temp/UnrealShaderWorkingDir/390271AA43665B77C7AA198B785CC046/'.
[2016.04.14-09.18.46:071][  0]LogShaderCompilers:Display: Using Local Shader Compiler.
[2016.04.14-09.18.47:560][  0]LogTemp:Display: Loaded TP AllDesktopTargetPlatform
[2016.04.14-09.18.47:563][  0]LogTemp:Display: Loaded TP WindowsClientTargetPlatform
[2016.04.14-09.18.47:567][  0]LogTemp:Display: Loaded TP WindowsNoEditorTargetPlatform
[2016.04.14-09.18.47:570][  0]LogTemp:Display: Loaded TP WindowsServerTargetPlatform
[2016.04.14-09.18.47:573][  0]LogTemp:Display: Loaded TP WindowsTargetPlatform
[2016.04.14-09.18.47:576][  0]LogTemp:Display: Loaded TP AndroidTargetPlatform
[2016.04.14-09.18.47:578][  0]LogTemp:Display: Loaded TP Android_ASTCTargetPlatform
[2016.04.14-09.18.47:581][  0]LogTemp:Display: Loaded TP Android_ATCTargetPlatform
[2016.04.14-09.18.47:584][  0]LogTemp:Display: Loaded TP Android_DXTTargetPlatform
[2016.04.14-09.18.47:586][  0]LogTemp:Display: Loaded TP Android_ETC1TargetPlatform
[2016.04.14-09.18.47:589][  0]LogTemp:Display: Loaded TP Android_ETC2TargetPlatform
[2016.04.14-09.18.47:594][  0]LogTemp:Display: Loaded TP Android_MultiTargetPlatform
[2016.04.14-09.18.47:594][  0]LogTemp:Display: Loaded TP Android_PVRTCTargetPlatform
[2016.04.14-09.18.47:595][  0]LogTemp:Display: Loaded TP HTML5TargetPlatform
[2016.04.14-09.18.47:611][  0]LogTemp:Display: Loaded TP IOSTargetPlatform
[2016.04.14-09.18.47:613][  0]LogTemp:Display: Loaded TP LinuxNoEditorTargetPlatform
[2016.04.14-09.18.47:616][  0]LogTemp:Display: Loaded TP LinuxServerTargetPlatform
[2016.04.14-09.18.47:620][  0]LogTemp:Display: Loaded TP LinuxTargetPlatform
[2016.04.14-09.18.47:620][  0]LogTargetPlatformManager:Display: Building Assets For Windows
[2016.04.14-09.18.47:690][  0]LogDerivedDataCache:Display: Max Cache Size: 512 MB
[2016.04.14-09.18.47:803][  0]LogDerivedDataCache: Loaded boot cache 0.04s 41MB C:/Users/Marcelo/AppData/Local/UnrealEngine/4.10/DerivedDataCache/Boot.ddc.
[2016.04.14-09.18.47:872][  0]LogDerivedDataCache:Display: Loaded Boot cache: C:/Users/Marcelo/AppData/Local/UnrealEngine/4.10/DerivedDataCache/Boot.ddc
[2016.04.14-09.18.47:872][  0]LogDerivedDataCache: FDerivedDataBackendGraph:  Pak pak cache file ../../../../../../Users/Marcelo/Documents/Unreal Projects/MyProject5/DerivedDataCache/DDC.ddp not found, will not use a pak cache.
[2016.04.14-09.18.47:872][  0]LogDerivedDataCache: Unable to find inner node Pak for hierarchical cache Hierarchy.
[2016.04.14-09.18.47:872][  0]LogDerivedDataCache: FDerivedDataBackendGraph:  CompressedPak pak cache file ../../../../../../Users/Marcelo/Documents/Unreal Projects/MyProject5/DerivedDataCache/Compressed.ddp not found, will not use a pak cache.
[2016.04.14-09.18.47:872][  0]LogDerivedDataCache: Unable to find inner node CompressedPak for hierarchical cache Hierarchy.
[2016.04.14-09.18.47:928][  0]LogDerivedDataCache:Display: Pak cache opened for reading ../../../Engine/DerivedDataCache/Compressed.ddp.
[2016.04.14-09.18.47:940][  0]LogDerivedDataCache: Using Local data cache path C:/Users/Marcelo/AppData/Local/UnrealEngine/Common/DerivedDataCache: Writable
[2016.04.14-09.18.48:133][  0]LogInit: Selected Device Profile: [Windows]
[2016.04.14-09.18.48:135][  0]LogContentStreaming: Texture pool size is 0.000000MB
[2016.04.14-09.18.48:433][  0]LogMeshUtilities: No automatic mesh reduction module available
[2016.04.14-09.18.48:433][  0]LogMeshUtilities: No automatic mesh merging module available
[2016.04.14-09.18.48:685][  0]LogInit: WinSock: version 1.1 (2.2), MaxSocks=32767, MaxUdp=65467
[2016.04.14-09.18.49:437][  0]UdpMessaging: Initializing bridge on interface 0.0.0.0:0 to multicast group 230.0.0.1:6666.
[2016.04.14-09.18.49:534][  0]LogAssetRegistry: FAssetRegistry took 0.0106 seconds to start up
[2016.04.14-09.18.49:734][  0]SourceControl: Info Source control is disabled
[2016.04.14-09.18.49:735][  0]SourceControl: Info Source control is disabled
[2016.04.14-09.18.49:748][  0]SourceControl: Info Source control is disabled
[2016.04.14-09.18.49:762][  0]SourceControl: Info Source control is disabled
[2016.04.14-09.18.50:027][  0]LogObj: 28633 objects as part of root set at end of initial load.
[2016.04.14-09.18.50:027][  0]LogUObjectAllocator: 6099752 out of 0 bytes used by permanent object pool.
[2016.04.14-09.18.50:077][  0]LogEngine: Initializing Engine...
[2016.04.14-09.18.50:079][  0]LogHMD: Can't find Oculus library dev build: is proper Runtime installed? Version: 0.8.0.0
[2016.04.14-09.18.50:084][  0]LogHMD: SteamVR failed to initialize.  Err: 110
[2016.04.14-09.18.50:188][  0]LogAIModule: Creating AISystem for world NewWorld
[2016.04.14-09.18.50:191][  0]LogInit: XAudio2 using 'Altifalantes (Realtek High Definition Audio)' : 2 channels at 48 kHz using 32 bits per sample (channel mask 0x3)
[2016.04.14-09.18.50:223][  0]LogInit: FAudioDevice initialized.
[2016.04.14-09.18.50:322][  0]LogDerivedDataCache: Saved boot cache 0.10s 41MB C:/Users/Marcelo/AppData/Local/UnrealEngine/4.10/DerivedDataCache/Boot.ddc.
[2016.04.14-09.18.50:325][  0]LogInit: Texture streaming: Enabled
[2016.04.14-09.18.50:328][  0]LogAnalytics: Creating configured Analytics provider AnalyticsET
[2016.04.14-09.18.50:328][  0]LogAnalytics: [UEEditor.Rocket.Release] APIServer = http://et2.epicgames.com/ET2/. AppVersion = 4.10.4-2872498+++depot+UE4-Releases+4.10
[2016.04.14-09.18.50:328][  0]LogAnalytics: [UEEditor.Rocket.Release] SetUserId b25cc0d14c3ac3be6f8b6eb4c9ba9e23|e5057c738a494ed7a0e7d3385aa340d8|df345036-25e4-4eae-acd1-187ff5b838df
[2016.04.14-09.18.50:328][  0]LogAnalytics: [UEEditor.Rocket.Release] AnalyticsET::StartSession
[2016.04.14-09.18.50:336][  0]LogInit: Transaction tracking system initialized
[2016.04.14-09.18.50:352][  0]BlueprintLog: New page: Editor Load
[2016.04.14-09.18.50:500][  0]LocalizationService: Info Localization service is disabled
[2016.04.14-09.18.50:557][  0]LogLinker:Warning: Can't find file '/Game/ThirdPersonBP/ThirdPersonOverview'
[2016.04.14-09.18.50:557][  0]LogLinker:Warning: Can't find file '/Game/ThirdPersonBP/ThirdPersonOverview'
[2016.04.14-09.18.50:557][  0]LogUObjectGlobals:Warning: Failed to find object 'Class /Game/ThirdPersonBP/ThirdPersonOverview.ThirdPersonOverview_C'
[2016.04.14-09.18.50:577][  0]LogConsoleResponse:Display: 
[2016.04.14-09.18.50:987][  0]LogCook:Display: Done creating registry. It took  0.00s.
[2016.04.14-09.18.51:036][  0]SourceControl: Info Source control is disabled
[2016.04.14-09.18.51:036][  0]Cmd: MAP LOAD FILE="../../../../../../Users/Marcelo/Documents/Unreal Projects/MyProject5/Content/StarterContent/Maps/Minimal_Default.umap" TEMPLATE=0 SHOWPROGRESS=1 FEATURELEVEL=3
[2016.04.14-09.18.51:653][  0]LightingResults: New page: Lighting Build
[2016.04.14-09.18.51:655][  0]MapCheck: New page: Map Check
[2016.04.14-09.18.51:655][  0]LightingResults: New page: Lighting Build
[2016.04.14-09.18.51:665][  0]LogParticles: Destroying 0 GPU particle simulations for FXSystem 0x000001B268347B00
[2016.04.14-09.18.55:902][  0]LogFileCache: Scanning file cache for directory 'C:/Users/Marcelo/Documents/Unreal Projects/MyProject5/Content/' took 4.82s
[2016.04.14-09.19.01:573][  0]LogBlueprint:Warning: [compiler Minimal_Default] Warning 'Item' is already a 'Character', you don't need  Cast To Character .
[2016.04.14-09.19.01:574][  0]LogBlueprint:Warning: [compiler Minimal_Default] Warning [0016.91] Compile of Minimal_Default successful, but with 1 Warning(s) [in 3 ms]
[2016.04.14-09.19.01:611][  0]LogBlueprint:Warning: [compiler Minimal_Default] Warning [0016.94] Compile of Minimal_Default successful, but with 2 Warning(s) [in 0 ms]
[2016.04.14-09.19.01:611][  0]LogBlueprint:Warning: [compiler Minimal_Default] Warning [0016.94] Compile of Minimal_Default successful, but with 3 Warning(s) [in 0 ms]
[2016.04.14-09.19.01:615][  0]LogBlueprint:Warning: [compiler Minimal_Default] Warning 'Item' is already a 'Character', you don't need  Cast To Character .
[2016.04.14-09.19.01:616][  0]LogBlueprint:Warning: [compiler Minimal_Default] Warning [0016.95] Compile of Minimal_Default successful, but with 1 Warning(s) [in 3 ms]
[2016.04.14-09.19.01:616][  0]LogBlueprint:Warning: [compiler Minimal_Default] Warning [0016.95] Compile of Minimal_Default successful, but with 2 Warning(s) [in 0 ms]
[2016.04.14-09.19.01:616][  0]LogBlueprint:Warning: [compiler Minimal_Default] Warning [0016.95] Compile of Minimal_Default successful, but with 3 Warning(s) [in 0 ms]
[2016.04.14-09.19.06:403][  0]LogAIModule: Creating AISystem for world Minimal_Default
[2016.04.14-09.19.06:496][  0]LogEditorServer: Finished looking for orphan Actors (0.000 secs)
[2016.04.14-09.19.06:536][  0]Cmd: MAP CHECKDEP NOCLEARLOG
[2016.04.14-09.19.06:598][  0]MapCheck: Info Map check complete: 0 Error(s), 0 Warning(s), took 61.377ms to complete.
[2016.04.14-09.19.06:598][  0]LogFileHelpers: Loading map 'Minimal_Default' took 15.562
[2016.04.14-09.19.07:951][  0]LogCollectionManager: Loaded 0 collections in 0.232774 seconds
[2016.04.14-09.19.09:295][  0]LogFileCache: Scanning file cache for directory 'C:/Users/Marcelo/Documents/Unreal Projects/MyProject5/Saved/Collections/' took 0.01s
[2016.04.14-09.19.09:295][  0]LogFileCache: Scanning file cache for directory 'C:/Users/Marcelo/Documents/Unreal Projects/MyProject5/Content/Developers/Marcelo/Collections/' took 0.01s
[2016.04.14-09.19.09:295][  0]LogFileCache: Scanning file cache for directory 'C:/Users/Marcelo/Documents/Unreal Projects/MyProject5/Content/Collections/' took 0.01s
[2016.04.14-09.19.09:295][  0]LogCollectionManager: Rebuilt the GUID cache for 0 collections in 0.000002 seconds
[2016.04.14-09.19.09:498][  0]LogContentBrowser: Native class hierarchy populated in 0.0733 seconds. Added 1893 classes and 338 folders.
[2016.04.14-09.19.10:952][  0]LogContentBrowser: Native class hierarchy updated for 'WidgetCarousel' in 0.0006 seconds. Added 0 classes and 0 folders.
[2016.04.14-09.19.19:350][  0]LogContentBrowser: Native class hierarchy updated for 'AddContentDialog' in 0.0005 seconds. Added 0 classes and 0 folders.
[2016.04.14-09.19.19:471][  0]LogContentBrowser: Native class hierarchy updated for 'SceneOutliner' in 0.0005 seconds. Added 1 classes and 2 folders.
[2016.04.14-09.19.21:034][  0]LogCrashTracker: Crashtracker disabled due to settings.
[2016.04.14-09.19.21:289][  0]LogUObjectGlobals:Warning: Failed to find object 'Class None.'
[2016.04.14-09.19.21:327][  0]LogLoad: Full Startup: 36.66 seconds (BP compile: 0.40 seconds)
[2016.04.14-09.19.21:347][  0]LogOcInput: Can't find Oculus library dev build: is proper Runtime installed? Version: 0.8.0.0
[2016.04.14-09.19.22:336][  0]LogContentStreaming: Texture pool size now 1000 MB
[2016.04.14-09.19.22:980][  0]LogRenderer: Reallocating scene render targets to support 1156x432 (Frame:2).
[2016.04.14-09.19.26:008][  4]LogAssetRegistry: Asset discovery search completed in 36.4842 seconds
[2016.04.14-09.19.26:008][  4]LogCollectionManager: Rebuilt the object cache for 0 collections in 0.000003 seconds (found 0 objects)
[2016.04.14-09.19.26:008][  4]LogCollectionManager: Fixed up redirectors for 0 collections in 0.000032 seconds (updated 0 objects)
[2016.04.14-09.21.14:872][  2]LogLinker:Warning: Asset '../../../Engine/Content/ArtTools/RenderToTexture/Macros/RenderToTextureMacros.uasset' has been saved with empty engine version. The asset will be loaded but may be incompatible.
[2016.04.14-09.21.16:935][  2]LogContentBrowser: Native class hierarchy updated for 'BlueprintGraph' in 0.0009 seconds. Added 107 classes and 0 folders.
[2016.04.14-09.23.42:082][275]Cmd: OBJ SAVEPACKAGE PACKAGE="/Game/Character/CharacterBP" FILE="../../../../../../Users/Marcelo/Documents/Unreal Projects/MyProject5/Content/Character/CharacterBP.uasset" SILENT=true
[2016.04.14-09.23.43:459][275]LogSavePackage: Save=351.700165ms
[2016.04.14-09.23.43:459][275]LogSavePackage: Moving '../../../../../../Users/Marcelo/Documents/Unreal Projects/MyProject5/Saved/CharacterBP2BAD5EFE4D39AD4B2B86389811A67D27.tmp' to '../../../../../../Users/Marcelo/Documents/Unreal Projects/MyProject5/Content/Character/CharacterBP.uasset'
[2016.04.14-09.23.43:464][275]LogSavePackage: Total save time: 1380.334973ms
[2016.04.14-09.23.43:464][275]LogSavePackage:Display: Finished SavePackage ../../../../../../Users/Marcelo/Documents/Unreal Projects/MyProject5/Content/Character/CharacterBP.uasset
[2016.04.14-09.23.44:372][330]BlueprintLog: New page: Compile CharacterBP
[2016.04.14-09.23.44:724][330]LogActorComponent: UnregisterComponent: (/Engine/Transient.CharMoveComp) Not registered. Aborting.
[2016.04.14-09.23.44:778][330]BlueprintEditorCompileResults: Info [0300.11] Compile of CharacterBP successful! [in 406 ms]
[2016.04.14-09.23.46:775][401]LogBlueprintUserMessages: Early PlayInEditor Detection: Level '/Game/StarterContent/Maps/Minimal_Default.Minimal_Default:PersistentLevel' has LevelScriptBlueprint '/Game/StarterContent/Maps/Minimal_Default.Minimal_Default:PersistentLevel.Minimal_Default' with GeneratedClass '/Game/StarterContent/Maps/Minimal_Default.Minimal_Default_C' with ClassGeneratedBy '/Game/StarterContent/Maps/Minimal_Default.Minimal_Default:PersistentLevel.Minimal_Default'
[2016.04.14-09.23.46:775][401]LogPlayLevel: PlayLevel: No blueprints needed recompiling
[2016.04.14-09.23.46:819][401]PIE: New page: PIE session: Minimal_Default (Apr 14, 2016, 11:23:46 AM)
[2016.04.14-09.23.46:819][401]LogPlayLevel: Creating play world package: /Game/StarterContent/Maps/UEDPIE_0_Minimal_Default
[2016.04.14-09.23.46:865][401]LogPlayLevel: PIE: StaticDuplicateObject took: (0.046559s)
[2016.04.14-09.23.46:866][401]LogAIModule: Creating AISystem for world Minimal_Default
[2016.04.14-09.23.46:866][401]LogPlayLevel: PIE: World Init took: (0.000662s)
[2016.04.14-09.23.46:866][401]LogPlayLevel: PIE: Created PIE world by copying editor world from /Game/StarterContent/Maps/Minimal_Default.Minimal_Default to /Game/StarterContent/Maps/UEDPIE_0_Minimal_Default.Minimal_Default (0.047402s)
[2016.04.14-09.23.46:866][401]LogActorComponent: UnregisterComponent: (/Engine/Transient.CharMoveComp) Not registered. Aborting.
[2016.04.14-09.23.46:893][401]LogInit: XAudio2 using 'Altifalantes (Realtek High Definition Audio)' : 2 channels at 48 kHz using 32 bits per sample (channel mask 0x3)
[2016.04.14-09.23.46:899][401]LogInit: FAudioDevice initialized.
[2016.04.14-09.23.47:041][401]LogWorld: Game class is 'MyGame_C'
[2016.04.14-09.23.47:072][401]LogWorld: Bringing World /Game/StarterContent/Maps/UEDPIE_0_Minimal_Default.Minimal_Default up for play (max tick rate 60) at 2016.04.14-10.23.47
[2016.04.14-09.23.47:072][401]LogActor:Warning: GameSession /Game/StarterContent/Maps/UEDPIE_0_Minimal_Default.Minimal_Default:PersistentLevel.GameSession_0 has natively added scene component(s), but none of them were set as the actor's RootComponent - picking one arbitrarily
[2016.04.14-09.23.47:072][401]LogActor:Warning: GameNetworkManager /Game/StarterContent/Maps/UEDPIE_0_Minimal_Default.Minimal_Default:PersistentLevel.GameNetworkManager_0 has natively added scene component(s), but none of them were set as the actor's RootComponent - picking one arbitrarily
[2016.04.14-09.23.47:082][401]LogWorld: Bringing up level for play took: 0.013218
[2016.04.14-09.23.47:261][401]PIE: Info Play in editor start time for /Game/StarterContent/Maps/UEDPIE_0_Minimal_Default 0.132
[2016.04.14-09.23.47:262][401]LogBlueprintUserMessages: Late PlayInEditor Detection: Level '/Game/StarterContent/Maps/Minimal_Default.Minimal_Default:PersistentLevel' has LevelScriptBlueprint '/Game/StarterContent/Maps/Minimal_Default.Minimal_Default:PersistentLevel.Minimal_Default' with GeneratedClass '/Game/StarterContent/Maps/Minimal_Default.Minimal_Default_C' with ClassGeneratedBy '/Game/StarterContent/Maps/Minimal_Default.Minimal_Default:PersistentLevel.Minimal_Default'
[2016.04.14-09.24.04:410][897]LogBlueprintUserMessages: Early EndPlayMap Detection: Level '/Game/StarterContent/Maps/Minimal_Default.Minimal_Default:PersistentLevel' has LevelScriptBlueprint '/Game/StarterContent/Maps/Minimal_Default.Minimal_Default:PersistentLevel.Minimal_Default' with GeneratedClass '/Game/StarterContent/Maps/Minimal_Default.Minimal_Default_C' with ClassGeneratedBy '/Game/StarterContent/Maps/Minimal_Default.Minimal_Default:PersistentLevel.Minimal_Default'
[2016.04.14-09.24.04:463][897]LogBlueprintUserMessages: Late EndPlayMap Detection: Level '/Game/StarterContent/Maps/Minimal_Default.Minimal_Default:PersistentLevel' has LevelScriptBlueprint '/Game/StarterContent/Maps/Minimal_Default.Minimal_Default:PersistentLevel.Minimal_Default' with GeneratedClass '/Game/StarterContent/Maps/Minimal_Default.Minimal_Default_C' with ClassGeneratedBy '/Game/StarterContent/Maps/Minimal_Default.Minimal_Default:PersistentLevel.Minimal_Default'
[2016.04.14-09.24.04:514][898]LogParticles: Destroying 0 GPU particle simulations for FXSystem 0x000001B26EFB7D80
[2016.04.14-09.25.08:878][289]LogEditorViewport: Clicking on Actor (LMB): CameraActor (CameraActor)
[2016.04.14-09.25.10:495][289]LogEditorViewport: Clicking on Actor (LMB): CameraActor (CameraActor)
[2016.04.14-09.27.58:031][103]BlueprintLog: New page: Compile CharacterBP
[2016.04.14-09.27.58:170][103]LogActorComponent: UnregisterComponent: (/Engine/Transient.CharMoveComp) Not registered. Aborting.
[2016.04.14-09.27.58:262][103]BlueprintEditorCompileResults: Info [0553.59] Compile of CharacterBP successful! [in 231 ms]
[2016.04.14-09.27.58:463][110]Cmd: OBJ SAVEPACKAGE PACKAGE="/Game/Character/CharacterBP" FILE="../../../../../../Users/Marcelo/Documents/Unreal Projects/MyProject5/Content/Character/CharacterBP.uasset" SILENT=true
[2016.04.14-09.27.58:973][110]LogSavePackage: Save=319.450439ms
[2016.04.14-09.27.58:973][110]LogSavePackage: Moving '../../../../../../Users/Marcelo/Documents/Unreal Projects/MyProject5/Saved/CharacterBP103816DD47A57C27753DE48F82C27655.tmp' to '../../../../../../Users/Marcelo/Documents/Unreal Projects/MyProject5/Content/Character/CharacterBP.uasset'
[2016.04.14-09.27.58:977][110]LogSavePackage: Total save time: 338.332597ms
[2016.04.14-09.27.58:977][110]LogSavePackage:Display: Finished SavePackage ../../../../../../Users/Marcelo/Documents/Unreal Projects/MyProject5/Content/Character/CharacterBP.uasset
[2016.04.14-09.28.00:662][167]LogBlueprintUserMessages: Early PlayInEditor Detection: Level '/Game/StarterContent/Maps/Minimal_Default.Minimal_Default:PersistentLevel' has LevelScriptBlueprint '/Game/StarterContent/Maps/Minimal_Default.Minimal_Default:PersistentLevel.Minimal_Default' with GeneratedClass '/Game/StarterContent/Maps/Minimal_Default.Minimal_Default_C' with ClassGeneratedBy '/Game/StarterContent/Maps/Minimal_Default.Minimal_Default:PersistentLevel.Minimal_Default'
[2016.04.14-09.28.00:662][167]LogPlayLevel: PlayLevel: No blueprints needed recompiling
[2016.04.14-09.28.00:662][167]PIE: New page: PIE session: Minimal_Default (Apr 14, 2016, 11:28:00 AM)
[2016.04.14-09.28.00:662][167]LogPlayLevel: Creating play world package: /Game/StarterContent/Maps/UEDPIE_0_Minimal_Default
[2016.04.14-09.28.00:675][167]LogPlayLevel: PIE: StaticDuplicateObject took: (0.012689s)
[2016.04.14-09.28.00:676][167]LogAIModule: Creating AISystem for world Minimal_Default
[2016.04.14-09.28.00:676][167]LogPlayLevel: PIE: World Init took: (0.000831s)
[2016.04.14-09.28.00:676][167]LogPlayLevel: PIE: Created PIE world by copying editor world from /Game/StarterContent/Maps/Minimal_Default.Minimal_Default to /Game/StarterContent/Maps/UEDPIE_0_Minimal_Default.Minimal_Default (0.013780s)
[2016.04.14-09.28.00:676][167]LogActorComponent: UnregisterComponent: (/Engine/Transient.CharMoveComp) Not registered. Aborting.
[2016.04.14-09.28.00:742][167]LogInit: XAudio2 using 'Altifalantes (Realtek High Definition Audio)' : 2 channels at 48 kHz using 32 bits per sample (channel mask 0x3)
[2016.04.14-09.28.00:750][167]LogInit: FAudioDevice initialized.
[2016.04.14-09.28.00:785][167]LogWorld: Game class is 'MyGame_C'
[2016.04.14-09.28.00:789][167]LogWorld: Bringing World /Game/StarterContent/Maps/UEDPIE_0_Minimal_Default.Minimal_Default up for play (max tick rate 60) at 2016.04.14-10.28.00
[2016.04.14-09.28.00:789][167]LogActor:Warning: GameSession /Game/StarterContent/Maps/UEDPIE_0_Minimal_Default.Minimal_Default:PersistentLevel.GameSession_1 has natively added scene component(s), but none of them were set as the actor's RootComponent - picking one arbitrarily
[2016.04.14-09.28.00:789][167]LogActor:Warning: GameNetworkManager /Game/StarterContent/Maps/UEDPIE_0_Minimal_Default.Minimal_Default:PersistentLevel.GameNetworkManager_1 has natively added scene component(s), but none of them were set as the actor's RootComponent - picking one arbitrarily
[2016.04.14-09.28.00:790][167]LogWorld: Bringing up level for play took: 0.003187
[2016.04.14-09.28.00:792][167]PIE: Info Play in editor start time for /Game/StarterContent/Maps/UEDPIE_0_Minimal_Default -0.337
[2016.04.14-09.28.00:792][167]LogBlueprintUserMessages: Late PlayInEditor Detection: Level '/Game/StarterContent/Maps/Minimal_Default.Minimal_Default:PersistentLevel' has LevelScriptBlueprint '/Game/StarterContent/Maps/Minimal_Default.Minimal_Default:PersistentLevel.Minimal_Default' with GeneratedClass '/Game/StarterContent/Maps/Minimal_Default.Minimal_Default_C' with ClassGeneratedBy '/Game/StarterContent/Maps/Minimal_Default.Minimal_Default:PersistentLevel.Minimal_Default'
[2016.04.14-09.28.22:467][798]LogBlueprintUserMessages: Early EndPlayMap Detection: Level '/Game/StarterContent/Maps/Minimal_Default.Minimal_Default:PersistentLevel' has LevelScriptBlueprint '/Game/StarterContent/Maps/Minimal_Default.Minimal_Default:PersistentLevel.Minimal_Default' with GeneratedClass '/Game/StarterContent/Maps/Minimal_Default.Minimal_Default_C' with ClassGeneratedBy '/Game/StarterContent/Maps/Minimal_Default.Minimal_Default:PersistentLevel.Minimal_Default'
[2016.04.14-09.28.22:549][798]LogBlueprintUserMessages: Late EndPlayMap Detection: Level '/Game/StarterContent/Maps/Minimal_Default.Minimal_Default:PersistentLevel' has LevelScriptBlueprint '/Game/StarterContent/Maps/Minimal_Default.Minimal_Default:PersistentLevel.Minimal_Default' with GeneratedClass '/Game/StarterContent/Maps/Minimal_Default.Minimal_Default_C' with ClassGeneratedBy '/Game/StarterContent/Maps/Minimal_Default.Minimal_Default:PersistentLevel.Minimal_Default'
[2016.04.14-09.28.22:586][798]LogParticles: Destroying 0 GPU particle simulations for FXSystem 0x000001B230B99580
[2016.04.14-09.29.08:194][337]LogActorComponent: UnregisterComponent: (/Engine/Transient.CharMoveComp) Not registered. Aborting.
[2016.04.14-09.29.22:217][171]LogActorComponent: UnregisterComponent: (/Engine/Transient.CharacterMovementComponent_0) Not registered. Aborting.
[2016.04.14-09.29.33:158][807]LogActorComponent: UnregisterComponent: (/Engine/Transient.CharacterMovementComponent_1) Not registered. Aborting.
[2016.04.14-09.31.56:639][346]Cmd: OBJ SAVEPACKAGE PACKAGE="/Game/Character/CharacterBP" FILE="../../../../../../Users/Marcelo/Documents/Unreal Projects/MyProject5/Content/Character/CharacterBP.uasset" SILENT=true
[2016.04.14-09.31.56:888][346]LogSavePackage: Save=232.287460ms
[2016.04.14-09.31.56:888][346]LogSavePackage: Moving '../../../../../../Users/Marcelo/Documents/Unreal Projects/MyProject5/Saved/CharacterBP210851FE4C5127674E8F0C9DC7D43936.tmp' to '../../../../../../Users/Marcelo/Documents/Unreal Projects/MyProject5/Content/Character/CharacterBP.uasset'
[2016.04.14-09.31.56:892][346]LogSavePackage: Total save time: 250.983175ms
[2016.04.14-09.31.56:892][346]LogSavePackage:Display: Finished SavePackage ../../../../../../Users/Marcelo/Documents/Unreal Projects/MyProject5/Content/Character/CharacterBP.uasset
[2016.04.14-09.31.57:403][377]BlueprintLog: New page: Compile CharacterBP
[2016.04.14-09.31.57:668][377]LogActorComponent: UnregisterComponent: (/Engine/Transient.CharacterMovementComponent_2) Not registered. Aborting.
[2016.04.14-09.31.57:708][377]BlueprintEditorCompileResults: Info [0793.04] Compile of CharacterBP successful! [in 304 ms]
[2016.04.14-09.31.59:541][443]LogBlueprintUserMessages: Early PlayInEditor Detection: Level '/Game/StarterContent/Maps/Minimal_Default.Minimal_Default:PersistentLevel' has LevelScriptBlueprint '/Game/StarterContent/Maps/Minimal_Default.Minimal_Default:PersistentLevel.Minimal_Default' with GeneratedClass '/Game/StarterContent/Maps/Minimal_Default.Minimal_Default_C' with ClassGeneratedBy '/Game/StarterContent/Maps/Minimal_Default.Minimal_Default:PersistentLevel.Minimal_Default'
[2016.04.14-09.31.59:541][443]LogPlayLevel: PlayLevel: No blueprints needed recompiling
[2016.04.14-09.31.59:541][443]PIE: New page: PIE session: Minimal_Default (Apr 14, 2016, 11:31:59 AM)
[2016.04.14-09.31.59:541][443]LogPlayLevel: Creating play world package: /Game/StarterContent/Maps/UEDPIE_0_Minimal_Default
[2016.04.14-09.31.59:556][443]LogPlayLevel: PIE: StaticDuplicateObject took: (0.014018s)
[2016.04.14-09.31.59:556][443]LogAIModule: Creating AISystem for world Minimal_Default
[2016.04.14-09.31.59:556][443]LogPlayLevel: PIE: World Init took: (0.000882s)
[2016.04.14-09.31.59:557][443]LogPlayLevel: PIE: Created PIE world by copying editor world from /Game/StarterContent/Maps/Minimal_Default.Minimal_Default to /Game/StarterContent/Maps/UEDPIE_0_Minimal_Default.Minimal_Default (0.015103s)
[2016.04.14-09.31.59:557][443]LogActorComponent: UnregisterComponent: (/Engine/Transient.CharMoveComp) Not registered. Aborting.
[2016.04.14-09.31.59:623][443]LogInit: XAudio2 using 'Altifalantes (Realtek High Definition Audio)' : 2 channels at 48 kHz using 32 bits per sample (channel mask 0x3)
[2016.04.14-09.31.59:629][443]LogInit: FAudioDevice initialized.
[2016.04.14-09.31.59:660][443]LogWorld: Game class is 'MyGame_C'
[2016.04.14-09.31.59:664][443]LogWorld: Bringing World /Game/StarterContent/Maps/UEDPIE_0_Minimal_Default.Minimal_Default up for play (max tick rate 60) at 2016.04.14-10.31.59
[2016.04.14-09.31.59:665][443]LogActor:Warning: GameSession /Game/StarterContent/Maps/UEDPIE_0_Minimal_Default.Minimal_Default:PersistentLevel.GameSession_2 has natively added scene component(s), but none of them were set as the actor's RootComponent - picking one arbitrarily
[2016.04.14-09.31.59:665][443]LogActor:Warning: GameNetworkManager /Game/StarterContent/Maps/UEDPIE_0_Minimal_Default.Minimal_Default:PersistentLevel.GameNetworkManager_2 has natively added scene component(s), but none of them were set as the actor's RootComponent - picking one arbitrarily
[2016.04.14-09.31.59:665][443]LogWorld: Bringing up level for play took: 0.003020
[2016.04.14-09.31.59:667][443]PIE: Info Play in editor start time for /Game/StarterContent/Maps/UEDPIE_0_Minimal_Default 0.538
[2016.04.14-09.31.59:667][443]LogBlueprintUserMessages: Late PlayInEditor Detection: Level '/Game/StarterContent/Maps/Minimal_Default.Minimal_Default:PersistentLevel' has LevelScriptBlueprint '/Game/StarterContent/Maps/Minimal_Default.Minimal_Default:PersistentLevel.Minimal_Default' with GeneratedClass '/Game/StarterContent/Maps/Minimal_Default.Minimal_Default_C' with ClassGeneratedBy '/Game/StarterContent/Maps/Minimal_Default.Minimal_Default:PersistentLevel.Minimal_Default'
[2016.04.14-09.32.04:510][573]LogBlueprintUserMessages: Early EndPlayMap Detection: Level '/Game/StarterContent/Maps/Minimal_Default.Minimal_Default:PersistentLevel' has LevelScriptBlueprint '/Game/StarterContent/Maps/Minimal_Default.Minimal_Default:PersistentLevel.Minimal_Default' with GeneratedClass '/Game/StarterContent/Maps/Minimal_Default.Minimal_Default_C' with ClassGeneratedBy '/Game/StarterContent/Maps/Minimal_Default.Minimal_Default:PersistentLevel.Minimal_Default'
[2016.04.14-09.32.04:588][573]LogBlueprintUserMessages: Late EndPlayMap Detection: Level '/Game/StarterContent/Maps/Minimal_Default.Minimal_Default:PersistentLevel' has LevelScriptBlueprint '/Game/StarterContent/Maps/Minimal_Default.Minimal_Default:PersistentLevel.Minimal_Default' with GeneratedClass '/Game/StarterContent/Maps/Minimal_Default.Minimal_Default_C' with ClassGeneratedBy '/Game/StarterContent/Maps/Minimal_Default.Minimal_Default:PersistentLevel.Minimal_Default'
[2016.04.14-09.32.04:616][573]LogParticles: Destroying 0 GPU particle simulations for FXSystem 0x000001B23E54DA80
[2016.04.14-09.32.13:421][946]LogBlueprintUserMessages: Early PlayInEditor Detection: Level '/Game/StarterContent/Maps/Minimal_Default.Minimal_Default:PersistentLevel' has LevelScriptBlueprint '/Game/StarterContent/Maps/Minimal_Default.Minimal_Default:PersistentLevel.Minimal_Default' with GeneratedClass '/Game/StarterContent/Maps/Minimal_Default.Minimal_Default_C' with ClassGeneratedBy '/Game/StarterContent/Maps/Minimal_Default.Minimal_Default:PersistentLevel.Minimal_Default'
[2016.04.14-09.32.13:421][946]LogPlayLevel: PlayLevel: No blueprints needed recompiling
[2016.04.14-09.32.13:421][946]PIE: New page: PIE session: Minimal_Default (Apr 14, 2016, 11:32:13 AM)
[2016.04.14-09.32.13:421][946]LogPlayLevel: Creating play world package: /Game/StarterContent/Maps/UEDPIE_0_Minimal_Default
[2016.04.14-09.32.13:435][946]LogPlayLevel: PIE: StaticDuplicateObject took: (0.013859s)
[2016.04.14-09.32.13:436][946]LogAIModule: Creating AISystem for world Minimal_Default
[2016.04.14-09.32.13:436][946]LogPlayLevel: PIE: World Init took: (0.000688s)
[2016.04.14-09.32.13:436][946]LogPlayLevel: PIE: Created PIE world by copying editor world from /Game/StarterContent/Maps/Minimal_Default.Minimal_Default to /Game/StarterContent/Maps/UEDPIE_0_Minimal_Default.Minimal_Default (0.014737s)
[2016.04.14-09.32.13:436][946]LogActorComponent: UnregisterComponent: (/Engine/Transient.CharMoveComp) Not registered. Aborting.
[2016.04.14-09.32.13:504][946]LogInit: XAudio2 using 'Altifalantes (Realtek High Definition Audio)' : 2 channels at 48 kHz using 32 bits per sample (channel mask 0x3)
[2016.04.14-09.32.13:511][946]LogInit: FAudioDevice initialized.
[2016.04.14-09.32.13:549][946]LogWorld: Game class is 'MyGame_C'
[2016.04.14-09.32.13:552][946]LogWorld: Bringing World /Game/StarterContent/Maps/UEDPIE_0_Minimal_Default.Minimal_Default up for play (max tick rate 60) at 2016.04.14-10.32.13
[2016.04.14-09.32.13:552][946]LogActor:Warning: GameSession /Game/StarterContent/Maps/UEDPIE_0_Minimal_Default.Minimal_Default:PersistentLevel.GameSession_3 has natively added scene component(s), but none of them were set as the actor's RootComponent - picking one arbitrarily
[2016.04.14-09.32.13:553][946]LogActor:Warning: GameNetworkManager /Game/StarterContent/Maps/UEDPIE_0_Minimal_Default.Minimal_Default:PersistentLevel.GameNetworkManager_3 has natively added scene component(s), but none of them were set as the actor's RootComponent - picking one arbitrarily
[2016.04.14-09.32.13:553][946]LogWorld: Bringing up level for play took: 0.003060
[2016.04.14-09.32.13:555][946]PIE: Info Play in editor start time for /Game/StarterContent/Maps/UEDPIE_0_Minimal_Default 0.426
[2016.04.14-09.32.13:555][946]LogBlueprintUserMessages: Late PlayInEditor Detection: Level '/Game/StarterContent/Maps/Minimal_Default.Minimal_Default:PersistentLevel' has LevelScriptBlueprint '/Game/StarterContent/Maps/Minimal_Default.Minimal_Default:PersistentLevel.Minimal_Default' with GeneratedClass '/Game/StarterContent/Maps/Minimal_Default.Minimal_Default_C' with ClassGeneratedBy '/Game/StarterContent/Maps/Minimal_Default.Minimal_Default:PersistentLevel.Minimal_Default'
[2016.04.14-09.32.23:933][250]LogBlueprintUserMessages: Early EndPlayMap Detection: Level '/Game/StarterContent/Maps/Minimal_Default.Minimal_Default:PersistentLevel' has LevelScriptBlueprint '/Game/StarterContent/Maps/Minimal_Default.Minimal_Default:PersistentLevel.Minimal_Default' with GeneratedClass '/Game/StarterContent/Maps/Minimal_Default.Minimal_Default_C' with ClassGeneratedBy '/Game/StarterContent/Maps/Minimal_Default.Minimal_Default:PersistentLevel.Minimal_Default'
[2016.04.14-09.32.24:007][250]LogBlueprintUserMessages: Late EndPlayMap Detection: Level '/Game/StarterContent/Maps/Minimal_Default.Minimal_Default:PersistentLevel' has LevelScriptBlueprint '/Game/StarterContent/Maps/Minimal_Default.Minimal_Default:PersistentLevel.Minimal_Default' with GeneratedClass '/Game/StarterContent/Maps/Minimal_Default.Minimal_Default_C' with ClassGeneratedBy '/Game/StarterContent/Maps/Minimal_Default.Minimal_Default:PersistentLevel.Minimal_Default'
[2016.04.14-09.32.24:034][250]LogParticles: Destroying 0 GPU particle simulations for FXSystem 0x000001B262534400
[2016.04.14-09.32.29:009][486]LogUObjectHash:Warning: Ambiguous search, could be K2Node_CallFunction /Game/Character/CharacterBP.CharacterBP:IK FootTrace.K2Node_CallFunction_3253 or K2Node_CallFunction /Game/Character/CharacterBP.CharacterBP:EdGraph_226.K2Node_CallFunction_3253
[2016.04.14-09.32.29:009][486]LogUObjectHash:Warning: Ambiguous search, could be K2Node_CallFunction /Game/Character/CharacterBP.CharacterBP:IK FootTrace.K2Node_CallFunction_3253 or K2Node_CallFunction /Game/Character/CharacterBP.CharacterBP:EdGraph_214.K2Node_CallFunction_3253
[2016.04.14-09.32.29:009][486]LogUObjectHash:Warning: Ambiguous search, could be K2Node_CallFunction /Game/Character/CharacterBP.CharacterBP:IK FootTrace.K2Node_CallFunction_3253 or K2Node_CallFunction /Game/Character/CharacterBP.CharacterBP:EdGraph_202.K2Node_CallFunction_3253
[2016.04.14-09.32.29:009][486]LogUObjectHash:Warning: Ambiguous search, could be K2Node_CallFunction /Game/Character/CharacterBP.CharacterBP:IK FootTrace.K2Node_CallFunction_3253 or K2Node_CallFunction /Game/Character/CharacterBP.CharacterBP:EdGraph_190.K2Node_CallFunction_3253
[2016.04.14-09.32.29:009][486]LogUObjectHash:Warning: Ambiguous search, could be K2Node_CallFunction /Game/Character/CharacterBP.CharacterBP:IK FootTrace.K2Node_CallFunction_3253 or K2Node_CallFunction /Game/Character/CharacterBP.CharacterBP:EdGraph_178.K2Node_CallFunction_3253
[2016.04.14-09.32.29:009][486]LogUObjectHash:Warning: Ambiguous search, could be K2Node_CallFunction /Game/Character/CharacterBP.CharacterBP:IK FootTrace.K2Node_CallFunction_3253 or K2Node_CallFunction /Game/Character/CharacterBP.CharacterBP:EventGraph.K2Node_CallFunction_3253
[2016.04.14-09.32.29:009][486]LogProperty:Warning: ObjectProperty /Script/Engine.EdGraphPin:LinkedTo.LinkedTo: unresolved reference to 'EdGraphPin'K2Node_CallFunction_3253.EdGraphPin_30185''
[2016.04.14-09.32.29:010][486]LogProperty:Warning: ObjectProperty /Script/Engine.EdGraphPin:LinkedTo.LinkedTo: unresolved reference to 'EdGraphPin'K2Node_VariableGet_542.EdGraphPin_30186''
[2016.04.14-09.32.57:283][131]Cmd: OBJ SAVEPACKAGE PACKAGE="/Game/Character/CharacterBP" FILE="../../../../../../Users/Marcelo/Documents/Unreal Projects/MyProject5/Content/Character/CharacterBP.uasset" SILENT=true
[2016.04.14-09.32.57:536][131]LogSavePackage: Save=242.044800ms
[2016.04.14-09.32.57:536][131]LogSavePackage: Moving '../../../../../../Users/Marcelo/Documents/Unreal Projects/MyProject5/Saved/CharacterBP2831A1884A7AD683C620B983B1BA5255.tmp' to '../../../../../../Users/Marcelo/Documents/Unreal Projects/MyProject5/Content/Character/CharacterBP.uasset'
[2016.04.14-09.32.57:540][131]LogSavePackage: Total save time: 255.679235ms
[2016.04.14-09.32.57:540][131]LogSavePackage:Display: Finished SavePackage ../../../../../../Users/Marcelo/Documents/Unreal Projects/MyProject5/Content/Character/CharacterBP.uasset
[2016.04.14-09.32.58:116][166]BlueprintLog: New page: Compile CharacterBP
[2016.04.14-09.32.58:254][166]LogActorComponent: UnregisterComponent: (/Engine/Transient.CharMoveComp) Not registered. Aborting.
[2016.04.14-09.32.58:295][166]BlueprintEditorCompileResults: Info [0853.63] Compile of CharacterBP successful! [in 178 ms]
[2016.04.14-09.32.59:657][202]LogBlueprintUserMessages: Early PlayInEditor Detection: Level '/Game/StarterContent/Maps/Minimal_Default.Minimal_Default:PersistentLevel' has LevelScriptBlueprint '/Game/StarterContent/Maps/Minimal_Default.Minimal_Default:PersistentLevel.Minimal_Default' with GeneratedClass '/Game/StarterContent/Maps/Minimal_Default.Minimal_Default_C' with ClassGeneratedBy '/Game/StarterContent/Maps/Minimal_Default.Minimal_Default:PersistentLevel.Minimal_Default'
[2016.04.14-09.32.59:657][202]LogPlayLevel: PlayLevel: No blueprints needed recompiling
[2016.04.14-09.32.59:658][202]PIE: New page: PIE session: Minimal_Default (Apr 14, 2016, 11:32:59 AM)
[2016.04.14-09.32.59:658][202]LogPlayLevel: Creating play world package: /Game/StarterContent/Maps/UEDPIE_0_Minimal_Default
[2016.04.14-09.32.59:671][202]LogPlayLevel: PIE: StaticDuplicateObject took: (0.013789s)
[2016.04.14-09.32.59:672][202]LogAIModule: Creating AISystem for world Minimal_Default
[2016.04.14-09.32.59:672][202]LogPlayLevel: PIE: World Init took: (0.000795s)
[2016.04.14-09.32.59:672][202]LogPlayLevel: PIE: Created PIE world by copying editor world from /Game/StarterContent/Maps/Minimal_Default.Minimal_Default to /Game/StarterContent/Maps/UEDPIE_0_Minimal_Default.Minimal_Default (0.014784s)
[2016.04.14-09.32.59:672][202]LogActorComponent: UnregisterComponent: (/Engine/Transient.CharMoveComp) Not registered. Aborting.
[2016.04.14-09.32.59:741][202]LogInit: XAudio2 using 'Altifalantes (Realtek High Definition Audio)' : 2 channels at 48 kHz using 32 bits per sample (channel mask 0x3)
[2016.04.14-09.32.59:748][202]LogInit: FAudioDevice initialized.
[2016.04.14-09.32.59:780][202]LogWorld: Game class is 'MyGame_C'
[2016.04.14-09.32.59:784][202]LogWorld: Bringing World /Game/StarterContent/Maps/UEDPIE_0_Minimal_Default.Minimal_Default up for play (max tick rate 60) at 2016.04.14-10.32.59
[2016.04.14-09.32.59:784][202]LogActor:Warning: GameSession /Game/StarterContent/Maps/UEDPIE_0_Minimal_Default.Minimal_Default:PersistentLevel.GameSession_4 has natively added scene component(s), but none of them were set as the actor's RootComponent - picking one arbitrarily
[2016.04.14-09.32.59:784][202]LogActor:Warning: GameNetworkManager /Game/StarterContent/Maps/UEDPIE_0_Minimal_Default.Minimal_Default:PersistentLevel.GameNetworkManager_4 has natively added scene component(s), but none of them were set as the actor's RootComponent - picking one arbitrarily
[2016.04.14-09.32.59:784][202]LogWorld: Bringing up level for play took: 0.003065
[2016.04.14-09.32.59:787][202]PIE: Info Play in editor start time for /Game/StarterContent/Maps/UEDPIE_0_Minimal_Default 0.658
[2016.04.14-09.32.59:787][202]LogBlueprintUserMessages: Late PlayInEditor Detection: Level '/Game/StarterContent/Maps/Minimal_Default.Minimal_Default:PersistentLevel' has LevelScriptBlueprint '/Game/StarterContent/Maps/Minimal_Default.Minimal_Default:PersistentLevel.Minimal_Default' with GeneratedClass '/Game/StarterContent/Maps/Minimal_Default.Minimal_Default_C' with ClassGeneratedBy '/Game/StarterContent/Maps/Minimal_Default.Minimal_Default:PersistentLevel.Minimal_Default'
[2016.04.14-09.33.06:574][396]LogBlueprintUserMessages: Early EndPlayMap Detection: Level '/Game/StarterContent/Maps/Minimal_Default.Minimal_Default:PersistentLevel' has LevelScriptBlueprint '/Game/StarterContent/Maps/Minimal_Default.Minimal_Default:PersistentLevel.Minimal_Default' with GeneratedClass '/Game/StarterContent/Maps/Minimal_Default.Minimal_Default_C' with ClassGeneratedBy '/Game/StarterContent/Maps/Minimal_Default.Minimal_Default:PersistentLevel.Minimal_Default'
[2016.04.14-09.33.06:647][396]LogBlueprintUserMessages: Late EndPlayMap Detection: Level '/Game/StarterContent/Maps/Minimal_Default.Minimal_Default:PersistentLevel' has LevelScriptBlueprint '/Game/StarterContent/Maps/Minimal_Default.Minimal_Default:PersistentLevel.Minimal_Default' with GeneratedClass '/Game/StarterContent/Maps/Minimal_Default.Minimal_Default_C' with ClassGeneratedBy '/Game/StarterContent/Maps/Minimal_Default.Minimal_Default:PersistentLevel.Minimal_Default'
[2016.04.14-09.33.06:673][396]LogParticles: Destroying 0 GPU particle simulations for FXSystem 0x000001B289335E40
[2016.04.14-09.34.13:988][416]LogActorComponent: UnregisterComponent: (/Engine/Transient.CharMoveComp) Not registered. Aborting.
[2016.04.14-09.34.14:366][416]LogBlueprint:Warning: [compiler Minimal_Default] Warning 'Item' is already a 'Character', you don't need  Cast To Character .
[2016.04.14-09.34.14:367][416]LogBlueprint:Warning: [compiler Minimal_Default] Warning [0929.70] Compile of Minimal_Default successful, but with 1 Warning(s) [in 17 ms]
[2016.04.14-09.34.14:367][416]LogBlueprint:Warning: [compiler Minimal_Default] Warning [0929.70] Compile of Minimal_Default successful, but with 2 Warning(s) [in 0 ms]
[2016.04.14-09.34.14:367][416]LogBlueprint:Warning: [compiler Minimal_Default] Warning [0929.70] Compile of Minimal_Default successful, but with 3 Warning(s) [in 0 ms]
[2016.04.14-09.34.14:407][416]LogBlueprint:Warning: [compiler Minimal_Default] Warning [0929.74] Compile of Minimal_Default successful, but with 4 Warning(s) [in 40 ms]
[2016.04.14-09.34.14:408][416]LogBlueprint:Warning: [compiler Minimal_Default] Warning [0929.74] Compile of Minimal_Default successful, but with 5 Warning(s) [in 0 ms]
[2016.04.14-09.34.14:408][416]LogBlueprint:Warning: [compiler Minimal_Default] Warning [0929.74] Compile of Minimal_Default successful, but with 6 Warning(s) [in 0 ms]
[2016.04.14-09.34.14:484][416]LogSavePackage: Save=136.709564ms
[2016.04.14-09.34.14:484][416]LogSavePackage: Moving '../../../../../../Users/Marcelo/Documents/Unreal Projects/MyProject5/Saved/Minimal_Default_Auto1E7B267FB406F04300E40E3948DC5B82D.tmp' to '../../../../../../Users/Marcelo/Documents/Unreal Projects/MyProject5/Saved/Autosaves/Game/StarterContent/Maps/Minimal_Default_Auto1.umap'
[2016.04.14-09.34.14:486][416]LogSavePackage: Total save time: 463.835943ms
[2016.04.14-09.34.14:486][416]LogSavePackage:Display: Finished SavePackage ../../../../../../Users/Marcelo/Documents/Unreal Projects/MyProject5/Saved/Autosaves/Game/StarterContent/Maps/Minimal_Default_Auto1.umap
[2016.04.14-09.34.14:514][416]LogFileHelpers: Editor autosave (incl. sublevels) for '/Game/StarterContent/Maps/Minimal_Default' took 0.526
[2016.04.14-09.34.14:514][416]LogFileHelpers: Editor autosave (incl. sublevels) for all levels took 0.526
[2016.04.14-09.34.14:522][416]OBJ SavePackage: Generating thumbnails for [1] asset(s) in package [/Game/Character/CharacterBP] ([1] browsable assets)...
[2016.04.14-09.34.14:557][416]OBJ SavePackage:     Rendered thumbnail for [Blueprint /Game/Character/CharacterBP.CharacterBP]
[2016.04.14-09.34.14:557][416]OBJ SavePackage: Finished generating thumbnails for package [/Game/Character/CharacterBP]
[2016.04.14-09.34.14:844][416]LogSavePackage: Save=276.928894ms
[2016.04.14-09.34.14:844][416]LogSavePackage: Moving '../../../../../../Users/Marcelo/Documents/Unreal Projects/MyProject5/Saved/CharacterBP_Auto19F42C2EB45615BE3FDB83689421C03DF.tmp' to '../../../../../../Users/Marcelo/Documents/Unreal Projects/MyProject5/Saved/Autosaves/Game/Character/CharacterBP_Auto1.uasset'
[2016.04.14-09.34.14:847][416]LogSavePackage: Total save time: 287.944373ms
[2016.04.14-09.34.14:847][416]LogSavePackage:Display: Finished SavePackage ../../../../../../Users/Marcelo/Documents/Unreal Projects/MyProject5/Saved/Autosaves/Game/Character/CharacterBP_Auto1.uasset
[2016.04.14-09.34.14:847][416]LogFileHelpers: Auto-saving content packages took 0.331
[2016.04.14-09.35.44:672][768]LogActorComponent: UnregisterComponent: (/Engine/Transient.CharMoveComp) Not registered. Aborting.
[2016.04.14-09.35.44:716][768]LogBlueprint:Warning: [compiler Minimal_Default] Warning 'Item' is already a 'Character', you don't need  Cast To Character .
[2016.04.14-09.35.44:717][768]LogBlueprint:Warning: [compiler Minimal_Default] Warning [1020.05] Compile of Minimal_Default successful, but with 1 Warning(s) [in 6 ms]
[2016.04.14-09.35.44:718][768]LogBlueprint:Warning: [compiler Minimal_Default] Warning [1020.05] Compile of Minimal_Default successful, but with 2 Warning(s) [in 0 ms]
[2016.04.14-09.35.44:718][768]LogBlueprint:Warning: [compiler Minimal_Default] Warning [1020.05] Compile of Minimal_Default successful, but with 3 Warning(s) [in 0 ms]
[2016.04.14-09.35.44:764][768]LogBlueprint:Warning: [compiler Minimal_Default] Warning [1020.10] Compile of Minimal_Default successful, but with 4 Warning(s) [in 45 ms]
[2016.04.14-09.35.44:764][768]LogBlueprint:Warning: [compiler Minimal_Default] Warning [1020.10] Compile of Minimal_Default successful, but with 5 Warning(s) [in 0 ms]
[2016.04.14-09.35.44:764][768]LogBlueprint:Warning: [compiler Minimal_Default] Warning [1020.10] Compile of Minimal_Default successful, but with 6 Warning(s) [in 0 ms]
[2016.04.14-09.35.44:859][768]LogSavePackage: Save=151.473007ms
[2016.04.14-09.35.44:859][768]LogSavePackage: Moving '../../../../../../Users/Marcelo/Documents/Unreal Projects/MyProject5/Saved/Minimal_Default21F805BF49679E714A40D99A5DB88EDE.tmp' to '../../../../../../Users/Marcelo/Documents/Unreal Projects/MyProject5/Content/StarterContent/Maps/Minimal_Default.umap'
[2016.04.14-09.35.44:865][768]LogSavePackage: Total save time: 166.247565ms
[2016.04.14-09.35.44:865][768]LogSavePackage:Display: Finished SavePackage ../../../../../../Users/Marcelo/Documents/Unreal Projects/MyProject5/Content/StarterContent/Maps/Minimal_Default.umap
[2016.04.14-09.35.45:986][780]LogActorComponent: UnregisterComponent: (/Engine/Transient.CharMoveComp) Not registered. Aborting.
[2016.04.14-09.35.46:099][780]LogParticles: Destroying 0 GPU particle simulations for FXSystem 0x000001B27EF28720
[2016.04.14-09.35.47:630][780]Cmd: OBJ SAVEPACKAGE PACKAGE="/Game/Character/CharacterBP" FILE="../../../../../../Users/Marcelo/Documents/Unreal Projects/MyProject5/Content/Character/CharacterBP.uasset" SILENT=true
[2016.04.14-09.35.47:917][780]LogSavePackage: Save=263.056244ms
[2016.04.14-09.35.47:917][780]LogSavePackage: Moving '../../../../../../Users/Marcelo/Documents/Unreal Projects/MyProject5/Saved/CharacterBP9DA2EE22469263C7F7D58988DD3E412B.tmp' to '../../../../../../Users/Marcelo/Documents/Unreal Projects/MyProject5/Content/Character/CharacterBP.uasset'
[2016.04.14-09.35.47:922][780]LogSavePackage: Total save time: 289.138809ms
[2016.04.14-09.35.47:922][780]LogSavePackage:Display: Finished SavePackage ../../../../../../Users/Marcelo/Documents/Unreal Projects/MyProject5/Content/Character/CharacterBP.uasset
[2016.04.14-09.36.06:191][ 21]LogBlueprintUserMessages: Early PlayInEditor Detection: Level '/Game/StarterContent/Maps/Minimal_Default.Minimal_Default:PersistentLevel' has LevelScriptBlueprint '/Game/StarterContent/Maps/Minimal_Default.Minimal_Default:PersistentLevel.Minimal_Default' with GeneratedClass '/Game/StarterContent/Maps/Minimal_Default.Minimal_Default_C' with ClassGeneratedBy '/Game/StarterContent/Maps/Minimal_Default.Minimal_Default:PersistentLevel.Minimal_Default'
[2016.04.14-09.36.06:191][ 21]LogPlayLevel: PlayLevel: No blueprints needed recompiling
[2016.04.14-09.36.06:191][ 21]PIE: New page: PIE session: Minimal_Default (Apr 14, 2016, 11:36:06 AM)
[2016.04.14-09.36.06:191][ 21]LogPlayLevel: Creating play world package: /Game/StarterContent/Maps/UEDPIE_0_Minimal_Default
[2016.04.14-09.36.06:207][ 21]LogPlayLevel: PIE: StaticDuplicateObject took: (0.016284s)
[2016.04.14-09.36.06:208][ 21]LogAIModule: Creating AISystem for world Minimal_Default
[2016.04.14-09.36.06:208][ 21]LogPlayLevel: PIE: World Init took: (0.000778s)
[2016.04.14-09.36.06:208][ 21]LogPlayLevel: PIE: Created PIE world by copying editor world from /Game/StarterContent/Maps/Minimal_Default.Minimal_Default to /Game/StarterContent/Maps/UEDPIE_0_Minimal_Default.Minimal_Default (0.017265s)
[2016.04.14-09.36.06:208][ 21]LogActorComponent: UnregisterComponent: (/Engine/Transient.CharMoveComp) Not registered. Aborting.
[2016.04.14-09.36.06:277][ 21]LogInit: XAudio2 using 'Altifalantes (Realtek High Definition Audio)' : 2 channels at 48 kHz using 32 bits per sample (channel mask 0x3)
[2016.04.14-09.36.06:284][ 21]LogInit: FAudioDevice initialized.
[2016.04.14-09.36.06:323][ 21]LogWorld: Game class is 'MyGame_C'
[2016.04.14-09.36.06:327][ 21]LogWorld: Bringing World /Game/StarterContent/Maps/UEDPIE_0_Minimal_Default.Minimal_Default up for play (max tick rate 60) at 2016.04.14-10.36.06
[2016.04.14-09.36.06:327][ 21]LogActor:Warning: GameSession /Game/StarterContent/Maps/UEDPIE_0_Minimal_Default.Minimal_Default:PersistentLevel.GameSession_5 has natively added scene component(s), but none of them were set as the actor's RootComponent - picking one arbitrarily
[2016.04.14-09.36.06:327][ 21]LogActor:Warning: GameNetworkManager /Game/StarterContent/Maps/UEDPIE_0_Minimal_Default.Minimal_Default:PersistentLevel.GameNetworkManager_5 has natively added scene component(s), but none of them were set as the actor's RootComponent - picking one arbitrarily
[2016.04.14-09.36.06:327][ 21]LogWorld: Bringing up level for play took: 0.003405
[2016.04.14-09.36.06:330][ 21]PIE: Info Play in editor start time for /Game/StarterContent/Maps/UEDPIE_0_Minimal_Default -0.799
[2016.04.14-09.36.06:330][ 21]LogBlueprintUserMessages: Late PlayInEditor Detection: Level '/Game/StarterContent/Maps/Minimal_Default.Minimal_Default:PersistentLevel' has LevelScriptBlueprint '/Game/StarterContent/Maps/Minimal_Default.Minimal_Default:PersistentLevel.Minimal_Default' with GeneratedClass '/Game/StarterContent/Maps/Minimal_Default.Minimal_Default_C' with ClassGeneratedBy '/Game/StarterContent/Maps/Minimal_Default.Minimal_Default:PersistentLevel.Minimal_Default'
[2016.04.14-09.36.22:440][432]LogBlueprintUserMessages: Early EndPlayMap Detection: Level '/Game/StarterContent/Maps/Minimal_Default.Minimal_Default:PersistentLevel' has LevelScriptBlueprint '/Game/StarterContent/Maps/Minimal_Default.Minimal_Default:PersistentLevel.Minimal_Default' with GeneratedClass '/Game/StarterContent/Maps/Minimal_Default.Minimal_Default_C' with ClassGeneratedBy '/Game/StarterContent/Maps/Minimal_Default.Minimal_Default:PersistentLevel.Minimal_Default'
[2016.04.14-09.36.22:490][432]LogBlueprintUserMessages: Late EndPlayMap Detection: Level '/Game/StarterContent/Maps/Minimal_Default.Minimal_Default:PersistentLevel' has LevelScriptBlueprint '/Game/StarterContent/Maps/Minimal_Default.Minimal_Default:PersistentLevel.Minimal_Default' with GeneratedClass '/Game/StarterContent/Maps/Minimal_Default.Minimal_Default_C' with ClassGeneratedBy '/Game/StarterContent/Maps/Minimal_Default.Minimal_Default:PersistentLevel.Minimal_Default'
[2016.04.14-09.36.22:515][432]LogParticles: Destroying 0 GPU particle simulations for FXSystem 0x000001B2679E42C0
[2016.04.14-09.38.39:137][378]Cmd: QUIT_EDITOR
[2016.04.14-09.38.40:034][378]LogWindowsTextInputMethodSystem:Display: IME system now deactivated.
[2016.04.14-09.38.40:096][378]LogExit: Preparing to exit.
[2016.04.14-09.38.40:861][378]LogExit: Editor shut down
[2016.04.14-09.38.40:861][378]LogExit: Transaction tracking system shut down
[2016.04.14-09.38.40:863][378]LogParticles: Destroying 0 GPU particle simulations for FXSystem 0x000001B266F26840
[2016.04.14-09.38.40:863][378]LogParticles: Destroying 0 GPU particle simulations for FXSystem 0x000001B26F31B880
[2016.04.14-09.38.40:863][378]LogParticles: Destroying 0 GPU particle simulations for FXSystem 0x000001B266DBA3E0
[2016.04.14-09.38.40:864][378]LogParticles: Destroying 0 GPU particle simulations for FXSystem 0x000001B27EF2BEC0
[2016.04.14-09.38.40:864][378]LogParticles: Destroying 0 GPU particle simulations for FXSystem 0x000001B27EF29A80
[2016.04.14-09.38.40:864][378]LogParticles: Destroying 0 GPU particle simulations for FXSystem 0x000001B27EF298A0
[2016.04.14-09.38.40:864][378]LogParticles: Destroying 0 GPU particle simulations for FXSystem 0x000001B27EF29260
[2016.04.14-09.38.41:039][378]LogExit: Object subsystem successfully closed.
[2016.04.14-09.38.41:049][378]LogD3D11RHI: Shutdown
[2016.04.14-09.38.41:049][378]LogD3D11RHI: CleanupD3DDevice
[2016.04.14-09.38.41:169][378]LogD3D11RHI: ~FD3D11DynamicRHI
[2016.04.14-09.38.41:182][378]LogModuleManager: Shutting down and abandoning module CookingStats (200)
[2016.04.14-09.38.41:182][378]LogModuleManager: Shutting down and abandoning module BlueprintGraph (199)
[2016.04.14-09.38.41:182][378]LogModuleManager: Shutting down and abandoning module CrashTracker (198)
[2016.04.14-09.38.41:182][378]LogModuleManager: Shutting down and abandoning module SceneOutliner (197)
[2016.04.14-09.38.41:182][378]LogModuleManager: Shutting down and abandoning module SuperSearch (196)
[2016.04.14-09.38.41:182][378]LogModuleManager: Shutting down and abandoning module WidgetCarousel (195)
[2016.04.14-09.38.41:182][378]LogModuleManager: Shutting down and abandoning module AddContentDialog (194)
[2016.04.14-09.38.41:183][378]LogModuleManager: Shutting down and abandoning module EditorWidgets (193)
[2016.04.14-09.38.41:183][378]LogModuleManager: Shutting down and abandoning module CollectionManager (192)
[2016.04.14-09.38.41:183][378]LogModuleManager: Shutting down and abandoning module StatsViewer (191)
[2016.04.14-09.38.41:183][378]LogModuleManager: Shutting down and abandoning module FoliageEdit (190)
[2016.04.14-09.38.41:183][378]LogModuleManager: Shutting down and abandoning module LandscapeEditor (189)
[2016.04.14-09.38.41:183][378]LogModuleManager: Shutting down and abandoning module ActorPickerMode (188)
[2016.04.14-09.38.41:183][378]LogModuleManager: Shutting down and abandoning module GeometryMode (187)
[2016.04.14-09.38.41:183][378]LogModuleManager: Shutting down and abandoning module TextureAlignMode (186)
[2016.04.14-09.38.41:184][378]LogModuleManager: Shutting down and abandoning module BspMode (185)
[2016.04.14-09.38.41:184][378]LogModuleManager: Shutting down and abandoning module PlacementMode (184)
[2016.04.14-09.38.41:184][378]LogModuleManager: Shutting down and abandoning module AutomationWorker (183)
[2016.04.14-09.38.41:184][378]LogModuleManager: Shutting down and abandoning module CharacterAI (182)
[2016.04.14-09.38.41:184][378]LogModuleManager: Shutting down and abandoning module SmartSnapping (181)
[2016.04.14-09.38.41:184][378]LogModuleManager: Shutting down and abandoning module ViewportSnapping (180)
[2016.04.14-09.38.41:184][378]LogModuleManager: Shutting down and abandoning module LogVisualizer (179)
[2016.04.14-09.38.41:184][378]LogModuleManager: Shutting down and abandoning module GameProjectGeneration (178)
[2016.04.14-09.38.41:184][378]LogModuleManager: Shutting down and abandoning module IntroTutorials (177)
[2016.04.14-09.38.41:184][378]LogModuleManager: Shutting down and abandoning module EditorLiveStreaming (176)
[2016.04.14-09.38.41:184][378]LogModuleManager: Shutting down and abandoning module IOSPlatformEditor (175)
[2016.04.14-09.38.41:184][378]LogModuleManager: Shutting down and abandoning module HTML5PlatformEditor (174)
[2016.04.14-09.38.41:184][378]LogModuleManager: Shutting down and abandoning module AndroidDeviceDetection (173)
[2016.04.14-09.38.41:875][378]LogModuleManager: Shutting down and abandoning module AndroidPlatformEditor (172)
[2016.04.14-09.38.41:875][378]LogModuleManager: Shutting down and abandoning module IOSRuntimeSettings (171)
[2016.04.14-09.38.41:875][378]LogModuleManager: Shutting down and abandoning module AndroidRuntimeSettings (170)
[2016.04.14-09.38.41:875][378]LogModuleManager: Shutting down and abandoning module MergeActors (169)
[2016.04.14-09.38.41:875][378]LogModuleManager: Shutting down and abandoning module SizeMap (168)
[2016.04.14-09.38.41:875][378]LogModuleManager: Shutting down and abandoning module TreeMap (167)
[2016.04.14-09.38.41:875][378]LogModuleManager: Shutting down and abandoning module ReferenceViewer (166)
[2016.04.14-09.38.41:875][378]LogModuleManager: Shutting down and abandoning module LocalizationService (165)
[2016.04.14-09.38.41:875][378]LogModuleManager: Shutting down and abandoning module LocalizationDashboard (164)
[2016.04.14-09.38.41:875][378]LogModuleManager: Shutting down and abandoning module HardwareTargeting (163)
[2016.04.14-09.38.41:875][378]LogModuleManager: Shutting down and abandoning module DeviceProfileEditor (162)
[2016.04.14-09.38.41:875][378]LogModuleManager: Shutting down and abandoning module UndoHistory (161)
[2016.04.14-09.38.41:875][378]LogModuleManager: Shutting down and abandoning module GameplayTagsEditor (160)
[2016.04.14-09.38.41:875][378]LogModuleManager: Shutting down and abandoning module UserFeedback (159)
[2016.04.14-09.38.41:875][378]LogModuleManager: Shutting down and abandoning module XmlParser (158)
[2016.04.14-09.38.41:875][378]LogModuleManager: Shutting down and abandoning module Blutility (157)
[2016.04.14-09.38.41:875][378]LogModuleManager: Shutting down and abandoning module ProjectTargetPlatformEditor (156)
[2016.04.14-09.38.41:875][378]LogModuleManager: Shutting down and abandoning module ProjectSettingsViewer (155)
[2016.04.14-09.38.41:875][378]LogModuleManager: Shutting down and abandoning module InputBindingEditor (154)
[2016.04.14-09.38.41:876][378]LogModuleManager: Shutting down and abandoning module EditorSettingsViewer (153)
[2016.04.14-09.38.41:876][378]LogModuleManager: Shutting down and abandoning module SettingsEditor (152)
[2016.04.14-09.38.41:876][378]LogModuleManager: Shutting down and abandoning module ProjectLauncher (151)
[2016.04.14-09.38.41:876][378]LogModuleManager: Shutting down and abandoning module SessionFrontend (150)
[2016.04.14-09.38.41:876][378]LogModuleManager: Shutting down and abandoning module ProfilerClient (149)
[2016.04.14-09.38.41:876][378]LogModuleManager: Shutting down and abandoning module TargetDeviceServices (148)
[2016.04.14-09.38.41:876][378]LogModuleManager: Shutting down and abandoning module DeviceManager (147)
[2016.04.14-09.38.41:876][378]LogModuleManager: Shutting down and abandoning module AutomationController (146)
[2016.04.14-09.38.41:876][378]LogModuleManager: Shutting down and abandoning module AutomationWindow (145)
[2016.04.14-09.38.41:876][378]LogModuleManager: Shutting down and abandoning module Layers (144)
[2016.04.14-09.38.41:876][378]LogModuleManager: Shutting down and abandoning module ComponentVisualizers (143)
[2016.04.14-09.38.41:876][378]LogModuleManager: Shutting down and abandoning module DetailCustomizations (142)
[2016.04.14-09.38.41:876][378]LogModuleManager: Shutting down and abandoning module PackagesDialog (141)
[2016.04.14-09.38.41:876][378]LogModuleManager: Shutting down and abandoning module Persona (140)
[2016.04.14-09.38.41:876][378]LogModuleManager: Shutting down and abandoning module Kismet (139)
[2016.04.14-09.38.41:876][378]LogModuleManager: Shutting down and abandoning module GraphEditor (138)
[2016.04.14-09.38.41:876][378]LogModuleManager: Shutting down and abandoning module ClassViewer (137)
[2016.04.14-09.38.41:876][378]LogModuleManager: Shutting down and abandoning module Toolbox (136)
[2016.04.14-09.38.41:876][378]LogModuleManager: Shutting down and abandoning module ModuleUI (135)
[2016.04.14-09.38.41:876][378]LogModuleManager: Shutting down and abandoning module MovieSceneTools (134)
[2016.04.14-09.38.41:876][378]LogModuleManager: Shutting down and abandoning module OutputLog (133)
[2016.04.14-09.38.41:876][378]LogModuleManager: Shutting down and abandoning module GammaUI (132)
[2016.04.14-09.38.41:876][378]LogModuleManager: Shutting down and abandoning module Documentation (131)
[2016.04.14-09.38.41:876][378]LogModuleManager: Shutting down and abandoning module GameLiveStreaming (130)
[2016.04.14-09.38.41:876][378]LogModuleManager: Shutting down and abandoning module StreamingPauseRendering (129)
[2016.04.14-09.38.41:876][378]LogModuleManager: Shutting down and abandoning module AnalyticsET (128)
[2016.04.14-09.38.41:876][378]LogModuleManager: Shutting down and abandoning module Analytics (127)
[2016.04.14-09.38.41:876][378]LogModuleManager: Shutting down and abandoning module AITestSuite (126)
[2016.04.14-09.38.41:876][378]LogModuleManager: Shutting down and abandoning module GameplayDebugger (125)
[2016.04.14-09.38.41:876][378]LogModuleManager: Shutting down and abandoning module AIModule (124)
[2016.04.14-09.38.41:876][378]LogModuleManager: Shutting down and abandoning module ProfilerService (123)
[2016.04.14-09.38.41:931][378]LogModuleManager: Shutting down and abandoning module TaskGraph (122)
[2016.04.14-09.38.41:931][378]LogModuleManager: Shutting down and abandoning module SlateRemote (121)
[2016.04.14-09.38.41:931][378]LogModuleManager: Shutting down and abandoning module SteamVRController (120)
[2016.04.14-09.38.41:931][378]LogModuleManager: Shutting down and abandoning module SteamVR (119)
[2016.04.14-09.38.41:931][378]LogModuleManager: Shutting down and abandoning module ProceduralMeshComponent (118)
[2016.04.14-09.38.41:931][378]LogModuleManager: Shutting down and abandoning module OculusLibrary (117)
[2016.04.14-09.38.41:931][378]LogModuleManager: Shutting down and abandoning module OculusInput (116)
[2016.04.14-09.38.41:931][378]LogModuleManager: Shutting down and abandoning module LeapMotionController (115)
[2016.04.14-09.38.41:949][378]LogModuleManager: Shutting down and abandoning module CustomMeshComponent (114)
[2016.04.14-09.38.41:949][378]LogModuleManager: Shutting down and abandoning module CableComponent (113)
[2016.04.14-09.38.41:949][378]LogModuleManager: Shutting down and abandoning module ArchVisCharacter (112)
[2016.04.14-09.38.41:949][378]LogModuleManager: Shutting down and abandoning module MessagingDebugger (111)
[2016.04.14-09.38.41:949][378]LogModuleManager: Shutting down and abandoning module MediaPlayerEditor (110)
[2016.04.14-09.38.41:949][378]LogModuleManager: Shutting down and abandoning module HTML5Networking (109)
[2016.04.14-09.38.41:949][378]LogModuleManager: Shutting down and abandoning module SpeedTreeImporter (108)
[2016.04.14-09.38.41:949][378]LogModuleManager: Shutting down and abandoning module PluginBrowser (107)
[2016.04.14-09.38.41:950][378]LogModuleManager: Shutting down and abandoning module EpicSurvey (106)
[2016.04.14-09.38.41:950][378]LogModuleManager: Shutting down and abandoning module DesktopPlatform (105)
[2016.04.14-09.38.41:950][378]LogModuleManager: Shutting down and abandoning module VisualStudioSourceCodeAccess (104)
[2016.04.14-09.38.41:950][378]LogModuleManager: Shutting down and abandoning module UObjectPlugin (103)
[2016.04.14-09.38.41:950][378]LogModuleManager: Shutting down and abandoning module SubversionSourceControl (102)
[2016.04.14-09.38.41:950][378]LogModuleManager: Shutting down and abandoning module PerforceSourceControl (101)
[2016.04.14-09.38.41:950][378]LogModuleManager: Shutting down and abandoning module SourceControl (100)
[2016.04.14-09.38.41:950][378]LogModuleManager: Shutting down and abandoning module GitSourceControl (99)
[2016.04.14-09.38.41:950][378]LogModuleManager: Shutting down and abandoning module LightPropagationVolumeEditor (98)
[2016.04.14-09.38.41:950][378]LogModuleManager: Shutting down and abandoning module PaperTiledImporter (97)
[2016.04.14-09.38.41:950][378]LogModuleManager: Shutting down and abandoning module PaperSpriteSheetImporter (96)
[2016.04.14-09.38.41:950][378]LogModuleManager: Shutting down and abandoning module MeshPaint (95)
[2016.04.14-09.38.41:950][378]LogModuleManager: Shutting down and abandoning module SlateReflector (94)
[2016.04.14-09.38.41:950][378]LogModuleManager: Shutting down and abandoning module HotReload (93)
[2016.04.14-09.38.41:950][378]LogModuleManager: Shutting down and abandoning module MainFrame (92)
[2016.04.14-09.38.41:950][378]LogModuleManager: Shutting down and abandoning module LevelEditor (91)
[2016.04.14-09.38.41:951][378]LogModuleManager: Shutting down and abandoning module DirectoryWatcher (90)
[2016.04.14-09.38.41:951][378]LogModuleManager: Shutting down and abandoning module AssetRegistry (89)
[2016.04.14-09.38.42:065][378]LogModuleManager: Shutting down and abandoning module ContentBrowser (88)
[2016.04.14-09.38.42:065][378]LogModuleManager: Shutting down and abandoning module Paper2DEditor (87)
[2016.04.14-09.38.42:065][378]LogModuleManager: Shutting down and abandoning module UdpMessaging (86)
[2016.04.14-09.38.42:166][378]LogModuleManager: Shutting down and abandoning module LightPropagationVolumeRuntime (85)
[2016.04.14-09.38.42:166][378]LogModuleManager: Shutting down and abandoning module Paper2D (84)
[2016.04.14-09.38.42:166][378]LogModuleManager: Shutting down and abandoning module WindowsMoviePlayer (83)
[2016.04.14-09.38.42:168][378]LogModuleManager: Shutting down and abandoning module Media (82)
[2016.04.14-09.38.42:168][378]LogModuleManager: Shutting down and abandoning module WmfMedia (81)
[2016.04.14-09.38.42:169][378]LogModuleManager: Shutting down and abandoning module OnlineBlueprintSupport (80)
[2016.04.14-09.38.42:169][378]LogModuleManager: Shutting down and abandoning module GameplayTasksEditor (79)
[2016.04.14-09.38.42:169][378]LogModuleManager: Shutting down and abandoning module PropertyEditor (78)
[2016.04.14-09.38.42:169][378]LogModuleManager: Shutting down and abandoning module BehaviorTreeEditor (77)
[2016.04.14-09.38.42:169][378]LogModuleManager: Shutting down and abandoning module FunctionalTesting (76)
[2016.04.14-09.38.42:169][378]LogModuleManager: Shutting down and abandoning module CollisionAnalyzer (75)
[2016.04.14-09.38.42:169][378]LogModuleManager: Shutting down and abandoning module WorkspaceMenuStructure (74)
[2016.04.14-09.38.42:169][378]LogModuleManager: Shutting down and abandoning module MessageLog (73)
[2016.04.14-09.38.42:169][378]LogModuleManager: Shutting down and abandoning module Sequencer (72)
[2016.04.14-09.38.42:169][378]LogModuleManager: Shutting down and abandoning module AssetTools (71)
[2016.04.14-09.38.42:169][378]LogModuleManager: Shutting down and abandoning module UMGEditor (70)
[2016.04.14-09.38.42:169][378]LogModuleManager: Shutting down and abandoning module UMG (69)
[2016.04.14-09.38.42:169][378]LogModuleManager: Shutting down and abandoning module Slate (68)
[2016.04.14-09.38.42:169][378]LogModuleManager: Shutting down and abandoning module EditorStyle (67)
[2016.04.14-09.38.42:171][378]LogModuleManager: Shutting down and abandoning module SessionServices (66)
[2016.04.14-09.38.42:171][378]LogModuleManager: Shutting down and abandoning module SourceCodeAccess (65)
[2016.04.14-09.38.42:171][378]LogModuleManager: Shutting down and abandoning module HeadMountedDisplay (64)
[2016.04.14-09.38.42:171][378]LogModuleManager: Shutting down and abandoning module XAudio2 (63)
[2016.04.14-09.38.42:171][378]LogModuleManager: Shutting down and abandoning module Networking (61)
[2016.04.14-09.38.42:171][378]LogModuleManager: Shutting down and abandoning module Core (60)
[2016.04.14-09.38.42:171][378]LogModuleManager: Shutting down and abandoning module KismetCompiler (59)
[2016.04.14-09.38.42:171][378]LogModuleManager: Shutting down and abandoning module PhysXFormats (58)
[2016.04.14-09.38.42:171][378]LogModuleManager: Shutting down and abandoning module MeshUtilities (57)
[2016.04.14-09.38.42:171][378]LogModuleManager: Shutting down and abandoning module DerivedDataCache (56)
[2016.04.14-09.38.42:225][378]LogDerivedDataCache: Shutdown
[2016.04.14-09.38.42:225][378]LogModuleManager: Shutting down and abandoning module ShaderFormatOpenGL (55)
[2016.04.14-09.38.42:225][378]LogModuleManager: Shutting down and abandoning module ShaderFormatD3D (54)
[2016.04.14-09.38.42:225][378]LogModuleManager: Shutting down and abandoning module MetalShaderFormat (53)
[2016.04.14-09.38.42:225][378]LogModuleManager: Shutting down and abandoning module TextureFormatUncompressed (52)
[2016.04.14-09.38.42:225][378]LogModuleManager: Shutting down and abandoning module TextureFormatPVR (51)
[2016.04.14-09.38.42:225][378]LogModuleManager: Shutting down and abandoning module TextureFormatIntelISPCTexComp (50)
[2016.04.14-09.38.42:225][378]LogModuleManager: Shutting down and abandoning module TextureFormatDXT (49)
[2016.04.14-09.38.42:225][378]LogModuleManager: Shutting down and abandoning module ImageWrapper (48)
[2016.04.14-09.38.42:225][378]LogModuleManager: Shutting down and abandoning module TextureFormatASTC (47)
[2016.04.14-09.38.42:225][378]LogModuleManager: Shutting down and abandoning module TextureFormatAndroid (46)
[2016.04.14-09.38.42:225][378]LogModuleManager: Shutting down and abandoning module AudioFormatOpus (45)
[2016.04.14-09.38.42:225][378]LogModuleManager: Shutting down and abandoning module AudioFormatOgg (44)
[2016.04.14-09.38.42:225][378]LogModuleManager: Shutting down and abandoning module AudioFormatADPCM (43)
[2016.04.14-09.38.42:225][378]LogModuleManager: Shutting down and abandoning module LinuxTargetPlatform (42)
[2016.04.14-09.38.42:225][378]LogModuleManager: Shutting down and abandoning module LinuxServerTargetPlatform (41)
[2016.04.14-09.38.42:225][378]LogModuleManager: Shutting down and abandoning module LinuxNoEditorTargetPlatform (40)
[2016.04.14-09.38.42:225][378]LogModuleManager: Shutting down and abandoning module Messaging (39)
[2016.04.14-09.38.42:225][378]LogModuleManager: Shutting down and abandoning module IOSTargetPlatform (38)
[2016.04.14-09.38.42:225][378]LogModuleManager: Shutting down and abandoning module HTML5TargetPlatform (37)
[2016.04.14-09.38.42:225][378]LogModuleManager: Shutting down and abandoning module Android_PVRTCTargetPlatform (36)
[2016.04.14-09.38.42:225][378]LogModuleManager: Shutting down and abandoning module Android_MultiTargetPlatform (35)
[2016.04.14-09.38.42:225][378]LogModuleManager: Shutting down and abandoning module Android_ETC2TargetPlatform (34)
[2016.04.14-09.38.42:225][378]LogModuleManager: Shutting down and abandoning module Android_ETC1TargetPlatform (33)
[2016.04.14-09.38.42:225][378]LogModuleManager: Shutting down and abandoning module Android_DXTTargetPlatform (32)
[2016.04.14-09.38.42:225][378]LogModuleManager: Shutting down and abandoning module Android_ATCTargetPlatform (31)
[2016.04.14-09.38.42:225][378]LogModuleManager: Shutting down and abandoning module Android_ASTCTargetPlatform (30)
[2016.04.14-09.38.42:225][378]LogModuleManager: Shutting down and abandoning module AndroidTargetPlatform (29)
[2016.04.14-09.38.42:225][378]LogModuleManager: Shutting down and abandoning module WindowsTargetPlatform (28)
[2016.04.14-09.38.42:225][378]LogModuleManager: Shutting down and abandoning module WindowsServerTargetPlatform (27)
[2016.04.14-09.38.42:225][378]LogModuleManager: Shutting down and abandoning module WindowsNoEditorTargetPlatform (26)
[2016.04.14-09.38.42:225][378]LogModuleManager: Shutting down and abandoning module WindowsClientTargetPlatform (25)
[2016.04.14-09.38.42:225][378]LogModuleManager: Shutting down and abandoning module AllDesktopTargetPlatform (24)
[2016.04.14-09.38.42:225][378]LogModuleManager: Shutting down and abandoning module TargetPlatform (23)
[2016.04.14-09.38.42:225][378]LogModuleManager: Shutting down and abandoning module InputCore (22)
[2016.04.14-09.38.42:225][378]LogModuleManager: Shutting down and abandoning module Settings (21)
[2016.04.14-09.38.42:225][378]LogModuleManager: Shutting down and abandoning module OnlineSubsystem (19)
[2016.04.14-09.38.42:225][378]LogModuleManager: Shutting down and abandoning module HTTP (18)
[2016.04.14-09.38.44:228][378]LogModuleManager: Shutting down and abandoning module XMPP (17)
[2016.04.14-09.38.44:228][378]LogModuleManager: Shutting down and abandoning module OculusRift (16)
[2016.04.14-09.38.44:228][378]LogModuleManager: Shutting down and abandoning module ExampleDeviceProfileSelector (15)
[2016.04.14-09.38.44:228][378]LogModuleManager: Shutting down and abandoning module TextureCompressor (14)
[2016.04.14-09.38.44:228][378]LogModuleManager: Shutting down and abandoning module ShaderCore (13)
[2016.04.14-09.38.44:228][378]LogModuleManager: Shutting down and abandoning module Landscape (12)
[2016.04.14-09.38.44:228][378]LogModuleManager: Shutting down and abandoning module SlateRHIRenderer (11)
[2016.04.14-09.38.44:229][378]LogModuleManager: Shutting down and abandoning module OpenGLDrv (10)
[2016.04.14-09.38.44:229][378]LogModuleManager: Shutting down and abandoning module D3D11RHI (9)
[2016.04.14-09.38.44:229][378]LogModuleManager: Shutting down and abandoning module AnimGraphRuntime (8)
[2016.04.14-09.38.44:229][378]LogModuleManager: Shutting down and abandoning module Renderer (7)
[2016.04.14-09.38.44:230][378]LogModuleManager: Shutting down and abandoning module Engine (6)
[2016.04.14-09.38.44:230][378]LogModuleManager: Shutting down and abandoning module CoreUObject (5)
[2016.04.14-09.38.44:230][378]LogModuleManager: Shutting down and abandoning module NetworkFile (4)
[2016.04.14-09.38.44:230][378]LogModuleManager: Shutting down and abandoning module StreamingFile (3)
[2016.04.14-09.38.44:230][378]LogModuleManager: Shutting down and abandoning module SandboxFile (2)
[2016.04.14-09.38.44:230][378]LogModuleManager: Shutting down and abandoning module PakFile (1)
[2016.04.14-09.38.44:231][378]LogExit: Exiting.
[2016.04.14-09.38.44:232][378]Log file closed, 04/14/16 10:38:44
